-- Found ament_cmake: 1.3.10 (/opt/ros/humble/share/ament_cmake/cmake)
-- Override CMake install command with custom implementation using symlinks instead of copying resources
-- Configuring done
-- Generating done
-- Build files have been written to: /home/eea/create3_ws/build/irobot_create_ignition_sim
-- Install configuration: ""
-- Execute custom install script
-- Symlinking: /home/eea/create3_ws/install/irobot_create_ignition_sim/share/ament_index/resource_index/package_run_dependencies/irobot_create_ignition_sim
-- Symlinking: /home/eea/create3_ws/install/irobot_create_ignition_sim/share/ament_index/resource_index/parent_prefix_path/irobot_create_ignition_sim
-- Symlinking: /home/eea/create3_ws/install/irobot_create_ignition_sim/share/irobot_create_ignition_sim/environment/ament_prefix_path.sh
-- Symlinking: /home/eea/create3_ws/install/irobot_create_ignition_sim/share/irobot_create_ignition_sim/environment/ament_prefix_path.dsv
-- Symlinking: /home/eea/create3_ws/install/irobot_create_ignition_sim/share/irobot_create_ignition_sim/environment/path.sh
-- Symlinking: /home/eea/create3_ws/install/irobot_create_ignition_sim/share/irobot_create_ignition_sim/environment/path.dsv
-- Symlinking: /home/eea/create3_ws/install/irobot_create_ignition_sim/share/irobot_create_ignition_sim/local_setup.bash
-- Symlinking: /home/eea/create3_ws/install/irobot_create_ignition_sim/share/irobot_create_ignition_sim/local_setup.sh
-- Symlinking: /home/eea/create3_ws/install/irobot_create_ignition_sim/share/irobot_create_ignition_sim/local_setup.zsh
-- Symlinking: /home/eea/create3_ws/install/irobot_create_ignition_sim/share/irobot_create_ignition_sim/local_setup.dsv
-- Symlinking: /home/eea/create3_ws/install/irobot_create_ignition_sim/share/irobot_create_ignition_sim/package.dsv
-- Symlinking: /home/eea/create3_ws/install/irobot_create_ignition_sim/share/ament_index/resource_index/packages/irobot_create_ignition_sim
-- Symlinking: /home/eea/create3_ws/install/irobot_create_ignition_sim/share/irobot_create_ignition_sim/cmake/irobot_create_ignition_simConfig.cmake
-- Symlinking: /home/eea/create3_ws/install/irobot_create_ignition_sim/share/irobot_create_ignition_sim/cmake/irobot_create_ignition_simConfig-version.cmake
-- Symlinking: /home/eea/create3_ws/install/irobot_create_ignition_sim/share/irobot_create_ignition_sim/package.xml
