[0.014s] Invoking command in '/home/eea/create3_ws/build/irobot_create_description': CMAKE_PREFIX_PATH=/opt/ros/humble /usr/bin/cmake /home/eea/create3_ws/src/create3_sim/irobot_create_common/irobot_create_description -DAMENT_CMAKE_SYMLINK_INSTALL=1 -DCMAKE_INSTALL_PREFIX=/home/eea/create3_ws/install/irobot_create_description
[0.184s] -- The C compiler identification is GNU 11.4.0
[0.315s] -- The CXX compiler identification is GNU 11.4.0
[0.323s] -- Detecting C compiler ABI info
[0.403s] -- Detecting C compiler ABI info - done
[0.410s] -- Check for working C compiler: /usr/bin/cc - skipped
[0.410s] -- Detecting C compile features
[0.411s] -- Detecting C compile features - done
[0.415s] -- Detecting CXX compiler ABI info
[0.491s] -- Detecting CXX compiler ABI info - done
[0.506s] -- Check for working CXX compiler: /usr/bin/c++ - skipped
[0.506s] -- Detecting CXX compile features
[0.507s] -- Detecting CXX compile features - done
[0.514s] -- Found ament_cmake: 1.3.10 (/opt/ros/humble/share/ament_cmake/cmake)
[0.672s] -- Found Python3: /usr/bin/python3 (found version "3.10.12") found components: Interpreter 
[0.744s] -- Override CMake install command with custom implementation using symlinks instead of copying resources
[0.774s] -- Found ament_lint_auto: 0.12.11 (/opt/ros/humble/share/ament_lint_auto/cmake)
[0.853s] -- Added test 'lint_cmake' to check CMake code style
[0.856s] -- Configuring done
[0.859s] -- Generating done
[0.862s] -- Build files have been written to: /home/eea/create3_ws/build/irobot_create_description
[0.869s] Invoked command in '/home/eea/create3_ws/build/irobot_create_description' returned '0': CMAKE_PREFIX_PATH=/opt/ros/humble /usr/bin/cmake /home/eea/create3_ws/src/create3_sim/irobot_create_common/irobot_create_description -DAMENT_CMAKE_SYMLINK_INSTALL=1 -DCMAKE_INSTALL_PREFIX=/home/eea/create3_ws/install/irobot_create_description
[0.871s] Invoking command in '/home/eea/create3_ws/build/irobot_create_description': CMAKE_PREFIX_PATH=/opt/ros/humble /usr/bin/cmake --build /home/eea/create3_ws/build/irobot_create_description -- -j8 -l8
[0.907s] Invoked command in '/home/eea/create3_ws/build/irobot_create_description' returned '0': CMAKE_PREFIX_PATH=/opt/ros/humble /usr/bin/cmake --build /home/eea/create3_ws/build/irobot_create_description -- -j8 -l8
[0.920s] Invoking command in '/home/eea/create3_ws/build/irobot_create_description': CMAKE_PREFIX_PATH=/opt/ros/humble /usr/bin/cmake --install /home/eea/create3_ws/build/irobot_create_description
[0.926s] -- Install configuration: ""
[0.927s] -- Execute custom install script
[0.927s] -- Symlinking: /home/eea/create3_ws/install/irobot_create_description/share/irobot_create_description//meshes/body_visual.dae
[0.937s] -- Symlinking: /home/eea/create3_ws/install/irobot_create_description/share/irobot_create_description//meshes/bumper_collision.dae
[0.946s] -- Symlinking: /home/eea/create3_ws/install/irobot_create_description/share/irobot_create_description//meshes/bumper_visual.dae
[0.955s] -- Symlinking: /home/eea/create3_ws/install/irobot_create_description/share/irobot_create_description//meshes/dock/visual.dae
[0.963s] -- Symlinking: /home/eea/create3_ws/install/irobot_create_description/share/irobot_create_description//urdf/bumper.urdf.xacro
[0.972s] -- Symlinking: /home/eea/create3_ws/install/irobot_create_description/share/irobot_create_description//urdf/button.urdf.xacro
[0.980s] -- Symlinking: /home/eea/create3_ws/install/irobot_create_description/share/irobot_create_description//urdf/caster.urdf.xacro
[0.989s] -- Symlinking: /home/eea/create3_ws/install/irobot_create_description/share/irobot_create_description//urdf/common_properties.urdf.xacro
[0.998s] -- Symlinking: /home/eea/create3_ws/install/irobot_create_description/share/irobot_create_description//urdf/create3.urdf.xacro
[1.007s] -- Symlinking: /home/eea/create3_ws/install/irobot_create_description/share/irobot_create_description//urdf/dock/ir_emitter.urdf.xacro
[1.015s] -- Symlinking: /home/eea/create3_ws/install/irobot_create_description/share/irobot_create_description//urdf/dock/standard_dock.urdf.xacro
[1.023s] -- Symlinking: /home/eea/create3_ws/install/irobot_create_description/share/irobot_create_description//urdf/sensors/cliff_sensor.urdf.xacro
[1.032s] -- Symlinking: /home/eea/create3_ws/install/irobot_create_description/share/irobot_create_description//urdf/sensors/imu.urdf.xacro
[1.041s] -- Symlinking: /home/eea/create3_ws/install/irobot_create_description/share/irobot_create_description//urdf/sensors/ir_intensity.urdf.xacro
[1.049s] -- Symlinking: /home/eea/create3_ws/install/irobot_create_description/share/irobot_create_description//urdf/sensors/ir_opcode_receivers.urdf.xacro
[1.057s] -- Symlinking: /home/eea/create3_ws/install/irobot_create_description/share/irobot_create_description//urdf/sensors/optical_mouse.urdf.xacro
[1.067s] -- Symlinking: /home/eea/create3_ws/install/irobot_create_description/share/irobot_create_description//urdf/wheel.urdf.xacro
[1.076s] -- Symlinking: /home/eea/create3_ws/install/irobot_create_description/share/irobot_create_description//urdf/wheel_drop.urdf.xacro
[1.085s] -- Symlinking: /home/eea/create3_ws/install/irobot_create_description/share/irobot_create_description//urdf/wheel_with_wheeldrop.urdf.xacro
[1.095s] -- Symlinking: /home/eea/create3_ws/install/irobot_create_description/share/ament_index/resource_index/package_run_dependencies/irobot_create_description
[1.103s] -- Symlinking: /home/eea/create3_ws/install/irobot_create_description/share/ament_index/resource_index/parent_prefix_path/irobot_create_description
[1.112s] -- Symlinking: /home/eea/create3_ws/install/irobot_create_description/share/irobot_create_description/environment/ament_prefix_path.sh
[1.121s] -- Symlinking: /home/eea/create3_ws/install/irobot_create_description/share/irobot_create_description/environment/ament_prefix_path.dsv
[1.130s] -- Symlinking: /home/eea/create3_ws/install/irobot_create_description/share/irobot_create_description/environment/path.sh
[1.139s] -- Symlinking: /home/eea/create3_ws/install/irobot_create_description/share/irobot_create_description/environment/path.dsv
[1.148s] -- Symlinking: /home/eea/create3_ws/install/irobot_create_description/share/irobot_create_description/local_setup.bash
[1.156s] -- Symlinking: /home/eea/create3_ws/install/irobot_create_description/share/irobot_create_description/local_setup.sh
[1.164s] -- Symlinking: /home/eea/create3_ws/install/irobot_create_description/share/irobot_create_description/local_setup.zsh
[1.172s] -- Symlinking: /home/eea/create3_ws/install/irobot_create_description/share/irobot_create_description/local_setup.dsv
[1.180s] -- Symlinking: /home/eea/create3_ws/install/irobot_create_description/share/irobot_create_description/package.dsv
[1.189s] -- Symlinking: /home/eea/create3_ws/install/irobot_create_description/share/ament_index/resource_index/packages/irobot_create_description
[1.197s] -- Symlinking: /home/eea/create3_ws/install/irobot_create_description/share/irobot_create_description/cmake/irobot_create_descriptionConfig.cmake
[1.205s] -- Symlinking: /home/eea/create3_ws/install/irobot_create_description/share/irobot_create_description/cmake/irobot_create_descriptionConfig-version.cmake
[1.214s] -- Symlinking: /home/eea/create3_ws/install/irobot_create_description/share/irobot_create_description/package.xml
[1.226s] Invoked command in '/home/eea/create3_ws/build/irobot_create_description' returned '0': CMAKE_PREFIX_PATH=/opt/ros/humble /usr/bin/cmake --install /home/eea/create3_ws/build/irobot_create_description
