[0.016s] Invoking command in '/home/eea/create3_ws/build/irobot_create_ignition_plugins': CMAKE_PREFIX_PATH=/opt/ros/humble /usr/bin/cmake /home/eea/create3_ws/src/create3_sim/irobot_create_ignition/irobot_create_ignition_plugins -DAMENT_CMAKE_SYMLINK_INSTALL=1 -DCMAKE_INSTALL_PREFIX=/home/eea/create3_ws/install/irobot_create_ignition_plugins
[0.029s] -- Found ament_cmake: 1.3.10 (/opt/ros/humble/share/ament_cmake/cmake)
[0.156s] -- Override CMake install command with custom implementation using symlinks instead of copying resources
[0.401s] -- Found Protobuf: /usr/lib/x86_64-linux-gnu/libprotobuf.so (found suitable version "3.12.4", minimum required is "3") 
[0.887s] -- Found Protobuf: /usr/lib/x86_64-linux-gnu/libprotobuf.so (found version "3.12.4") 
[0.939s] -- Found ament_lint_auto: 0.12.11 (/opt/ros/humble/share/ament_lint_auto/cmake)
[1.011s] -- Added test 'cppcheck' to perform static code analysis on C / C++ code
[1.011s] -- Configured cppcheck include dirs: 
[1.011s] -- Configured cppcheck exclude dirs and/or files: 
[1.012s] -- Added test 'cpplint' to check C / C++ code against the Google style
[1.012s] -- Configured cpplint exclude dirs and/or files: 
[1.013s] -- Added test 'lint_cmake' to check CMake code style
[1.014s] -- Added test 'xmllint' to check XML markup files
[1.016s] -- Configuring done
[1.039s] -- Generating done
[1.044s] -- Build files have been written to: /home/eea/create3_ws/build/irobot_create_ignition_plugins
[1.060s] Invoked command in '/home/eea/create3_ws/build/irobot_create_ignition_plugins' returned '0': CMAKE_PREFIX_PATH=/opt/ros/humble /usr/bin/cmake /home/eea/create3_ws/src/create3_sim/irobot_create_ignition/irobot_create_ignition_plugins -DAMENT_CMAKE_SYMLINK_INSTALL=1 -DCMAKE_INSTALL_PREFIX=/home/eea/create3_ws/install/irobot_create_ignition_plugins
[1.063s] Invoking command in '/home/eea/create3_ws/build/irobot_create_ignition_plugins': CMAKE_PREFIX_PATH=/opt/ros/humble /usr/bin/cmake --build /home/eea/create3_ws/build/irobot_create_ignition_plugins -- -j8 -l8
[1.107s] [ 50%] [34m[1mAutomatic MOC for target Create3Hmi[0m
[1.127s] [ 50%] Built target Create3Hmi_autogen
[1.138s] [35m[1mConsolidate compiler generated dependencies of target Create3Hmi[0m
[1.160s] [ 50%] Built target Create3Hmi
[1.170s] Invoked command in '/home/eea/create3_ws/build/irobot_create_ignition_plugins' returned '0': CMAKE_PREFIX_PATH=/opt/ros/humble /usr/bin/cmake --build /home/eea/create3_ws/build/irobot_create_ignition_plugins -- -j8 -l8
[1.172s] Invoking command in '/home/eea/create3_ws/build/irobot_create_ignition_plugins': CMAKE_PREFIX_PATH=/opt/ros/humble /usr/bin/cmake --install /home/eea/create3_ws/build/irobot_create_ignition_plugins
[1.178s] -- Install configuration: ""
[1.179s] -- Execute custom install script
[1.179s] -- Up-to-date symlink: /home/eea/create3_ws/install/irobot_create_ignition_plugins/share/irobot_create_ignition_plugins/lib/libCreate3Hmi.so
[1.179s] -- Up-to-date symlink: /home/eea/create3_ws/install/irobot_create_ignition_plugins/share/ament_index/resource_index/package_run_dependencies/irobot_create_ignition_plugins
[1.179s] -- Up-to-date symlink: /home/eea/create3_ws/install/irobot_create_ignition_plugins/share/ament_index/resource_index/parent_prefix_path/irobot_create_ignition_plugins
[1.180s] -- Up-to-date symlink: /home/eea/create3_ws/install/irobot_create_ignition_plugins/share/irobot_create_ignition_plugins/environment/ament_prefix_path.sh
[1.180s] -- Up-to-date symlink: /home/eea/create3_ws/install/irobot_create_ignition_plugins/share/irobot_create_ignition_plugins/environment/ament_prefix_path.dsv
[1.180s] -- Up-to-date symlink: /home/eea/create3_ws/install/irobot_create_ignition_plugins/share/irobot_create_ignition_plugins/environment/path.sh
[1.180s] -- Up-to-date symlink: /home/eea/create3_ws/install/irobot_create_ignition_plugins/share/irobot_create_ignition_plugins/environment/path.dsv
[1.180s] -- Up-to-date symlink: /home/eea/create3_ws/install/irobot_create_ignition_plugins/share/irobot_create_ignition_plugins/local_setup.bash
[1.181s] -- Up-to-date symlink: /home/eea/create3_ws/install/irobot_create_ignition_plugins/share/irobot_create_ignition_plugins/local_setup.sh
[1.182s] -- Up-to-date symlink: /home/eea/create3_ws/install/irobot_create_ignition_plugins/share/irobot_create_ignition_plugins/local_setup.zsh
[1.182s] -- Up-to-date symlink: /home/eea/create3_ws/install/irobot_create_ignition_plugins/share/irobot_create_ignition_plugins/local_setup.dsv
[1.182s] -- Symlinking: /home/eea/create3_ws/install/irobot_create_ignition_plugins/share/irobot_create_ignition_plugins/package.dsv
[1.190s] -- Up-to-date symlink: /home/eea/create3_ws/install/irobot_create_ignition_plugins/share/ament_index/resource_index/packages/irobot_create_ignition_plugins
[1.191s] -- Up-to-date symlink: /home/eea/create3_ws/install/irobot_create_ignition_plugins/share/irobot_create_ignition_plugins/cmake/irobot_create_ignition_pluginsConfig.cmake
[1.191s] -- Up-to-date symlink: /home/eea/create3_ws/install/irobot_create_ignition_plugins/share/irobot_create_ignition_plugins/cmake/irobot_create_ignition_pluginsConfig-version.cmake
[1.191s] -- Up-to-date symlink: /home/eea/create3_ws/install/irobot_create_ignition_plugins/share/irobot_create_ignition_plugins/package.xml
[1.194s] Invoked command in '/home/eea/create3_ws/build/irobot_create_ignition_plugins' returned '0': CMAKE_PREFIX_PATH=/opt/ros/humble /usr/bin/cmake --install /home/eea/create3_ws/build/irobot_create_ignition_plugins
