[0.021s] Invoking command in '/home/eea/create3_ws/build/irobot_create_description': CMAKE_PREFIX_PATH=/opt/ros/humble /usr/bin/cmake /home/eea/create3_ws/src/create3_sim/irobot_create_common/irobot_create_description -DCMAKE_INSTALL_PREFIX=/home/eea/create3_ws/install/irobot_create_description
[0.069s] -- Found ament_cmake: 1.3.10 (/opt/ros/humble/share/ament_cmake/cmake)
[0.231s] -- Override CMake install command with custom implementation using symlinks instead of copying resources
[0.260s] -- Found ament_lint_auto: 0.12.11 (/opt/ros/humble/share/ament_lint_auto/cmake)
[0.523s] -- Added test 'lint_cmake' to check CMake code style
[0.532s] -- Configuring done
[0.548s] -- Generating done
[0.551s] -- Build files have been written to: /home/eea/create3_ws/build/irobot_create_description
[0.577s] Invoked command in '/home/eea/create3_ws/build/irobot_create_description' returned '0': CMAKE_PREFIX_PATH=/opt/ros/humble /usr/bin/cmake /home/eea/create3_ws/src/create3_sim/irobot_create_common/irobot_create_description -DCMAKE_INSTALL_PREFIX=/home/eea/create3_ws/install/irobot_create_description
[0.584s] Invoking command in '/home/eea/create3_ws/build/irobot_create_description': CMAKE_PREFIX_PATH=/opt/ros/humble /usr/bin/cmake --build /home/eea/create3_ws/build/irobot_create_description -- -j8 -l8
[0.697s] Invoked command in '/home/eea/create3_ws/build/irobot_create_description' returned '0': CMAKE_PREFIX_PATH=/opt/ros/humble /usr/bin/cmake --build /home/eea/create3_ws/build/irobot_create_description -- -j8 -l8
[0.703s] Invoking command in '/home/eea/create3_ws/build/irobot_create_description': CMAKE_PREFIX_PATH=/opt/ros/humble /usr/bin/cmake --install /home/eea/create3_ws/build/irobot_create_description
[0.723s] -- Install configuration: ""
[0.724s] -- Execute custom install script
[0.725s] -- Up-to-date symlink: /home/eea/create3_ws/install/irobot_create_description/share/irobot_create_description//meshes/body_visual.dae
[0.725s] -- Up-to-date symlink: /home/eea/create3_ws/install/irobot_create_description/share/irobot_create_description//meshes/bumper_collision.dae
[0.725s] -- Up-to-date symlink: /home/eea/create3_ws/install/irobot_create_description/share/irobot_create_description//meshes/bumper_visual.dae
[0.725s] -- Up-to-date symlink: /home/eea/create3_ws/install/irobot_create_description/share/irobot_create_description//meshes/dock/visual.dae
[0.726s] -- Up-to-date symlink: /home/eea/create3_ws/install/irobot_create_description/share/irobot_create_description//urdf/bumper.urdf.xacro
[0.726s] -- Up-to-date symlink: /home/eea/create3_ws/install/irobot_create_description/share/irobot_create_description//urdf/button.urdf.xacro
[0.726s] -- Up-to-date symlink: /home/eea/create3_ws/install/irobot_create_description/share/irobot_create_description//urdf/caster.urdf.xacro
[0.727s] -- Up-to-date symlink: /home/eea/create3_ws/install/irobot_create_description/share/irobot_create_description//urdf/common_properties.urdf.xacro
[0.727s] -- Up-to-date symlink: /home/eea/create3_ws/install/irobot_create_description/share/irobot_create_description//urdf/create3.urdf.xacro
[0.727s] -- Up-to-date symlink: /home/eea/create3_ws/install/irobot_create_description/share/irobot_create_description//urdf/dock/ir_emitter.urdf.xacro
[0.727s] -- Up-to-date symlink: /home/eea/create3_ws/install/irobot_create_description/share/irobot_create_description//urdf/dock/standard_dock.urdf.xacro
[0.728s] -- Up-to-date symlink: /home/eea/create3_ws/install/irobot_create_description/share/irobot_create_description//urdf/sensors/cliff_sensor.urdf.xacro
[0.728s] -- Up-to-date symlink: /home/eea/create3_ws/install/irobot_create_description/share/irobot_create_description//urdf/sensors/imu.urdf.xacro
[0.728s] -- Up-to-date symlink: /home/eea/create3_ws/install/irobot_create_description/share/irobot_create_description//urdf/sensors/ir_intensity.urdf.xacro
[0.728s] -- Up-to-date symlink: /home/eea/create3_ws/install/irobot_create_description/share/irobot_create_description//urdf/sensors/ir_opcode_receivers.urdf.xacro
[0.729s] -- Up-to-date symlink: /home/eea/create3_ws/install/irobot_create_description/share/irobot_create_description//urdf/sensors/optical_mouse.urdf.xacro
[0.729s] -- Up-to-date symlink: /home/eea/create3_ws/install/irobot_create_description/share/irobot_create_description//urdf/wheel.urdf.xacro
[0.729s] -- Up-to-date symlink: /home/eea/create3_ws/install/irobot_create_description/share/irobot_create_description//urdf/wheel_drop.urdf.xacro
[0.729s] -- Up-to-date symlink: /home/eea/create3_ws/install/irobot_create_description/share/irobot_create_description//urdf/wheel_with_wheeldrop.urdf.xacro
[0.729s] -- Up-to-date symlink: /home/eea/create3_ws/install/irobot_create_description/share/ament_index/resource_index/package_run_dependencies/irobot_create_description
[0.729s] -- Up-to-date symlink: /home/eea/create3_ws/install/irobot_create_description/share/ament_index/resource_index/parent_prefix_path/irobot_create_description
[0.729s] -- Up-to-date symlink: /home/eea/create3_ws/install/irobot_create_description/share/irobot_create_description/environment/ament_prefix_path.sh
[0.730s] -- Up-to-date symlink: /home/eea/create3_ws/install/irobot_create_description/share/irobot_create_description/environment/ament_prefix_path.dsv
[0.731s] -- Up-to-date symlink: /home/eea/create3_ws/install/irobot_create_description/share/irobot_create_description/environment/path.sh
[0.731s] -- Up-to-date symlink: /home/eea/create3_ws/install/irobot_create_description/share/irobot_create_description/environment/path.dsv
[0.732s] -- Up-to-date symlink: /home/eea/create3_ws/install/irobot_create_description/share/irobot_create_description/local_setup.bash
[0.732s] -- Up-to-date symlink: /home/eea/create3_ws/install/irobot_create_description/share/irobot_create_description/local_setup.sh
[0.732s] -- Up-to-date symlink: /home/eea/create3_ws/install/irobot_create_description/share/irobot_create_description/local_setup.zsh
[0.732s] -- Up-to-date symlink: /home/eea/create3_ws/install/irobot_create_description/share/irobot_create_description/local_setup.dsv
[0.732s] -- Symlinking: /home/eea/create3_ws/install/irobot_create_description/share/irobot_create_description/package.dsv
[0.760s] -- Up-to-date symlink: /home/eea/create3_ws/install/irobot_create_description/share/ament_index/resource_index/packages/irobot_create_description
[0.765s] -- Up-to-date symlink: /home/eea/create3_ws/install/irobot_create_description/share/irobot_create_description/cmake/irobot_create_descriptionConfig.cmake
[0.765s] -- Up-to-date symlink: /home/eea/create3_ws/install/irobot_create_description/share/irobot_create_description/cmake/irobot_create_descriptionConfig-version.cmake
[0.765s] -- Up-to-date symlink: /home/eea/create3_ws/install/irobot_create_description/share/irobot_create_description/package.xml
[0.839s] Invoked command in '/home/eea/create3_ws/build/irobot_create_description' returned '0': CMAKE_PREFIX_PATH=/opt/ros/humble /usr/bin/cmake --install /home/eea/create3_ws/build/irobot_create_description
