[0.064s] Invoking command in '/home/eea/create3_ws/build/irobot_create_nodes': CMAKE_PREFIX_PATH=/home/eea/create3_ws/install/irobot_create_toolbox:/home/eea/create3_ws/install/irobot_create_ignition_sim:/home/eea/create3_ws/install/irobot_create_ignition_bringup:/home/eea/create3_ws/install/irobot_create_gazebo_sim:/home/eea/create3_ws/install/irobot_create_gazebo_bringup:/home/eea/create3_ws/install/irobot_create_common_bringup:/home/eea/create3_ws/install/irobot_create_nodes:/home/eea/create3_ws/install/irobot_create_ignition_toolbox:/home/eea/create3_ws/install/irobot_create_gazebo_plugins:/home/eea/create3_ws/install/irobot_create_ignition_plugins:/home/eea/create3_ws/install/irobot_create_description:/home/eea/create3_ws/install/irobot_create_control:/home/eea/create3_ws/install/locobot_pkg:/opt/ros/humble LD_LIBRARY_PATH=/home/eea/create3_ws/install/irobot_create_toolbox/lib:/home/eea/create3_ws/install/irobot_create_nodes/lib:/home/eea/create3_ws/install/irobot_create_ignition_toolbox/lib:/home/eea/create3_ws/install/irobot_create_gazebo_plugins/lib:/usr/lib/x86_64-linux-gnu/gazebo-11/plugins:/opt/ros/humble/opt/rviz_ogre_vendor/lib:/opt/ros/humble/lib/x86_64-linux-gnu:/opt/ros/humble/lib /usr/bin/cmake --build /home/eea/create3_ws/build/irobot_create_nodes -- -j8 -l8
[0.425s] [ 48%] Built target ir_intensity_publisher_lib
[0.438s] [ 48%] Built target hazards_vector_publisher
[0.458s] [ 48%] Built target hazard_publisher_lib
[0.470s] [ 48%] Built target motion_control
[0.490s] [ 48%] Built target ir_intensity_vector_publisher
[0.509s] [ 48%] Built target wheel_status_publisher
[0.556s] [ 48%] Built target motion_control_lib
[0.589s] [ 48%] Built target wheel_status_publisher_lib
[0.734s] [ 48%] Built target ui_mgr
[0.757s] [ 48%] Built target ui_mgr_lib
[0.805s] [ 48%] Built target kidnap_estimator_publisher
[0.849s] [ 48%] Built target mock_publisher_lib
[0.854s] [ 48%] Built target robot_state_lib
[0.871s] [ 48%] Built target robot_state
[0.873s] [ 48%] Built target kidnap_estimator_publisher_lib
[0.874s] [ 48%] Built target mock_publisher
[0.978s] Invoked command in '/home/eea/create3_ws/build/irobot_create_nodes' returned '0': CMAKE_PREFIX_PATH=/home/eea/create3_ws/install/irobot_create_toolbox:/home/eea/create3_ws/install/irobot_create_ignition_sim:/home/eea/create3_ws/install/irobot_create_ignition_bringup:/home/eea/create3_ws/install/irobot_create_gazebo_sim:/home/eea/create3_ws/install/irobot_create_gazebo_bringup:/home/eea/create3_ws/install/irobot_create_common_bringup:/home/eea/create3_ws/install/irobot_create_nodes:/home/eea/create3_ws/install/irobot_create_ignition_toolbox:/home/eea/create3_ws/install/irobot_create_gazebo_plugins:/home/eea/create3_ws/install/irobot_create_ignition_plugins:/home/eea/create3_ws/install/irobot_create_description:/home/eea/create3_ws/install/irobot_create_control:/home/eea/create3_ws/install/locobot_pkg:/opt/ros/humble LD_LIBRARY_PATH=/home/eea/create3_ws/install/irobot_create_toolbox/lib:/home/eea/create3_ws/install/irobot_create_nodes/lib:/home/eea/create3_ws/install/irobot_create_ignition_toolbox/lib:/home/eea/create3_ws/install/irobot_create_gazebo_plugins/lib:/usr/lib/x86_64-linux-gnu/gazebo-11/plugins:/opt/ros/humble/opt/rviz_ogre_vendor/lib:/opt/ros/humble/lib/x86_64-linux-gnu:/opt/ros/humble/lib /usr/bin/cmake --build /home/eea/create3_ws/build/irobot_create_nodes -- -j8 -l8
[1.019s] Invoking command in '/home/eea/create3_ws/build/irobot_create_nodes': CMAKE_PREFIX_PATH=/home/eea/create3_ws/install/irobot_create_toolbox:/home/eea/create3_ws/install/irobot_create_ignition_sim:/home/eea/create3_ws/install/irobot_create_ignition_bringup:/home/eea/create3_ws/install/irobot_create_gazebo_sim:/home/eea/create3_ws/install/irobot_create_gazebo_bringup:/home/eea/create3_ws/install/irobot_create_common_bringup:/home/eea/create3_ws/install/irobot_create_nodes:/home/eea/create3_ws/install/irobot_create_ignition_toolbox:/home/eea/create3_ws/install/irobot_create_gazebo_plugins:/home/eea/create3_ws/install/irobot_create_ignition_plugins:/home/eea/create3_ws/install/irobot_create_description:/home/eea/create3_ws/install/irobot_create_control:/home/eea/create3_ws/install/locobot_pkg:/opt/ros/humble LD_LIBRARY_PATH=/home/eea/create3_ws/install/irobot_create_toolbox/lib:/home/eea/create3_ws/install/irobot_create_nodes/lib:/home/eea/create3_ws/install/irobot_create_ignition_toolbox/lib:/home/eea/create3_ws/install/irobot_create_gazebo_plugins/lib:/usr/lib/x86_64-linux-gnu/gazebo-11/plugins:/opt/ros/humble/opt/rviz_ogre_vendor/lib:/opt/ros/humble/lib/x86_64-linux-gnu:/opt/ros/humble/lib /usr/bin/cmake --install /home/eea/create3_ws/build/irobot_create_nodes
[1.050s] -- Install configuration: ""
[1.054s] -- Execute custom install script
[1.055s] -- Up-to-date symlink: /home/eea/create3_ws/install/irobot_create_nodes/lib/irobot_create_nodes/hazards_vector_publisher
[1.056s] -- Up-to-date symlink: /home/eea/create3_ws/install/irobot_create_nodes/lib/irobot_create_nodes/ir_intensity_vector_publisher
[1.056s] -- Up-to-date symlink: /home/eea/create3_ws/install/irobot_create_nodes/lib/irobot_create_nodes/motion_control
[1.056s] -- Up-to-date symlink: /home/eea/create3_ws/install/irobot_create_nodes/lib/irobot_create_nodes/wheel_status_publisher
[1.056s] -- Up-to-date symlink: /home/eea/create3_ws/install/irobot_create_nodes/lib/irobot_create_nodes/robot_state
[1.057s] -- Up-to-date symlink: /home/eea/create3_ws/install/irobot_create_nodes/lib/irobot_create_nodes/ui_mgr
[1.057s] -- Up-to-date symlink: /home/eea/create3_ws/install/irobot_create_nodes/lib/irobot_create_nodes/mock_publisher
[1.057s] -- Up-to-date symlink: /home/eea/create3_ws/install/irobot_create_nodes/lib/irobot_create_nodes/kidnap_estimator_publisher
[1.057s] -- Up-to-date symlink: /home/eea/create3_ws/install/irobot_create_nodes/lib/libhazard_publisher_lib.so
[1.058s] -- Up-to-date symlink: /home/eea/create3_ws/install/irobot_create_nodes/lib/libir_intensity_publisher_lib.so
[1.058s] -- Up-to-date symlink: /home/eea/create3_ws/install/irobot_create_nodes/lib/libmotion_control_lib.so
[1.058s] -- Up-to-date symlink: /home/eea/create3_ws/install/irobot_create_nodes/lib/libwheel_status_publisher_lib.so
[1.059s] -- Up-to-date symlink: /home/eea/create3_ws/install/irobot_create_nodes/lib/librobot_state_lib.so
[1.059s] -- Up-to-date symlink: /home/eea/create3_ws/install/irobot_create_nodes/lib/libui_mgr_lib.so
[1.060s] -- Up-to-date symlink: /home/eea/create3_ws/install/irobot_create_nodes/lib/libmock_publisher_lib.so
[1.060s] -- Up-to-date symlink: /home/eea/create3_ws/install/irobot_create_nodes/lib/libkidnap_estimator_publisher_lib.so
[1.070s] -- Up-to-date symlink: /home/eea/create3_ws/install/irobot_create_nodes/include/irobot_create_nodes/hazards_vector_publisher.hpp
[1.072s] -- Up-to-date symlink: /home/eea/create3_ws/install/irobot_create_nodes/include/irobot_create_nodes/ir_intensity_vector_publisher.hpp
[1.073s] -- Up-to-date symlink: /home/eea/create3_ws/install/irobot_create_nodes/include/irobot_create_nodes/kidnap_estimator_publisher.hpp
[1.075s] -- Up-to-date symlink: /home/eea/create3_ws/install/irobot_create_nodes/include/irobot_create_nodes/mock_publisher.hpp
[1.075s] -- Up-to-date symlink: /home/eea/create3_ws/install/irobot_create_nodes/include/irobot_create_nodes/motion_control/behaviors_scheduler.hpp
[1.075s] -- Up-to-date symlink: /home/eea/create3_ws/install/irobot_create_nodes/include/irobot_create_nodes/motion_control/docking_behavior.hpp
[1.075s] -- Up-to-date symlink: /home/eea/create3_ws/install/irobot_create_nodes/include/irobot_create_nodes/motion_control/drive_goal_behaviors.hpp
[1.075s] -- Up-to-date symlink: /home/eea/create3_ws/install/irobot_create_nodes/include/irobot_create_nodes/motion_control/reflex_behavior.hpp
[1.075s] -- Up-to-date symlink: /home/eea/create3_ws/install/irobot_create_nodes/include/irobot_create_nodes/motion_control/simple_goal_controller.hpp
[1.075s] -- Up-to-date symlink: /home/eea/create3_ws/install/irobot_create_nodes/include/irobot_create_nodes/motion_control/wall_follow_behavior.hpp
[1.076s] -- Up-to-date symlink: /home/eea/create3_ws/install/irobot_create_nodes/include/irobot_create_nodes/motion_control/wall_follow_states.hpp
[1.076s] -- Up-to-date symlink: /home/eea/create3_ws/install/irobot_create_nodes/include/irobot_create_nodes/motion_control_node.hpp
[1.076s] -- Up-to-date symlink: /home/eea/create3_ws/install/irobot_create_nodes/include/irobot_create_nodes/robot_state.hpp
[1.076s] -- Up-to-date symlink: /home/eea/create3_ws/install/irobot_create_nodes/include/irobot_create_nodes/ui_mgr.hpp
[1.076s] -- Up-to-date symlink: /home/eea/create3_ws/install/irobot_create_nodes/include/irobot_create_nodes/wheels_publisher.hpp
[1.076s] -- Up-to-date symlink: /home/eea/create3_ws/install/irobot_create_nodes/share/irobot_create_nodes/environment/library_path.sh
[1.076s] -- Up-to-date symlink: /home/eea/create3_ws/install/irobot_create_nodes/share/irobot_create_nodes/environment/library_path.dsv
[1.077s] -- Up-to-date symlink: /home/eea/create3_ws/install/irobot_create_nodes/share/ament_index/resource_index/package_run_dependencies/irobot_create_nodes
[1.077s] -- Up-to-date symlink: /home/eea/create3_ws/install/irobot_create_nodes/share/ament_index/resource_index/parent_prefix_path/irobot_create_nodes
[1.077s] -- Up-to-date symlink: /home/eea/create3_ws/install/irobot_create_nodes/share/irobot_create_nodes/environment/ament_prefix_path.sh
[1.077s] -- Up-to-date symlink: /home/eea/create3_ws/install/irobot_create_nodes/share/irobot_create_nodes/environment/ament_prefix_path.dsv
[1.077s] -- Up-to-date symlink: /home/eea/create3_ws/install/irobot_create_nodes/share/irobot_create_nodes/environment/path.sh
[1.077s] -- Up-to-date symlink: /home/eea/create3_ws/install/irobot_create_nodes/share/irobot_create_nodes/environment/path.dsv
[1.077s] -- Up-to-date symlink: /home/eea/create3_ws/install/irobot_create_nodes/share/irobot_create_nodes/local_setup.bash
[1.078s] -- Up-to-date symlink: /home/eea/create3_ws/install/irobot_create_nodes/share/irobot_create_nodes/local_setup.sh
[1.078s] -- Up-to-date symlink: /home/eea/create3_ws/install/irobot_create_nodes/share/irobot_create_nodes/local_setup.zsh
[1.078s] -- Up-to-date symlink: /home/eea/create3_ws/install/irobot_create_nodes/share/irobot_create_nodes/local_setup.dsv
[1.078s] -- Symlinking: /home/eea/create3_ws/install/irobot_create_nodes/share/irobot_create_nodes/package.dsv
[1.127s] -- Up-to-date symlink: /home/eea/create3_ws/install/irobot_create_nodes/share/ament_index/resource_index/packages/irobot_create_nodes
[1.127s] -- Up-to-date symlink: /home/eea/create3_ws/install/irobot_create_nodes/share/ament_index/resource_index/rclcpp_components/irobot_create_nodes
[1.127s] -- Up-to-date symlink: /home/eea/create3_ws/install/irobot_create_nodes/share/irobot_create_nodes/cmake/ament_cmake_export_include_directories-extras.cmake
[1.127s] -- Up-to-date symlink: /home/eea/create3_ws/install/irobot_create_nodes/share/irobot_create_nodes/cmake/ament_cmake_export_libraries-extras.cmake
[1.129s] -- Up-to-date symlink: /home/eea/create3_ws/install/irobot_create_nodes/share/irobot_create_nodes/cmake/ament_cmake_export_dependencies-extras.cmake
[1.130s] -- Up-to-date symlink: /home/eea/create3_ws/install/irobot_create_nodes/share/irobot_create_nodes/cmake/irobot_create_nodesConfig.cmake
[1.130s] -- Up-to-date symlink: /home/eea/create3_ws/install/irobot_create_nodes/share/irobot_create_nodes/cmake/irobot_create_nodesConfig-version.cmake
[1.130s] -- Up-to-date symlink: /home/eea/create3_ws/install/irobot_create_nodes/share/irobot_create_nodes/package.xml
[1.141s] Invoked command in '/home/eea/create3_ws/build/irobot_create_nodes' returned '0': CMAKE_PREFIX_PATH=/home/eea/create3_ws/install/irobot_create_toolbox:/home/eea/create3_ws/install/irobot_create_ignition_sim:/home/eea/create3_ws/install/irobot_create_ignition_bringup:/home/eea/create3_ws/install/irobot_create_gazebo_sim:/home/eea/create3_ws/install/irobot_create_gazebo_bringup:/home/eea/create3_ws/install/irobot_create_common_bringup:/home/eea/create3_ws/install/irobot_create_nodes:/home/eea/create3_ws/install/irobot_create_ignition_toolbox:/home/eea/create3_ws/install/irobot_create_gazebo_plugins:/home/eea/create3_ws/install/irobot_create_ignition_plugins:/home/eea/create3_ws/install/irobot_create_description:/home/eea/create3_ws/install/irobot_create_control:/home/eea/create3_ws/install/locobot_pkg:/opt/ros/humble LD_LIBRARY_PATH=/home/eea/create3_ws/install/irobot_create_toolbox/lib:/home/eea/create3_ws/install/irobot_create_nodes/lib:/home/eea/create3_ws/install/irobot_create_ignition_toolbox/lib:/home/eea/create3_ws/install/irobot_create_gazebo_plugins/lib:/usr/lib/x86_64-linux-gnu/gazebo-11/plugins:/opt/ros/humble/opt/rviz_ogre_vendor/lib:/opt/ros/humble/lib/x86_64-linux-gnu:/opt/ros/humble/lib /usr/bin/cmake --install /home/eea/create3_ws/build/irobot_create_nodes
