[0.017s] Invoking command in '/home/eea/create3_ws/build/irobot_create_control': CMAKE_PREFIX_PATH=/opt/ros/humble /usr/bin/cmake --build /home/eea/create3_ws/build/irobot_create_control -- -j8 -l8
[0.053s] Invoked command in '/home/eea/create3_ws/build/irobot_create_control' returned '0': CMAKE_PREFIX_PATH=/opt/ros/humble /usr/bin/cmake --build /home/eea/create3_ws/build/irobot_create_control -- -j8 -l8
[0.063s] Invoking command in '/home/eea/create3_ws/build/irobot_create_control': CMAKE_PREFIX_PATH=/opt/ros/humble /usr/bin/cmake --install /home/eea/create3_ws/build/irobot_create_control
[0.070s] -- Install configuration: ""
[0.070s] -- Execute custom install script
[0.071s] -- Up-to-date symlink: /home/eea/create3_ws/install/irobot_create_control/share/irobot_create_control//launch/include/control.py
[0.071s] -- Up-to-date symlink: /home/eea/create3_ws/install/irobot_create_control/share/irobot_create_control//config/control.yaml
[0.071s] -- Up-to-date symlink: /home/eea/create3_ws/install/irobot_create_control/share/ament_index/resource_index/package_run_dependencies/irobot_create_control
[0.072s] -- Up-to-date symlink: /home/eea/create3_ws/install/irobot_create_control/share/ament_index/resource_index/parent_prefix_path/irobot_create_control
[0.072s] -- Up-to-date symlink: /home/eea/create3_ws/install/irobot_create_control/share/irobot_create_control/environment/ament_prefix_path.sh
[0.074s] -- Up-to-date symlink: /home/eea/create3_ws/install/irobot_create_control/share/irobot_create_control/environment/ament_prefix_path.dsv
[0.074s] -- Up-to-date symlink: /home/eea/create3_ws/install/irobot_create_control/share/irobot_create_control/environment/path.sh
[0.074s] -- Up-to-date symlink: /home/eea/create3_ws/install/irobot_create_control/share/irobot_create_control/environment/path.dsv
[0.075s] -- Up-to-date symlink: /home/eea/create3_ws/install/irobot_create_control/share/irobot_create_control/local_setup.bash
[0.077s] -- Up-to-date symlink: /home/eea/create3_ws/install/irobot_create_control/share/irobot_create_control/local_setup.sh
[0.077s] -- Up-to-date symlink: /home/eea/create3_ws/install/irobot_create_control/share/irobot_create_control/local_setup.zsh
[0.077s] -- Up-to-date symlink: /home/eea/create3_ws/install/irobot_create_control/share/irobot_create_control/local_setup.dsv
[0.077s] -- Symlinking: /home/eea/create3_ws/install/irobot_create_control/share/irobot_create_control/package.dsv
[0.083s] -- Up-to-date symlink: /home/eea/create3_ws/install/irobot_create_control/share/ament_index/resource_index/packages/irobot_create_control
[0.083s] -- Up-to-date symlink: /home/eea/create3_ws/install/irobot_create_control/share/irobot_create_control/cmake/irobot_create_controlConfig.cmake
[0.083s] -- Up-to-date symlink: /home/eea/create3_ws/install/irobot_create_control/share/irobot_create_control/cmake/irobot_create_controlConfig-version.cmake
[0.084s] -- Up-to-date symlink: /home/eea/create3_ws/install/irobot_create_control/share/irobot_create_control/package.xml
[0.088s] Invoked command in '/home/eea/create3_ws/build/irobot_create_control' returned '0': CMAKE_PREFIX_PATH=/opt/ros/humble /usr/bin/cmake --install /home/eea/create3_ws/build/irobot_create_control
