[0.015s] Invoking command in '/home/eea/create3_ws/build/irobot_create_control': CMAKE_PREFIX_PATH=/opt/ros/humble /usr/bin/cmake /home/eea/create3_ws/src/create3_sim/irobot_create_common/irobot_create_control -DAMENT_CMAKE_SYMLINK_INSTALL=1 -DCMAKE_INSTALL_PREFIX=/home/eea/create3_ws/install/irobot_create_control
[0.026s] -- Found ament_cmake: 1.3.10 (/opt/ros/humble/share/ament_cmake/cmake)
[0.143s] -- Override CMake install command with custom implementation using symlinks instead of copying resources
[0.151s] -- Found ament_lint_auto: 0.12.11 (/opt/ros/humble/share/ament_lint_auto/cmake)
[0.217s] -- Added test 'flake8' to check Python code syntax and style conventions
[0.218s] -- Added test 'lint_cmake' to check CMake code style
[0.218s] -- Added test 'pep257' to check Python code against some of the docstring style conventions in PEP 257
[0.219s] -- Added test 'xmllint' to check XML markup files
[0.220s] -- Configuring done
[0.223s] -- Generating done
[0.224s] -- Build files have been written to: /home/eea/create3_ws/build/irobot_create_control
[0.227s] Invoked command in '/home/eea/create3_ws/build/irobot_create_control' returned '0': CMAKE_PREFIX_PATH=/opt/ros/humble /usr/bin/cmake /home/eea/create3_ws/src/create3_sim/irobot_create_common/irobot_create_control -DAMENT_CMAKE_SYMLINK_INSTALL=1 -DCMAKE_INSTALL_PREFIX=/home/eea/create3_ws/install/irobot_create_control
[0.230s] Invoking command in '/home/eea/create3_ws/build/irobot_create_control': CMAKE_PREFIX_PATH=/opt/ros/humble /usr/bin/cmake --build /home/eea/create3_ws/build/irobot_create_control -- -j8 -l8
[0.276s] Invoked command in '/home/eea/create3_ws/build/irobot_create_control' returned '0': CMAKE_PREFIX_PATH=/opt/ros/humble /usr/bin/cmake --build /home/eea/create3_ws/build/irobot_create_control -- -j8 -l8
[0.277s] Invoking command in '/home/eea/create3_ws/build/irobot_create_control': CMAKE_PREFIX_PATH=/opt/ros/humble /usr/bin/cmake --install /home/eea/create3_ws/build/irobot_create_control
[0.286s] -- Install configuration: ""
[0.286s] -- Execute custom install script
[0.287s] -- Up-to-date symlink: /home/eea/create3_ws/install/irobot_create_control/share/irobot_create_control//launch/include/control.py
[0.287s] -- Up-to-date symlink: /home/eea/create3_ws/install/irobot_create_control/share/irobot_create_control//config/control.yaml
[0.288s] -- Up-to-date symlink: /home/eea/create3_ws/install/irobot_create_control/share/ament_index/resource_index/package_run_dependencies/irobot_create_control
[0.288s] -- Up-to-date symlink: /home/eea/create3_ws/install/irobot_create_control/share/ament_index/resource_index/parent_prefix_path/irobot_create_control
[0.288s] -- Up-to-date symlink: /home/eea/create3_ws/install/irobot_create_control/share/irobot_create_control/environment/ament_prefix_path.sh
[0.288s] -- Up-to-date symlink: /home/eea/create3_ws/install/irobot_create_control/share/irobot_create_control/environment/ament_prefix_path.dsv
[0.288s] -- Up-to-date symlink: /home/eea/create3_ws/install/irobot_create_control/share/irobot_create_control/environment/path.sh
[0.288s] -- Up-to-date symlink: /home/eea/create3_ws/install/irobot_create_control/share/irobot_create_control/environment/path.dsv
[0.288s] -- Up-to-date symlink: /home/eea/create3_ws/install/irobot_create_control/share/irobot_create_control/local_setup.bash
[0.288s] -- Up-to-date symlink: /home/eea/create3_ws/install/irobot_create_control/share/irobot_create_control/local_setup.sh
[0.288s] -- Up-to-date symlink: /home/eea/create3_ws/install/irobot_create_control/share/irobot_create_control/local_setup.zsh
[0.289s] -- Up-to-date symlink: /home/eea/create3_ws/install/irobot_create_control/share/irobot_create_control/local_setup.dsv
[0.289s] -- Symlinking: /home/eea/create3_ws/install/irobot_create_control/share/irobot_create_control/package.dsv
[0.297s] -- Up-to-date symlink: /home/eea/create3_ws/install/irobot_create_control/share/ament_index/resource_index/packages/irobot_create_control
[0.297s] -- Up-to-date symlink: /home/eea/create3_ws/install/irobot_create_control/share/irobot_create_control/cmake/irobot_create_controlConfig.cmake
[0.297s] -- Up-to-date symlink: /home/eea/create3_ws/install/irobot_create_control/share/irobot_create_control/cmake/irobot_create_controlConfig-version.cmake
[0.297s] -- Up-to-date symlink: /home/eea/create3_ws/install/irobot_create_control/share/irobot_create_control/package.xml
[0.324s] Invoked command in '/home/eea/create3_ws/build/irobot_create_control' returned '0': CMAKE_PREFIX_PATH=/opt/ros/humble /usr/bin/cmake --install /home/eea/create3_ws/build/irobot_create_control
