[0.017s] Invoking command in '/home/eea/create3_ws/build/irobot_create_toolbox': CMAKE_PREFIX_PATH=/opt/ros/humble /usr/bin/cmake /home/eea/create3_ws/src/create3_sim/irobot_create_common/irobot_create_toolbox -DAMENT_CMAKE_SYMLINK_INSTALL=1 -DCMAKE_INSTALL_PREFIX=/home/eea/create3_ws/install/irobot_create_toolbox
[0.029s] -- Found ament_cmake: 1.3.10 (/opt/ros/humble/share/ament_cmake/cmake)
[0.150s] -- Override CMake install command with custom implementation using symlinks instead of copying resources
[0.157s] -- Looking for ignition-math6 -- found version 6.15.1
[0.161s] -- Searching for dependencies of ignition-math6
[0.161s] -- Found rclcpp: 16.0.10 (/opt/ros/humble/share/rclcpp/cmake)
[0.187s] -- Found rosidl_generator_c: 3.1.5 (/opt/ros/humble/share/rosidl_generator_c/cmake)
[0.190s] -- Found rosidl_adapter: 3.1.5 (/opt/ros/humble/share/rosidl_adapter/cmake)
[0.196s] -- Found rosidl_generator_cpp: 3.1.5 (/opt/ros/humble/share/rosidl_generator_cpp/cmake)
[0.205s] -- Using all available rosidl_typesupport_c: rosidl_typesupport_fastrtps_c;rosidl_typesupport_introspection_c
[0.218s] -- Using all available rosidl_typesupport_cpp: rosidl_typesupport_fastrtps_cpp;rosidl_typesupport_introspection_cpp
[0.253s] -- Found rmw_implementation_cmake: 6.1.2 (/opt/ros/humble/share/rmw_implementation_cmake/cmake)
[0.254s] -- Found rmw_fastrtps_cpp: 6.2.7 (/opt/ros/humble/share/rmw_fastrtps_cpp/cmake)
[0.362s] -- Using RMW implementation 'rmw_fastrtps_cpp' as default
[0.411s] -- Found ament_lint_auto: 0.12.11 (/opt/ros/humble/share/ament_lint_auto/cmake)
[0.479s] -- Added test 'cppcheck' to perform static code analysis on C / C++ code
[0.480s] -- Configured cppcheck include dirs: /home/eea/create3_ws/src/create3_sim/irobot_create_common/irobot_create_toolbox/include
[0.480s] -- Configured cppcheck exclude dirs and/or files: 
[0.480s] -- Added test 'cpplint' to check C / C++ code against the Google style
[0.480s] -- Configured cpplint exclude dirs and/or files: 
[0.481s] -- Added test 'lint_cmake' to check CMake code style
[0.482s] -- Added test 'uncrustify' to check C / C++ code style
[0.482s] -- Configured uncrustify additional arguments: 
[0.482s] -- Added test 'xmllint' to check XML markup files
[0.484s] -- Configuring done
[0.491s] -- Generating done
[0.494s] -- Build files have been written to: /home/eea/create3_ws/build/irobot_create_toolbox
[0.503s] Invoked command in '/home/eea/create3_ws/build/irobot_create_toolbox' returned '0': CMAKE_PREFIX_PATH=/opt/ros/humble /usr/bin/cmake /home/eea/create3_ws/src/create3_sim/irobot_create_common/irobot_create_toolbox -DAMENT_CMAKE_SYMLINK_INSTALL=1 -DCMAKE_INSTALL_PREFIX=/home/eea/create3_ws/install/irobot_create_toolbox
[0.504s] Invoking command in '/home/eea/create3_ws/build/irobot_create_toolbox': CMAKE_PREFIX_PATH=/opt/ros/humble /usr/bin/cmake --build /home/eea/create3_ws/build/irobot_create_toolbox -- -j8 -l8
[0.540s] [35m[1mConsolidate compiler generated dependencies of target irobot_create_toolbox[0m
[0.552s] [100%] Built target irobot_create_toolbox
[0.562s] Invoked command in '/home/eea/create3_ws/build/irobot_create_toolbox' returned '0': CMAKE_PREFIX_PATH=/opt/ros/humble /usr/bin/cmake --build /home/eea/create3_ws/build/irobot_create_toolbox -- -j8 -l8
[0.563s] Invoking command in '/home/eea/create3_ws/build/irobot_create_toolbox': CMAKE_PREFIX_PATH=/opt/ros/humble /usr/bin/cmake --install /home/eea/create3_ws/build/irobot_create_toolbox
[0.570s] -- Install configuration: ""
[0.570s] -- Execute custom install script
[0.571s] -- Up-to-date symlink: /home/eea/create3_ws/install/irobot_create_toolbox/lib/libirobot_create_toolbox.so
[0.571s] -- Up-to-date symlink: /home/eea/create3_ws/install/irobot_create_toolbox/include/irobot_create_toolbox/math.hpp
[0.571s] -- Up-to-date symlink: /home/eea/create3_ws/install/irobot_create_toolbox/include/irobot_create_toolbox/polar_coordinates.hpp
[0.571s] -- Up-to-date symlink: /home/eea/create3_ws/install/irobot_create_toolbox/include/irobot_create_toolbox/sensors/bumpers.hpp
[0.571s] -- Up-to-date symlink: /home/eea/create3_ws/install/irobot_create_toolbox/share/irobot_create_toolbox/environment/library_path.sh
[0.572s] -- Up-to-date symlink: /home/eea/create3_ws/install/irobot_create_toolbox/share/irobot_create_toolbox/environment/library_path.dsv
[0.572s] -- Up-to-date symlink: /home/eea/create3_ws/install/irobot_create_toolbox/share/ament_index/resource_index/package_run_dependencies/irobot_create_toolbox
[0.572s] -- Up-to-date symlink: /home/eea/create3_ws/install/irobot_create_toolbox/share/ament_index/resource_index/parent_prefix_path/irobot_create_toolbox
[0.572s] -- Up-to-date symlink: /home/eea/create3_ws/install/irobot_create_toolbox/share/irobot_create_toolbox/environment/ament_prefix_path.sh
[0.572s] -- Up-to-date symlink: /home/eea/create3_ws/install/irobot_create_toolbox/share/irobot_create_toolbox/environment/ament_prefix_path.dsv
[0.572s] -- Up-to-date symlink: /home/eea/create3_ws/install/irobot_create_toolbox/share/irobot_create_toolbox/environment/path.sh
[0.572s] -- Up-to-date symlink: /home/eea/create3_ws/install/irobot_create_toolbox/share/irobot_create_toolbox/environment/path.dsv
[0.573s] -- Up-to-date symlink: /home/eea/create3_ws/install/irobot_create_toolbox/share/irobot_create_toolbox/local_setup.bash
[0.573s] -- Up-to-date symlink: /home/eea/create3_ws/install/irobot_create_toolbox/share/irobot_create_toolbox/local_setup.sh
[0.573s] -- Up-to-date symlink: /home/eea/create3_ws/install/irobot_create_toolbox/share/irobot_create_toolbox/local_setup.zsh
[0.573s] -- Up-to-date symlink: /home/eea/create3_ws/install/irobot_create_toolbox/share/irobot_create_toolbox/local_setup.dsv
[0.573s] -- Symlinking: /home/eea/create3_ws/install/irobot_create_toolbox/share/irobot_create_toolbox/package.dsv
[0.581s] -- Up-to-date symlink: /home/eea/create3_ws/install/irobot_create_toolbox/share/ament_index/resource_index/packages/irobot_create_toolbox
[0.581s] -- Up-to-date symlink: /home/eea/create3_ws/install/irobot_create_toolbox/share/irobot_create_toolbox/cmake/ament_cmake_export_include_directories-extras.cmake
[0.581s] -- Up-to-date symlink: /home/eea/create3_ws/install/irobot_create_toolbox/share/irobot_create_toolbox/cmake/ament_cmake_export_libraries-extras.cmake
[0.581s] -- Up-to-date symlink: /home/eea/create3_ws/install/irobot_create_toolbox/share/irobot_create_toolbox/cmake/ament_cmake_export_dependencies-extras.cmake
[0.582s] -- Up-to-date symlink: /home/eea/create3_ws/install/irobot_create_toolbox/share/irobot_create_toolbox/cmake/irobot_create_toolboxConfig.cmake
[0.582s] -- Up-to-date symlink: /home/eea/create3_ws/install/irobot_create_toolbox/share/irobot_create_toolbox/cmake/irobot_create_toolboxConfig-version.cmake
[0.582s] -- Up-to-date symlink: /home/eea/create3_ws/install/irobot_create_toolbox/share/irobot_create_toolbox/package.xml
[0.584s] Invoked command in '/home/eea/create3_ws/build/irobot_create_toolbox' returned '0': CMAKE_PREFIX_PATH=/opt/ros/humble /usr/bin/cmake --install /home/eea/create3_ws/build/irobot_create_toolbox
