[0.018s] Invoking command in '/home/eea/create3_ws/build/irobot_create_gazebo_plugins': AMENT_PREFIX_PATH=/home/eea/create3_ws/install/irobot_create_toolbox:${AMENT_PREFIX_PATH} CMAKE_PREFIX_PATH=/home/eea/create3_ws/install/irobot_create_toolbox:/opt/ros/humble LD_LIBRARY_PATH=/home/eea/create3_ws/install/irobot_create_toolbox/lib:${LD_LIBRARY_PATH} /usr/bin/cmake /home/eea/create3_ws/src/create3_sim/irobot_create_gazebo/irobot_create_gazebo_plugins -DCMAKE_INSTALL_PREFIX=/home/eea/create3_ws/install/irobot_create_gazebo_plugins
[0.034s] -- Found ament_cmake: 1.3.10 (/opt/ros/humble/share/ament_cmake/cmake)
[0.214s] -- Override CMake install command with custom implementation using symlinks instead of copying resources
[0.224s] -- Found geometry_msgs: 4.2.4 (/opt/ros/humble/share/geometry_msgs/cmake)
[0.249s] -- Found rosidl_generator_c: 3.1.5 (/opt/ros/humble/share/rosidl_generator_c/cmake)
[0.252s] -- Found rosidl_adapter: 3.1.5 (/opt/ros/humble/share/rosidl_adapter/cmake)
[0.259s] -- Found rosidl_generator_cpp: 3.1.5 (/opt/ros/humble/share/rosidl_generator_cpp/cmake)
[0.269s] -- Using all available rosidl_typesupport_c: rosidl_typesupport_fastrtps_c;rosidl_typesupport_introspection_c
[0.282s] -- Using all available rosidl_typesupport_cpp: rosidl_typesupport_fastrtps_cpp;rosidl_typesupport_introspection_cpp
[0.324s] -- Found irobot_create_msgs: 2.1.0 (/opt/ros/humble/share/irobot_create_msgs/cmake)
[0.374s] -- Found irobot_create_toolbox: 2.1.0 (/home/eea/create3_ws/install/irobot_create_toolbox/share/irobot_create_toolbox/cmake)
[0.406s] -- Found rmw_implementation_cmake: 6.1.2 (/opt/ros/humble/share/rmw_implementation_cmake/cmake)
[0.408s] -- Found rmw_fastrtps_cpp: 6.2.7 (/opt/ros/humble/share/rmw_fastrtps_cpp/cmake)
[0.524s] -- Using RMW implementation 'rmw_fastrtps_cpp' as default
[0.591s] -- Found sensor_msgs: 4.2.4 (/opt/ros/humble/share/sensor_msgs/cmake)
[0.669s] -- Found DART: /usr/include (Required is at least version "6.6") found components: dart 
[0.717s] -- Found Protobuf: /usr/lib/x86_64-linux-gnu/libprotobuf.so (found version "3.12.4") 
[0.721s] -- Looking for ignition-math6 -- found version 6.15.1
[0.722s] -- Looking for OGRE...
[0.729s] -- Found Ogre Ghadamon (1.9.0)
[0.730s] -- Found OGRE: optimized;/usr/lib/x86_64-linux-gnu/libOgreMain.so;debug;/usr/lib/x86_64-linux-gnu/libOgreMain.so
[0.740s] -- Looking for OGRE_Paging...
[0.740s] -- Found OGRE_Paging: optimized;/usr/lib/x86_64-linux-gnu/libOgrePaging.so;debug;/usr/lib/x86_64-linux-gnu/libOgrePaging.so
[0.740s] -- Looking for OGRE_Terrain...
[0.740s] -- Found OGRE_Terrain: optimized;/usr/lib/x86_64-linux-gnu/libOgreTerrain.so;debug;/usr/lib/x86_64-linux-gnu/libOgreTerrain.so
[0.741s] -- Looking for OGRE_Property...
[0.741s] -- Found OGRE_Property: optimized;/usr/lib/x86_64-linux-gnu/libOgreProperty.so;debug;/usr/lib/x86_64-linux-gnu/libOgreProperty.so
[0.741s] -- Looking for OGRE_RTShaderSystem...
[0.741s] -- Found OGRE_RTShaderSystem: optimized;/usr/lib/x86_64-linux-gnu/libOgreRTShaderSystem.so;debug;/usr/lib/x86_64-linux-gnu/libOgreRTShaderSystem.so
[0.741s] -- Looking for OGRE_Volume...
[0.741s] -- Found OGRE_Volume: optimized;/usr/lib/x86_64-linux-gnu/libOgreVolume.so;debug;/usr/lib/x86_64-linux-gnu/libOgreVolume.so
[0.741s] -- Looking for OGRE_Overlay...
[0.741s] -- Found OGRE_Overlay: optimized;/usr/lib/x86_64-linux-gnu/libOgreOverlay.so;debug;/usr/lib/x86_64-linux-gnu/libOgreOverlay.so
[0.893s] -- Looking for ignition-math6 -- found version 6.15.1
[0.894s] -- Looking for ignition-transport8 -- found version 8.2.1
[0.894s] -- Searching for dependencies of ignition-transport8
[0.912s] -- Found Protobuf: /usr/lib/x86_64-linux-gnu/libprotobuf.so (found suitable version "3.12.4", minimum required is "3") 
[0.925s] -- Config-file not installed for ZeroMQ -- checking for pkg-config
[0.930s] -- Checking for module 'libzmq >= 4'
[0.947s] --   Found libzmq , version 4.3.4
[0.989s] -- Checking for module 'uuid'
[1.002s] --   Found uuid, version 2.37.2
[1.035s] -- Looking for ignition-msgs5 -- found version 5.8.1
[1.035s] -- Searching for dependencies of ignition-msgs5
[1.061s] -- Looking for ignition-math6 -- found version 6.15.1
[1.068s] -- Checking for module 'tinyxml2'
[1.083s] --   Found tinyxml2, version 9.0.0
[1.118s] -- Looking for ignition-msgs5 -- found version 5.8.1
[1.120s] -- Looking for ignition-common3 -- found version 3.14.0
[1.120s] -- Searching for dependencies of ignition-common3
[1.120s] -- Looking for dlfcn.h - found
[1.120s] -- Looking for libdl - found
[1.132s] -- Searching for <ignition-common3> component [graphics]
[1.133s] -- Looking for ignition-common3-graphics -- found version 3.14.0
[1.134s] -- Searching for dependencies of ignition-common3-graphics
[1.134s] -- Looking for ignition-math6 -- found version 6.15.1
[1.136s] -- Looking for ignition-fuel_tools4 -- found version 4.4.0
[1.136s] -- Searching for dependencies of ignition-fuel_tools4
[1.191s] -- Checking for module 'jsoncpp'
[1.204s] --   Found jsoncpp, version 1.9.5
[1.250s] -- Checking for module 'libzip'
[1.266s] --   Found libzip, version 1.7.3
[1.312s] -- Looking for ignition-common3 -- found version 3.14.0
[1.312s] -- Looking for ignition-math6 -- found version 6.15.1
[1.312s] -- Looking for ignition-msgs5 -- found version 5.8.1
[1.321s] -- Gazebo version: 11.10
[1.432s] -- Found ament_lint_auto: 0.12.11 (/opt/ros/humble/share/ament_lint_auto/cmake)
[1.532s] -- Added test 'cppcheck' to perform static code analysis on C / C++ code
[1.535s] -- Configured cppcheck include dirs: /home/eea/create3_ws/src/create3_sim/irobot_create_gazebo/irobot_create_gazebo_plugins/include
[1.535s] -- Configured cppcheck exclude dirs and/or files: 
[1.537s] -- Added test 'cpplint' to check C / C++ code against the Google style
[1.537s] -- Configured cpplint exclude dirs and/or files: 
[1.538s] -- Added test 'lint_cmake' to check CMake code style
[1.540s] -- Added test 'uncrustify' to check C / C++ code style
[1.540s] -- Configured uncrustify additional arguments: 
[1.540s] -- Added test 'xmllint' to check XML markup files
[1.544s] -- Configuring done
[1.830s] -- Generating done
[1.859s] -- Build files have been written to: /home/eea/create3_ws/build/irobot_create_gazebo_plugins
[1.873s] Invoked command in '/home/eea/create3_ws/build/irobot_create_gazebo_plugins' returned '0': AMENT_PREFIX_PATH=/home/eea/create3_ws/install/irobot_create_toolbox:${AMENT_PREFIX_PATH} CMAKE_PREFIX_PATH=/home/eea/create3_ws/install/irobot_create_toolbox:/opt/ros/humble LD_LIBRARY_PATH=/home/eea/create3_ws/install/irobot_create_toolbox/lib:${LD_LIBRARY_PATH} /usr/bin/cmake /home/eea/create3_ws/src/create3_sim/irobot_create_gazebo/irobot_create_gazebo_plugins -DCMAKE_INSTALL_PREFIX=/home/eea/create3_ws/install/irobot_create_gazebo_plugins
[1.875s] Invoking command in '/home/eea/create3_ws/build/irobot_create_gazebo_plugins': AMENT_PREFIX_PATH=/home/eea/create3_ws/install/irobot_create_toolbox:${AMENT_PREFIX_PATH} CMAKE_PREFIX_PATH=/home/eea/create3_ws/install/irobot_create_toolbox:/opt/ros/humble LD_LIBRARY_PATH=/home/eea/create3_ws/install/irobot_create_toolbox/lib:${LD_LIBRARY_PATH} /usr/bin/cmake --build /home/eea/create3_ws/build/irobot_create_gazebo_plugins -- -j8 -l8
[1.921s] [35m[1mConsolidate compiler generated dependencies of target gazebo_ros_create_helpers[0m
[1.949s] [  5%] Built target gazebo_ros_create_helpers
[1.971s] [35m[1mConsolidate compiler generated dependencies of target gazebo_ros_create_imu[0m
[1.971s] [35m[1mConsolidate compiler generated dependencies of target gazebo_ros_create_cliff_sensor[0m
[1.972s] [35m[1mConsolidate compiler generated dependencies of target gazebo_ros_create_ir_intensity_sensor[0m
[1.972s] [35m[1mConsolidate compiler generated dependencies of target gazebo_ros_create_docking_status[0m
[1.974s] [35m[1mConsolidate compiler generated dependencies of target docking_manager[0m
[1.976s] [35m[1mConsolidate compiler generated dependencies of target gazebo_ros_create_bumper[0m
[1.976s] [35m[1mConsolidate compiler generated dependencies of target gazebo_ros_create_optical_mouse[0m
[1.978s] [35m[1mConsolidate compiler generated dependencies of target gazebo_ros_create_wheel_drop[0m
[2.031s] [  5%] Built target docking_manager
[2.031s] [  5%] Built target gazebo_ros_create_docking_status
[2.034s] [  5%] Built target gazebo_ros_create_ir_intensity_sensor
[2.037s] [  5%] Built target gazebo_ros_create_bumper
[2.039s] [  5%] Built target gazebo_ros_create_imu
[2.045s] [  5%] Built target gazebo_ros_create_optical_mouse
[2.047s] [  5%] Built target gazebo_ros_create_cliff_sensor
[2.048s] [  5%] Built target gazebo_ros_create_wheel_drop
[2.049s] [35m[1mConsolidate compiler generated dependencies of target gazebo_ros_create_ir_opcode[0m
[2.080s] [  5%] Built target gazebo_ros_create_ir_opcode
