[0.019s] Invoking command in '/home/eea/create3_ws/build/irobot_create_control': CMAKE_PREFIX_PATH=/opt/ros/humble /usr/bin/cmake /home/eea/create3_ws/src/create3_sim/irobot_create_common/irobot_create_control -DCMAKE_INSTALL_PREFIX=/home/eea/create3_ws/install/irobot_create_control
[0.072s] -- Found ament_cmake: 1.3.10 (/opt/ros/humble/share/ament_cmake/cmake)
[0.259s] -- Override CMake install command with custom implementation using symlinks instead of copying resources
[0.267s] -- Found ament_lint_auto: 0.12.11 (/opt/ros/humble/share/ament_lint_auto/cmake)
[0.528s] -- Added test 'flake8' to check Python code syntax and style conventions
[0.529s] -- Added test 'lint_cmake' to check CMake code style
[0.529s] -- Added test 'pep257' to check Python code against some of the docstring style conventions in PEP 257
[0.530s] -- Added test 'xmllint' to check XML markup files
[0.536s] -- Configuring done
[0.551s] -- Generating done
[0.553s] -- Build files have been written to: /home/eea/create3_ws/build/irobot_create_control
[0.571s] Invoked command in '/home/eea/create3_ws/build/irobot_create_control' returned '0': CMAKE_PREFIX_PATH=/opt/ros/humble /usr/bin/cmake /home/eea/create3_ws/src/create3_sim/irobot_create_common/irobot_create_control -DCMAKE_INSTALL_PREFIX=/home/eea/create3_ws/install/irobot_create_control
[0.578s] Invoking command in '/home/eea/create3_ws/build/irobot_create_control': CMAKE_PREFIX_PATH=/opt/ros/humble /usr/bin/cmake --build /home/eea/create3_ws/build/irobot_create_control -- -j8 -l8
[0.674s] Invoked command in '/home/eea/create3_ws/build/irobot_create_control' returned '0': CMAKE_PREFIX_PATH=/opt/ros/humble /usr/bin/cmake --build /home/eea/create3_ws/build/irobot_create_control -- -j8 -l8
[0.698s] Invoking command in '/home/eea/create3_ws/build/irobot_create_control': CMAKE_PREFIX_PATH=/opt/ros/humble /usr/bin/cmake --install /home/eea/create3_ws/build/irobot_create_control
[0.715s] -- Install configuration: ""
[0.716s] -- Execute custom install script
[0.718s] -- Up-to-date symlink: /home/eea/create3_ws/install/irobot_create_control/share/irobot_create_control//launch/include/control.py
[0.719s] -- Up-to-date symlink: /home/eea/create3_ws/install/irobot_create_control/share/irobot_create_control//config/control.yaml
[0.720s] -- Up-to-date symlink: /home/eea/create3_ws/install/irobot_create_control/share/ament_index/resource_index/package_run_dependencies/irobot_create_control
[0.720s] -- Up-to-date symlink: /home/eea/create3_ws/install/irobot_create_control/share/ament_index/resource_index/parent_prefix_path/irobot_create_control
[0.720s] -- Up-to-date symlink: /home/eea/create3_ws/install/irobot_create_control/share/irobot_create_control/environment/ament_prefix_path.sh
[0.722s] -- Up-to-date symlink: /home/eea/create3_ws/install/irobot_create_control/share/irobot_create_control/environment/ament_prefix_path.dsv
[0.722s] -- Up-to-date symlink: /home/eea/create3_ws/install/irobot_create_control/share/irobot_create_control/environment/path.sh
[0.722s] -- Up-to-date symlink: /home/eea/create3_ws/install/irobot_create_control/share/irobot_create_control/environment/path.dsv
[0.722s] -- Up-to-date symlink: /home/eea/create3_ws/install/irobot_create_control/share/irobot_create_control/local_setup.bash
[0.723s] -- Up-to-date symlink: /home/eea/create3_ws/install/irobot_create_control/share/irobot_create_control/local_setup.sh
[0.723s] -- Up-to-date symlink: /home/eea/create3_ws/install/irobot_create_control/share/irobot_create_control/local_setup.zsh
[0.725s] -- Up-to-date symlink: /home/eea/create3_ws/install/irobot_create_control/share/irobot_create_control/local_setup.dsv
[0.726s] -- Symlinking: /home/eea/create3_ws/install/irobot_create_control/share/irobot_create_control/package.dsv
[0.750s] -- Up-to-date symlink: /home/eea/create3_ws/install/irobot_create_control/share/ament_index/resource_index/packages/irobot_create_control
[0.751s] -- Up-to-date symlink: /home/eea/create3_ws/install/irobot_create_control/share/irobot_create_control/cmake/irobot_create_controlConfig.cmake
[0.752s] -- Up-to-date symlink: /home/eea/create3_ws/install/irobot_create_control/share/irobot_create_control/cmake/irobot_create_controlConfig-version.cmake
[0.753s] -- Up-to-date symlink: /home/eea/create3_ws/install/irobot_create_control/share/irobot_create_control/package.xml
[0.762s] Invoked command in '/home/eea/create3_ws/build/irobot_create_control' returned '0': CMAKE_PREFIX_PATH=/opt/ros/humble /usr/bin/cmake --install /home/eea/create3_ws/build/irobot_create_control
