[0.015s] Invoking command in '/home/eea/create3_ws/build/irobot_create_control': CMAKE_PREFIX_PATH=/opt/ros/humble /usr/bin/cmake --build /home/eea/create3_ws/build/irobot_create_control -- -j8 -l8
[0.049s] Invoked command in '/home/eea/create3_ws/build/irobot_create_control' returned '0': CMAKE_PREFIX_PATH=/opt/ros/humble /usr/bin/cmake --build /home/eea/create3_ws/build/irobot_create_control -- -j8 -l8
[0.058s] Invoking command in '/home/eea/create3_ws/build/irobot_create_control': CMAKE_PREFIX_PATH=/opt/ros/humble /usr/bin/cmake --install /home/eea/create3_ws/build/irobot_create_control
[0.066s] -- Install configuration: ""
[0.066s] -- Execute custom install script
[0.067s] -- Up-to-date symlink: /home/eea/create3_ws/install/irobot_create_control/share/irobot_create_control//launch/include/control.py
[0.067s] -- Up-to-date symlink: /home/eea/create3_ws/install/irobot_create_control/share/irobot_create_control//config/control.yaml
[0.067s] -- Up-to-date symlink: /home/eea/create3_ws/install/irobot_create_control/share/ament_index/resource_index/package_run_dependencies/irobot_create_control
[0.067s] -- Up-to-date symlink: /home/eea/create3_ws/install/irobot_create_control/share/ament_index/resource_index/parent_prefix_path/irobot_create_control
[0.067s] -- Up-to-date symlink: /home/eea/create3_ws/install/irobot_create_control/share/irobot_create_control/environment/ament_prefix_path.sh
[0.068s] -- Up-to-date symlink: /home/eea/create3_ws/install/irobot_create_control/share/irobot_create_control/environment/ament_prefix_path.dsv
[0.068s] -- Up-to-date symlink: /home/eea/create3_ws/install/irobot_create_control/share/irobot_create_control/environment/path.sh
[0.068s] -- Up-to-date symlink: /home/eea/create3_ws/install/irobot_create_control/share/irobot_create_control/environment/path.dsv
[0.068s] -- Up-to-date symlink: /home/eea/create3_ws/install/irobot_create_control/share/irobot_create_control/local_setup.bash
[0.069s] -- Up-to-date symlink: /home/eea/create3_ws/install/irobot_create_control/share/irobot_create_control/local_setup.sh
[0.069s] -- Up-to-date symlink: /home/eea/create3_ws/install/irobot_create_control/share/irobot_create_control/local_setup.zsh
[0.069s] -- Up-to-date symlink: /home/eea/create3_ws/install/irobot_create_control/share/irobot_create_control/local_setup.dsv
[0.070s] -- Symlinking: /home/eea/create3_ws/install/irobot_create_control/share/irobot_create_control/package.dsv
[0.078s] -- Up-to-date symlink: /home/eea/create3_ws/install/irobot_create_control/share/ament_index/resource_index/packages/irobot_create_control
[0.078s] -- Up-to-date symlink: /home/eea/create3_ws/install/irobot_create_control/share/irobot_create_control/cmake/irobot_create_controlConfig.cmake
[0.078s] -- Up-to-date symlink: /home/eea/create3_ws/install/irobot_create_control/share/irobot_create_control/cmake/irobot_create_controlConfig-version.cmake
[0.079s] -- Up-to-date symlink: /home/eea/create3_ws/install/irobot_create_control/share/irobot_create_control/package.xml
[0.081s] Invoked command in '/home/eea/create3_ws/build/irobot_create_control' returned '0': CMAKE_PREFIX_PATH=/opt/ros/humble /usr/bin/cmake --install /home/eea/create3_ws/build/irobot_create_control
