[0.104s] Invoking command in '/home/eea/create3_ws/build/irobot_create_toolbox': CMAKE_PREFIX_PATH=${CMAKE_PREFIX_PATH}:/home/eea/create3_ws/install/locobot_pkg:/opt/ros/humble /usr/bin/cmake --build /home/eea/create3_ws/build/irobot_create_toolbox -- -j8 -l8
[0.333s] [100%] Built target irobot_create_toolbox
[1.086s] Invoked command in '/home/eea/create3_ws/build/irobot_create_toolbox' returned '0': CMAKE_PREFIX_PATH=${CMAKE_PREFIX_PATH}:/home/eea/create3_ws/install/locobot_pkg:/opt/ros/humble /usr/bin/cmake --build /home/eea/create3_ws/build/irobot_create_toolbox -- -j8 -l8
[1.090s] Invoking command in '/home/eea/create3_ws/build/irobot_create_toolbox': CMAKE_PREFIX_PATH=${CMAKE_PREFIX_PATH}:/home/eea/create3_ws/install/locobot_pkg:/opt/ros/humble /usr/bin/cmake --install /home/eea/create3_ws/build/irobot_create_toolbox
[1.166s] -- Install configuration: ""
[1.167s] -- Execute custom install script
[1.167s] -- Up-to-date symlink: /home/eea/create3_ws/install/irobot_create_toolbox/lib/libirobot_create_toolbox.so
[1.167s] -- Up-to-date symlink: /home/eea/create3_ws/install/irobot_create_toolbox/include/irobot_create_toolbox/math.hpp
[1.167s] -- Up-to-date symlink: /home/eea/create3_ws/install/irobot_create_toolbox/include/irobot_create_toolbox/polar_coordinates.hpp
[1.167s] -- Up-to-date symlink: /home/eea/create3_ws/install/irobot_create_toolbox/include/irobot_create_toolbox/sensors/bumpers.hpp
[1.168s] -- Up-to-date symlink: /home/eea/create3_ws/install/irobot_create_toolbox/share/irobot_create_toolbox/environment/library_path.sh
[1.168s] -- Up-to-date symlink: /home/eea/create3_ws/install/irobot_create_toolbox/share/irobot_create_toolbox/environment/library_path.dsv
[1.169s] -- Up-to-date symlink: /home/eea/create3_ws/install/irobot_create_toolbox/share/ament_index/resource_index/package_run_dependencies/irobot_create_toolbox
[1.169s] -- Up-to-date symlink: /home/eea/create3_ws/install/irobot_create_toolbox/share/ament_index/resource_index/parent_prefix_path/irobot_create_toolbox
[1.169s] -- Up-to-date symlink: /home/eea/create3_ws/install/irobot_create_toolbox/share/irobot_create_toolbox/environment/ament_prefix_path.sh
[1.169s] -- Up-to-date symlink: /home/eea/create3_ws/install/irobot_create_toolbox/share/irobot_create_toolbox/environment/ament_prefix_path.dsv
[1.169s] -- Up-to-date symlink: /home/eea/create3_ws/install/irobot_create_toolbox/share/irobot_create_toolbox/environment/path.sh
[1.170s] -- Up-to-date symlink: /home/eea/create3_ws/install/irobot_create_toolbox/share/irobot_create_toolbox/environment/path.dsv
[1.170s] -- Up-to-date symlink: /home/eea/create3_ws/install/irobot_create_toolbox/share/irobot_create_toolbox/local_setup.bash
[1.170s] -- Up-to-date symlink: /home/eea/create3_ws/install/irobot_create_toolbox/share/irobot_create_toolbox/local_setup.sh
[1.170s] -- Up-to-date symlink: /home/eea/create3_ws/install/irobot_create_toolbox/share/irobot_create_toolbox/local_setup.zsh
[1.171s] -- Up-to-date symlink: /home/eea/create3_ws/install/irobot_create_toolbox/share/irobot_create_toolbox/local_setup.dsv
[1.171s] -- Symlinking: /home/eea/create3_ws/install/irobot_create_toolbox/share/irobot_create_toolbox/package.dsv
[1.202s] -- Up-to-date symlink: /home/eea/create3_ws/install/irobot_create_toolbox/share/ament_index/resource_index/packages/irobot_create_toolbox
[1.202s] -- Up-to-date symlink: /home/eea/create3_ws/install/irobot_create_toolbox/share/irobot_create_toolbox/cmake/ament_cmake_export_include_directories-extras.cmake
[1.203s] -- Up-to-date symlink: /home/eea/create3_ws/install/irobot_create_toolbox/share/irobot_create_toolbox/cmake/ament_cmake_export_libraries-extras.cmake
[1.204s] -- Up-to-date symlink: /home/eea/create3_ws/install/irobot_create_toolbox/share/irobot_create_toolbox/cmake/ament_cmake_export_dependencies-extras.cmake
[1.205s] -- Up-to-date symlink: /home/eea/create3_ws/install/irobot_create_toolbox/share/irobot_create_toolbox/cmake/irobot_create_toolboxConfig.cmake
[1.205s] -- Up-to-date symlink: /home/eea/create3_ws/install/irobot_create_toolbox/share/irobot_create_toolbox/cmake/irobot_create_toolboxConfig-version.cmake
[1.206s] -- Up-to-date symlink: /home/eea/create3_ws/install/irobot_create_toolbox/share/irobot_create_toolbox/package.xml
[1.324s] Invoked command in '/home/eea/create3_ws/build/irobot_create_toolbox' returned '0': CMAKE_PREFIX_PATH=${CMAKE_PREFIX_PATH}:/home/eea/create3_ws/install/locobot_pkg:/opt/ros/humble /usr/bin/cmake --install /home/eea/create3_ws/build/irobot_create_toolbox
