[0.142s] Invoking command in '/home/eea/create3_ws/build/irobot_create_common_bringup': CMAKE_PREFIX_PATH=/home/eea/create3_ws/install/irobot_create_nodes:/home/eea/create3_ws/install/irobot_create_toolbox:/home/eea/create3_ws/install/irobot_create_description:/home/eea/create3_ws/install/irobot_create_control:/home/eea/create3_ws/install/irobot_create_ignition_sim:/home/eea/create3_ws/install/irobot_create_ignition_bringup:/home/eea/create3_ws/install/irobot_create_gazebo_sim:/home/eea/create3_ws/install/irobot_create_gazebo_bringup:/home/eea/create3_ws/install/irobot_create_common_bringup:/home/eea/create3_ws/install/irobot_create_ignition_toolbox:/home/eea/create3_ws/install/irobot_create_gazebo_plugins:/home/eea/create3_ws/install/irobot_create_ignition_plugins:/home/eea/create3_ws/install/locobot_pkg:/opt/ros/humble LD_LIBRARY_PATH=/home/eea/create3_ws/install/irobot_create_nodes/lib:/home/eea/create3_ws/install/irobot_create_toolbox/lib:/home/eea/create3_ws/install/irobot_create_ignition_toolbox/lib:/home/eea/create3_ws/install/irobot_create_gazebo_plugins/lib:/usr/lib/x86_64-linux-gnu/gazebo-11/plugins:/opt/ros/humble/opt/rviz_ogre_vendor/lib:/opt/ros/humble/lib/x86_64-linux-gnu:/opt/ros/humble/lib /usr/bin/cmake --build /home/eea/create3_ws/build/irobot_create_common_bringup -- -j8 -l8
[0.387s] Built target ament_cmake_python_symlink_irobot_create_common_bringup
[1.055s] running egg_info
[1.062s] writing irobot_create_common_bringup.egg-info/PKG-INFO
[1.063s] writing dependency_links to irobot_create_common_bringup.egg-info/dependency_links.txt
[1.063s] writing top-level names to irobot_create_common_bringup.egg-info/top_level.txt
[1.070s] reading manifest file 'irobot_create_common_bringup.egg-info/SOURCES.txt'
[1.071s] writing manifest file 'irobot_create_common_bringup.egg-info/SOURCES.txt'
[1.271s] Built target ament_cmake_python_build_irobot_create_common_bringup_egg
[1.321s] Invoked command in '/home/eea/create3_ws/build/irobot_create_common_bringup' returned '0': CMAKE_PREFIX_PATH=/home/eea/create3_ws/install/irobot_create_nodes:/home/eea/create3_ws/install/irobot_create_toolbox:/home/eea/create3_ws/install/irobot_create_description:/home/eea/create3_ws/install/irobot_create_control:/home/eea/create3_ws/install/irobot_create_ignition_sim:/home/eea/create3_ws/install/irobot_create_ignition_bringup:/home/eea/create3_ws/install/irobot_create_gazebo_sim:/home/eea/create3_ws/install/irobot_create_gazebo_bringup:/home/eea/create3_ws/install/irobot_create_common_bringup:/home/eea/create3_ws/install/irobot_create_ignition_toolbox:/home/eea/create3_ws/install/irobot_create_gazebo_plugins:/home/eea/create3_ws/install/irobot_create_ignition_plugins:/home/eea/create3_ws/install/locobot_pkg:/opt/ros/humble LD_LIBRARY_PATH=/home/eea/create3_ws/install/irobot_create_nodes/lib:/home/eea/create3_ws/install/irobot_create_toolbox/lib:/home/eea/create3_ws/install/irobot_create_ignition_toolbox/lib:/home/eea/create3_ws/install/irobot_create_gazebo_plugins/lib:/usr/lib/x86_64-linux-gnu/gazebo-11/plugins:/opt/ros/humble/opt/rviz_ogre_vendor/lib:/opt/ros/humble/lib/x86_64-linux-gnu:/opt/ros/humble/lib /usr/bin/cmake --build /home/eea/create3_ws/build/irobot_create_common_bringup -- -j8 -l8
[1.331s] Invoking command in '/home/eea/create3_ws/build/irobot_create_common_bringup': CMAKE_PREFIX_PATH=/home/eea/create3_ws/install/irobot_create_nodes:/home/eea/create3_ws/install/irobot_create_toolbox:/home/eea/create3_ws/install/irobot_create_description:/home/eea/create3_ws/install/irobot_create_control:/home/eea/create3_ws/install/irobot_create_ignition_sim:/home/eea/create3_ws/install/irobot_create_ignition_bringup:/home/eea/create3_ws/install/irobot_create_gazebo_sim:/home/eea/create3_ws/install/irobot_create_gazebo_bringup:/home/eea/create3_ws/install/irobot_create_common_bringup:/home/eea/create3_ws/install/irobot_create_ignition_toolbox:/home/eea/create3_ws/install/irobot_create_gazebo_plugins:/home/eea/create3_ws/install/irobot_create_ignition_plugins:/home/eea/create3_ws/install/locobot_pkg:/opt/ros/humble LD_LIBRARY_PATH=/home/eea/create3_ws/install/irobot_create_nodes/lib:/home/eea/create3_ws/install/irobot_create_toolbox/lib:/home/eea/create3_ws/install/irobot_create_ignition_toolbox/lib:/home/eea/create3_ws/install/irobot_create_gazebo_plugins/lib:/usr/lib/x86_64-linux-gnu/gazebo-11/plugins:/opt/ros/humble/opt/rviz_ogre_vendor/lib:/opt/ros/humble/lib/x86_64-linux-gnu:/opt/ros/humble/lib /usr/bin/cmake --install /home/eea/create3_ws/build/irobot_create_common_bringup
[1.371s] -- Install configuration: ""
[1.376s] -- Execute custom install script
[1.376s] -- Up-to-date symlink: /home/eea/create3_ws/install/irobot_create_common_bringup/share/irobot_create_common_bringup/config/hazard_vector_params.yaml
[1.379s] -- Up-to-date symlink: /home/eea/create3_ws/install/irobot_create_common_bringup/share/irobot_create_common_bringup/config/ir_intensity_vector_params.yaml
[1.379s] -- Up-to-date symlink: /home/eea/create3_ws/install/irobot_create_common_bringup/share/irobot_create_common_bringup/config/kidnap_estimator_params.yaml
[1.379s] -- Up-to-date symlink: /home/eea/create3_ws/install/irobot_create_common_bringup/share/irobot_create_common_bringup/config/mock_params.yaml
[1.380s] -- Up-to-date symlink: /home/eea/create3_ws/install/irobot_create_common_bringup/share/irobot_create_common_bringup/config/robot_state_params.yaml
[1.380s] -- Up-to-date symlink: /home/eea/create3_ws/install/irobot_create_common_bringup/share/irobot_create_common_bringup/config/ui_mgr_params.yaml
[1.380s] -- Up-to-date symlink: /home/eea/create3_ws/install/irobot_create_common_bringup/share/irobot_create_common_bringup/config/wheel_status_params.yaml
[1.381s] -- Up-to-date symlink: /home/eea/create3_ws/install/irobot_create_common_bringup/share/irobot_create_common_bringup/launch/create3_nodes.launch.py
[1.384s] -- Up-to-date symlink: /home/eea/create3_ws/install/irobot_create_common_bringup/share/irobot_create_common_bringup/launch/dock_description.launch.py
[1.385s] -- Up-to-date symlink: /home/eea/create3_ws/install/irobot_create_common_bringup/share/irobot_create_common_bringup/launch/robot_description.launch.py
[1.386s] -- Up-to-date symlink: /home/eea/create3_ws/install/irobot_create_common_bringup/share/irobot_create_common_bringup/launch/rviz2.launch.py
[1.386s] -- Up-to-date symlink: /home/eea/create3_ws/install/irobot_create_common_bringup/share/irobot_create_common_bringup/rviz/irobot_create_view.rviz
[1.387s] -- Up-to-date symlink: /home/eea/create3_ws/install/irobot_create_common_bringup/share/irobot_create_common_bringup/rviz/irobot_logo.jpg
[1.388s] -- Up-to-date symlink: /home/eea/create3_ws/install/irobot_create_common_bringup/share/irobot_create_common_bringup/environment/pythonpath.sh
[1.389s] -- Up-to-date symlink: /home/eea/create3_ws/install/irobot_create_common_bringup/share/irobot_create_common_bringup/environment/pythonpath.dsv
[1.390s] -- Up-to-date symlink: /home/eea/create3_ws/install/irobot_create_common_bringup/local/lib/python3.10/dist-packages/irobot_create_common_bringup-2.1.0-py3.10.egg-info/PKG-INFO
[1.391s] -- Up-to-date symlink: /home/eea/create3_ws/install/irobot_create_common_bringup/local/lib/python3.10/dist-packages/irobot_create_common_bringup-2.1.0-py3.10.egg-info/SOURCES.txt
[1.391s] -- Up-to-date symlink: /home/eea/create3_ws/install/irobot_create_common_bringup/local/lib/python3.10/dist-packages/irobot_create_common_bringup-2.1.0-py3.10.egg-info/dependency_links.txt
[1.391s] -- Up-to-date symlink: /home/eea/create3_ws/install/irobot_create_common_bringup/local/lib/python3.10/dist-packages/irobot_create_common_bringup-2.1.0-py3.10.egg-info/top_level.txt
[1.393s] -- Up-to-date symlink: /home/eea/create3_ws/install/irobot_create_common_bringup/local/lib/python3.10/dist-packages/irobot_create_common_bringup/__init__.py
[1.393s] -- Up-to-date symlink: /home/eea/create3_ws/install/irobot_create_common_bringup/local/lib/python3.10/dist-packages/irobot_create_common_bringup/namespace.py
[1.393s] -- Up-to-date symlink: /home/eea/create3_ws/install/irobot_create_common_bringup/local/lib/python3.10/dist-packages/irobot_create_common_bringup/offset.py
[1.396s] -- Up-to-date symlink: /home/eea/create3_ws/install/irobot_create_common_bringup/share/ament_index/resource_index/package_run_dependencies/irobot_create_common_bringup
[1.396s] -- Up-to-date symlink: /home/eea/create3_ws/install/irobot_create_common_bringup/share/ament_index/resource_index/parent_prefix_path/irobot_create_common_bringup
[1.397s] -- Up-to-date symlink: /home/eea/create3_ws/install/irobot_create_common_bringup/share/irobot_create_common_bringup/environment/ament_prefix_path.sh
[1.397s] -- Up-to-date symlink: /home/eea/create3_ws/install/irobot_create_common_bringup/share/irobot_create_common_bringup/environment/ament_prefix_path.dsv
[1.397s] -- Up-to-date symlink: /home/eea/create3_ws/install/irobot_create_common_bringup/share/irobot_create_common_bringup/environment/path.sh
[1.398s] -- Up-to-date symlink: /home/eea/create3_ws/install/irobot_create_common_bringup/share/irobot_create_common_bringup/environment/path.dsv
[1.398s] -- Up-to-date symlink: /home/eea/create3_ws/install/irobot_create_common_bringup/share/irobot_create_common_bringup/local_setup.bash
[1.399s] -- Up-to-date symlink: /home/eea/create3_ws/install/irobot_create_common_bringup/share/irobot_create_common_bringup/local_setup.sh
[1.399s] -- Up-to-date symlink: /home/eea/create3_ws/install/irobot_create_common_bringup/share/irobot_create_common_bringup/local_setup.zsh
[1.399s] -- Up-to-date symlink: /home/eea/create3_ws/install/irobot_create_common_bringup/share/irobot_create_common_bringup/local_setup.dsv
[1.399s] -- Symlinking: /home/eea/create3_ws/install/irobot_create_common_bringup/share/irobot_create_common_bringup/package.dsv
[1.435s] -- Up-to-date symlink: /home/eea/create3_ws/install/irobot_create_common_bringup/share/ament_index/resource_index/packages/irobot_create_common_bringup
[1.435s] -- Up-to-date symlink: /home/eea/create3_ws/install/irobot_create_common_bringup/share/irobot_create_common_bringup/cmake/irobot_create_common_bringupConfig.cmake
[1.435s] -- Up-to-date symlink: /home/eea/create3_ws/install/irobot_create_common_bringup/share/irobot_create_common_bringup/cmake/irobot_create_common_bringupConfig-version.cmake
[1.436s] -- Up-to-date symlink: /home/eea/create3_ws/install/irobot_create_common_bringup/share/irobot_create_common_bringup/package.xml
[1.540s] Listing '/home/eea/create3_ws/install/irobot_create_common_bringup/local/lib/python3.10/dist-packages/irobot_create_common_bringup'...
[1.589s] Invoked command in '/home/eea/create3_ws/build/irobot_create_common_bringup' returned '0': CMAKE_PREFIX_PATH=/home/eea/create3_ws/install/irobot_create_nodes:/home/eea/create3_ws/install/irobot_create_toolbox:/home/eea/create3_ws/install/irobot_create_description:/home/eea/create3_ws/install/irobot_create_control:/home/eea/create3_ws/install/irobot_create_ignition_sim:/home/eea/create3_ws/install/irobot_create_ignition_bringup:/home/eea/create3_ws/install/irobot_create_gazebo_sim:/home/eea/create3_ws/install/irobot_create_gazebo_bringup:/home/eea/create3_ws/install/irobot_create_common_bringup:/home/eea/create3_ws/install/irobot_create_ignition_toolbox:/home/eea/create3_ws/install/irobot_create_gazebo_plugins:/home/eea/create3_ws/install/irobot_create_ignition_plugins:/home/eea/create3_ws/install/locobot_pkg:/opt/ros/humble LD_LIBRARY_PATH=/home/eea/create3_ws/install/irobot_create_nodes/lib:/home/eea/create3_ws/install/irobot_create_toolbox/lib:/home/eea/create3_ws/install/irobot_create_ignition_toolbox/lib:/home/eea/create3_ws/install/irobot_create_gazebo_plugins/lib:/usr/lib/x86_64-linux-gnu/gazebo-11/plugins:/opt/ros/humble/opt/rviz_ogre_vendor/lib:/opt/ros/humble/lib/x86_64-linux-gnu:/opt/ros/humble/lib /usr/bin/cmake --install /home/eea/create3_ws/build/irobot_create_common_bringup
