[0.013s] Invoking command in '/home/eea/create3_ws/build/irobot_create_gazebo_plugins': AMENT_PREFIX_PATH=/home/eea/create3_ws/install/irobot_create_toolbox:${AMENT_PREFIX_PATH} CMAKE_PREFIX_PATH=/home/eea/create3_ws/install/irobot_create_toolbox:/opt/ros/humble LD_LIBRARY_PATH=/home/eea/create3_ws/install/irobot_create_toolbox/lib:${LD_LIBRARY_PATH} /usr/bin/cmake /home/eea/create3_ws/src/create3_sim/irobot_create_gazebo/irobot_create_gazebo_plugins -DAMENT_CMAKE_SYMLINK_INSTALL=1 -DCMAKE_INSTALL_PREFIX=/home/eea/create3_ws/install/irobot_create_gazebo_plugins
[0.067s] -- The C compiler identification is GNU 11.4.0
[0.119s] -- The CXX compiler identification is GNU 11.4.0
[0.125s] -- Detecting C compiler ABI info
[0.216s] -- Detecting C compiler ABI info - done
[0.228s] -- Check for working C compiler: /usr/bin/cc - skipped
[0.229s] -- Detecting C compile features
[0.229s] -- Detecting C compile features - done
[0.233s] -- Detecting CXX compiler ABI info
[0.320s] -- Detecting CXX compiler ABI info - done
[0.328s] -- Check for working CXX compiler: /usr/bin/c++ - skipped
[0.329s] -- Detecting CXX compile features
[0.329s] -- Detecting CXX compile features - done
[0.331s] -- Found ament_cmake: 1.3.10 (/opt/ros/humble/share/ament_cmake/cmake)
[0.535s] -- Found Python3: /usr/bin/python3 (found version "3.10.12") found components: Interpreter 
[0.616s] -- Override CMake install command with custom implementation using symlinks instead of copying resources
[0.652s] -- Found geometry_msgs: 4.2.4 (/opt/ros/humble/share/geometry_msgs/cmake)
[0.701s] -- Found rosidl_generator_c: 3.1.5 (/opt/ros/humble/share/rosidl_generator_c/cmake)
[0.707s] -- Found rosidl_adapter: 3.1.5 (/opt/ros/humble/share/rosidl_adapter/cmake)
[0.718s] -- Found rosidl_generator_cpp: 3.1.5 (/opt/ros/humble/share/rosidl_generator_cpp/cmake)
[0.736s] -- Using all available rosidl_typesupport_c: rosidl_typesupport_fastrtps_c;rosidl_typesupport_introspection_c
[0.762s] -- Using all available rosidl_typesupport_cpp: rosidl_typesupport_fastrtps_cpp;rosidl_typesupport_introspection_cpp
[0.826s] -- Found irobot_create_msgs: 2.1.0 (/opt/ros/humble/share/irobot_create_msgs/cmake)
[0.887s] -- Found irobot_create_toolbox: 2.1.0 (/home/eea/create3_ws/install/irobot_create_toolbox/share/irobot_create_toolbox/cmake)
[0.933s] -- Found rmw_implementation_cmake: 6.1.2 (/opt/ros/humble/share/rmw_implementation_cmake/cmake)
[0.935s] -- Found rmw_fastrtps_cpp: 6.2.7 (/opt/ros/humble/share/rmw_fastrtps_cpp/cmake)
[1.019s] -- Found OpenSSL: /usr/lib/x86_64-linux-gnu/libcrypto.so (found version "3.0.2")  
[1.058s] -- Found FastRTPS: /opt/ros/humble/include  
[1.098s] -- Using RMW implementation 'rmw_fastrtps_cpp' as default
[1.105s] -- Looking for pthread.h
[1.172s] -- Looking for pthread.h - found
[1.172s] -- Performing Test CMAKE_HAVE_LIBC_PTHREAD
[1.253s] -- Performing Test CMAKE_HAVE_LIBC_PTHREAD - Success
[1.254s] -- Found Threads: TRUE  
[1.305s] -- Found sensor_msgs: 4.2.4 (/opt/ros/humble/share/sensor_msgs/cmake)
[1.335s] -- Found PkgConfig: /usr/bin/pkg-config (found version "0.29.2") 
[1.337s] -- Checking for module 'bullet>=2.82'
[1.352s] --   Found bullet, version 3.05
[1.473s] -- Found fcl: /usr/include (found suitable version "0.7.0", minimum required is "0.5.0") 
[1.534s] -- Found assimp: /usr/include (found version "5.2.0") 
[1.571s] -- Found DART: /usr/include (Required is at least version "6.6") found components: dart 
[1.619s] -- Found Boost: /usr/lib/x86_64-linux-gnu/cmake/Boost-1.74.0/BoostConfig.cmake (found suitable version "1.74.0", minimum required is "1.40.0") found components: thread system filesystem program_options regex iostreams date_time 
[1.641s] -- Found Protobuf: /usr/lib/x86_64-linux-gnu/libprotobuf.so (found version "3.12.4") 
[1.645s] -- Looking for ignition-math6 -- found version 6.15.1
[1.646s] -- Looking for OGRE...
[1.647s] -- OGRE_PREFIX_WATCH changed.
[1.652s] -- Checking for module 'OGRE'
[1.666s] --   Found OGRE, version 1.9.0
[1.697s] -- Found Ogre Ghadamon (1.9.0)
[1.705s] -- Found OGRE: optimized;/usr/lib/x86_64-linux-gnu/libOgreMain.so;debug;/usr/lib/x86_64-linux-gnu/libOgreMain.so
[1.715s] -- Looking for OGRE_Paging...
[1.721s] -- Found OGRE_Paging: optimized;/usr/lib/x86_64-linux-gnu/libOgrePaging.so;debug;/usr/lib/x86_64-linux-gnu/libOgrePaging.so
[1.721s] -- Looking for OGRE_Terrain...
[1.730s] -- Found OGRE_Terrain: optimized;/usr/lib/x86_64-linux-gnu/libOgreTerrain.so;debug;/usr/lib/x86_64-linux-gnu/libOgreTerrain.so
[1.730s] -- Looking for OGRE_Property...
[1.739s] -- Found OGRE_Property: optimized;/usr/lib/x86_64-linux-gnu/libOgreProperty.so;debug;/usr/lib/x86_64-linux-gnu/libOgreProperty.so
[1.740s] -- Looking for OGRE_RTShaderSystem...
[1.745s] -- Found OGRE_RTShaderSystem: optimized;/usr/lib/x86_64-linux-gnu/libOgreRTShaderSystem.so;debug;/usr/lib/x86_64-linux-gnu/libOgreRTShaderSystem.so
[1.745s] -- Looking for OGRE_Volume...
[1.753s] -- Found OGRE_Volume: optimized;/usr/lib/x86_64-linux-gnu/libOgreVolume.so;debug;/usr/lib/x86_64-linux-gnu/libOgreVolume.so
[1.753s] -- Looking for OGRE_Overlay...
[1.758s] -- Found OGRE_Overlay: optimized;/usr/lib/x86_64-linux-gnu/libOgreOverlay.so;debug;/usr/lib/x86_64-linux-gnu/libOgreOverlay.so
[2.015s] -- Looking for ignition-math6 -- found version 6.15.1
[2.020s] -- Looking for ignition-transport8 -- found version 8.2.1
[2.022s] -- Searching for dependencies of ignition-transport8
[2.070s] -- Found Protobuf: /usr/lib/x86_64-linux-gnu/libprotobuf.so (found suitable version "3.12.4", minimum required is "3") 
[2.100s] -- Config-file not installed for ZeroMQ -- checking for pkg-config
[2.107s] -- Checking for module 'libzmq >= 4'
[2.153s] --   Found libzmq , version 4.3.4
[2.234s] -- Found ZeroMQ: TRUE (Required is at least version "4") 
[2.244s] -- Checking for module 'uuid'
[2.308s] --   Found uuid, version 2.37.2
[2.433s] -- Found UUID: TRUE  
[2.439s] -- Looking for ignition-msgs5 -- found version 5.8.1
[2.442s] -- Searching for dependencies of ignition-msgs5
[2.505s] -- Looking for ignition-math6 -- found version 6.15.1
[2.523s] -- Checking for module 'tinyxml2'
[2.559s] --   Found tinyxml2, version 9.0.0
[2.689s] -- Looking for ignition-msgs5 -- found version 5.8.1
[2.699s] -- Looking for ignition-common3 -- found version 3.14.0
[2.699s] -- Searching for dependencies of ignition-common3
[2.708s] -- Looking for dlfcn.h - found
[2.708s] -- Looking for libdl - found
[2.721s] -- Found DL: TRUE  
[2.764s] -- Found tinyobjloader: /usr/lib/x86_64-linux-gnu/cmake/tinyobjloader/tinyobjloader-config.cmake (found version "2.0.0") 
[2.768s] -- Searching for <ignition-common3> component [graphics]
[2.774s] -- Looking for ignition-common3-graphics -- found version 3.14.0
[2.775s] -- Searching for dependencies of ignition-common3-graphics
[2.775s] -- Looking for ignition-math6 -- found version 6.15.1
[2.800s] -- Looking for ignition-fuel_tools4 -- found version 4.4.0
[2.800s] -- Searching for dependencies of ignition-fuel_tools4
[3.088s] -- Found CURL: /usr/lib/x86_64-linux-gnu/libcurl.so (found version "7.81.0")  
[3.124s] -- Checking for module 'jsoncpp'
[3.172s] --   Found jsoncpp, version 1.9.5
[3.309s] -- Found JSONCPP: TRUE  
[3.335s] -- Checking for module 'libzip'
[3.384s] --   Found libzip, version 1.7.3
[3.519s] -- Found ZIP: TRUE  
[3.520s] -- Looking for ignition-common3 -- found version 3.14.0
[3.526s] -- Looking for ignition-math6 -- found version 6.15.1
[3.526s] -- Looking for ignition-msgs5 -- found version 5.8.1
[3.537s] -- Gazebo version: 11.10
[3.542s] -- Checking for module 'tbb'
[3.586s] --   Found tbb, version 2021.5.0
[3.980s] -- Found ament_lint_auto: 0.12.11 (/opt/ros/humble/share/ament_lint_auto/cmake)
[4.461s] -- Added test 'cppcheck' to perform static code analysis on C / C++ code
[4.467s] -- Configured cppcheck include dirs: /home/eea/create3_ws/src/create3_sim/irobot_create_gazebo/irobot_create_gazebo_plugins/include
[4.468s] -- Configured cppcheck exclude dirs and/or files: 
[4.470s] -- Added test 'cpplint' to check C / C++ code against the Google style
[4.470s] -- Configured cpplint exclude dirs and/or files: 
[4.484s] -- Added test 'lint_cmake' to check CMake code style
[4.484s] -- Added test 'uncrustify' to check C / C++ code style
[4.484s] -- Configured uncrustify additional arguments: 
[4.496s] -- Added test 'xmllint' to check XML markup files
[4.508s] -- Configuring done
[5.222s] -- Generating done
[5.301s] -- Build files have been written to: /home/eea/create3_ws/build/irobot_create_gazebo_plugins
[5.384s] Invoked command in '/home/eea/create3_ws/build/irobot_create_gazebo_plugins' returned '0': AMENT_PREFIX_PATH=/home/eea/create3_ws/install/irobot_create_toolbox:${AMENT_PREFIX_PATH} CMAKE_PREFIX_PATH=/home/eea/create3_ws/install/irobot_create_toolbox:/opt/ros/humble LD_LIBRARY_PATH=/home/eea/create3_ws/install/irobot_create_toolbox/lib:${LD_LIBRARY_PATH} /usr/bin/cmake /home/eea/create3_ws/src/create3_sim/irobot_create_gazebo/irobot_create_gazebo_plugins -DAMENT_CMAKE_SYMLINK_INSTALL=1 -DCMAKE_INSTALL_PREFIX=/home/eea/create3_ws/install/irobot_create_gazebo_plugins
[5.385s] Invoking command in '/home/eea/create3_ws/build/irobot_create_gazebo_plugins': AMENT_PREFIX_PATH=/home/eea/create3_ws/install/irobot_create_toolbox:${AMENT_PREFIX_PATH} CMAKE_PREFIX_PATH=/home/eea/create3_ws/install/irobot_create_toolbox:/opt/ros/humble LD_LIBRARY_PATH=/home/eea/create3_ws/install/irobot_create_toolbox/lib:${LD_LIBRARY_PATH} /usr/bin/cmake --build /home/eea/create3_ws/build/irobot_create_gazebo_plugins -- -j8 -l8
[5.591s] [  5%] [32mBuilding CXX object CMakeFiles/gazebo_ros_create_helpers.dir/src/gazebo_ros_helpers.cpp.o[0m
