[ 48%] [32mBuilding CXX object CMakeFiles/hazard_publisher_lib.dir/src/hazards_vector_publisher.cpp.o[0m
[ 48%] [32mBuilding CXX object CMakeFiles/ir_intensity_publisher_lib.dir/src/ir_intensity_vector_publisher.cpp.o[0m
[ 48%] [32mBuilding CXX object CMakeFiles/wheel_status_publisher_lib.dir/src/wheels_publisher.cpp.o[0m
[ 48%] [32mBuilding CXX object CMakeFiles/motion_control_lib.dir/src/motion_control_node.cpp.o[0m
[ 48%] Built target hazards_vector_publisher
[ 48%] Built target motion_control
[ 48%] Built target ir_intensity_vector_publisher
[ 48%] Built target wheel_status_publisher
[ 48%] [32mBuilding CXX object CMakeFiles/motion_control_lib.dir/src/motion_control/docking_behavior.cpp.o[0m
[ 48%] [32mBuilding CXX object CMakeFiles/robot_state_lib.dir/src/robot_state.cpp.o[0m
[ 48%] [32mBuilding CXX object CMakeFiles/ui_mgr_lib.dir/src/ui_mgr.cpp.o[0m
[ 48%] Built target robot_state
[ 48%] [32mBuilding CXX object CMakeFiles/ui_mgr.dir/rclcpp_components/node_main_ui_mgr.cpp.o[0m
[ 48%] [32m[1mLinking CXX executable ui_mgr[0m
[ 48%] Built target ui_mgr
[ 48%] [32mBuilding CXX object CMakeFiles/mock_publisher_lib.dir/src/mock_publisher.cpp.o[0m
[ 48%] [32m[1mLinking CXX shared library libmock_publisher_lib.so[0m
[ 48%] Built target mock_publisher_lib
[ 48%] [32m[1mLinking CXX shared library libir_intensity_publisher_lib.so[0m
[ 48%] [32m[1mLinking CXX shared library libhazard_publisher_lib.so[0m
[ 48%] Built target ir_intensity_publisher_lib
[ 48%] Built target hazard_publisher_lib
[ 48%] [32m[1mLinking CXX shared library libwheel_status_publisher_lib.so[0m
[ 48%] Built target wheel_status_publisher_lib
[ 48%] [32m[1mLinking CXX shared library librobot_state_lib.so[0m
[ 48%] Built target robot_state_lib
[ 48%] [32mBuilding CXX object CMakeFiles/motion_control_lib.dir/src/motion_control/wall_follow_states.cpp.o[0m
[ 48%] [32mBuilding CXX object CMakeFiles/motion_control_lib.dir/src/motion_control/wall_follow_behavior.cpp.o[0m
[ 48%] [32mBuilding CXX object CMakeFiles/motion_control_lib.dir/src/motion_control/reflex_behavior.cpp.o[0m
[ 48%] [32mBuilding CXX object CMakeFiles/motion_control_lib.dir/src/motion_control/drive_goal_behaviors.cpp.o[0m
[ 48%] [32m[1mLinking CXX shared library libmotion_control_lib.so[0m
[ 48%] Built target motion_control_lib
