[0.012s] Invoking command in '/home/eea/create3_ws/build/irobot_create_nodes': AMENT_PREFIX_PATH=/home/eea/create3_ws/install/irobot_create_toolbox:${AMENT_PREFIX_PATH} CMAKE_PREFIX_PATH=/home/eea/create3_ws/install/irobot_create_toolbox:/opt/ros/humble LD_LIBRARY_PATH=/home/eea/create3_ws/install/irobot_create_toolbox/lib:${LD_LIBRARY_PATH} /usr/bin/cmake /home/eea/create3_ws/src/create3_sim/irobot_create_common/irobot_create_nodes -DAMENT_CMAKE_SYMLINK_INSTALL=1 -DCMAKE_INSTALL_PREFIX=/home/eea/create3_ws/install/irobot_create_nodes
[0.063s] -- The C compiler identification is GNU 11.4.0
[0.115s] -- The CXX compiler identification is GNU 11.4.0
[0.124s] -- Detecting C compiler ABI info
[0.198s] -- Detecting C compiler ABI info - done
[0.212s] -- Check for working C compiler: /usr/bin/cc - skipped
[0.212s] -- Detecting C compile features
[0.212s] -- Detecting C compile features - done
[0.216s] -- Detecting CXX compiler ABI info
[0.310s] -- Detecting CXX compiler ABI info - done
[0.323s] -- Check for working CXX compiler: /usr/bin/c++ - skipped
[0.323s] -- Detecting CXX compile features
[0.324s] -- Detecting CXX compile features - done
[0.327s] -- Found ament_cmake: 1.3.10 (/opt/ros/humble/share/ament_cmake/cmake)
[0.496s] -- Found Python3: /usr/bin/python3 (found version "3.10.12") found components: Interpreter 
[0.571s] -- Override CMake install command with custom implementation using symlinks instead of copying resources
[0.599s] -- Found angles: 1.15.0 (/opt/ros/humble/share/angles/cmake)
[0.604s] -- Found control_msgs: 4.6.0 (/opt/ros/humble/share/control_msgs/cmake)
[0.646s] -- Found rosidl_generator_c: 3.1.5 (/opt/ros/humble/share/rosidl_generator_c/cmake)
[0.651s] -- Found rosidl_adapter: 3.1.5 (/opt/ros/humble/share/rosidl_adapter/cmake)
[0.659s] -- Found rosidl_generator_cpp: 3.1.5 (/opt/ros/humble/share/rosidl_generator_cpp/cmake)
[0.671s] -- Using all available rosidl_typesupport_c: rosidl_typesupport_fastrtps_c;rosidl_typesupport_introspection_c
[0.687s] -- Using all available rosidl_typesupport_cpp: rosidl_typesupport_fastrtps_cpp;rosidl_typesupport_introspection_cpp
[0.840s] -- Found nav_msgs: 4.2.4 (/opt/ros/humble/share/nav_msgs/cmake)
[0.866s] -- Found irobot_create_msgs: 2.1.0 (/opt/ros/humble/share/irobot_create_msgs/cmake)
[0.900s] -- Found irobot_create_toolbox: 2.1.0 (/home/eea/create3_ws/install/irobot_create_toolbox/share/irobot_create_toolbox/cmake)
[0.976s] -- Found rmw_implementation_cmake: 6.1.2 (/opt/ros/humble/share/rmw_implementation_cmake/cmake)
[0.980s] -- Found rmw_fastrtps_cpp: 6.2.7 (/opt/ros/humble/share/rmw_fastrtps_cpp/cmake)
[1.095s] -- Found OpenSSL: /usr/lib/x86_64-linux-gnu/libcrypto.so (found version "3.0.2")  
[1.141s] -- Found FastRTPS: /opt/ros/humble/include  
[1.205s] -- Using RMW implementation 'rmw_fastrtps_cpp' as default
[1.217s] -- Looking for pthread.h
[1.307s] -- Looking for pthread.h - found
[1.307s] -- Performing Test CMAKE_HAVE_LIBC_PTHREAD
[1.395s] -- Performing Test CMAKE_HAVE_LIBC_PTHREAD - Success
[1.396s] -- Found Threads: TRUE  
[1.435s] -- Found rclcpp_action: 16.0.10 (/opt/ros/humble/share/rclcpp_action/cmake)
[1.446s] -- Found rclcpp_components: 16.0.10 (/opt/ros/humble/share/rclcpp_components/cmake)
[1.481s] -- Found tf2: 0.25.8 (/opt/ros/humble/share/tf2/cmake)
[1.486s] -- Found tf2_geometry_msgs: 0.25.8 (/opt/ros/humble/share/tf2_geometry_msgs/cmake)
[1.499s] -- Found eigen3_cmake_module: 0.1.1 (/opt/ros/humble/share/eigen3_cmake_module/cmake)
[1.501s] -- Found Eigen3: TRUE (found version "3.4.0") 
[1.501s] -- Ensuring Eigen3 include directory is part of orocos-kdl CMake target
[1.551s] -- Found Boost: /usr/lib/x86_64-linux-gnu/cmake/Boost-1.74.0/BoostConfig.cmake (found version "1.74.0")  
[1.602s] -- Found ament_lint_auto: 0.12.11 (/opt/ros/humble/share/ament_lint_auto/cmake)
[1.701s] -- Added test 'cppcheck' to perform static code analysis on C / C++ code
[1.703s] -- Configured cppcheck include dirs: /home/eea/create3_ws/src/create3_sim/irobot_create_common/irobot_create_nodes/include
[1.704s] -- Configured cppcheck exclude dirs and/or files: 
[1.706s] -- Added test 'cpplint' to check C / C++ code against the Google style
[1.706s] -- Configured cpplint exclude dirs and/or files: 
[1.708s] -- Added test 'lint_cmake' to check CMake code style
[1.711s] -- Added test 'uncrustify' to check C / C++ code style
[1.711s] -- Configured uncrustify additional arguments: 
[1.712s] -- Added test 'xmllint' to check XML markup files
[1.716s] -- Configuring done
[1.953s] -- Generating done
[2.095s] -- Build files have been written to: /home/eea/create3_ws/build/irobot_create_nodes
[2.146s] Invoked command in '/home/eea/create3_ws/build/irobot_create_nodes' returned '0': AMENT_PREFIX_PATH=/home/eea/create3_ws/install/irobot_create_toolbox:${AMENT_PREFIX_PATH} CMAKE_PREFIX_PATH=/home/eea/create3_ws/install/irobot_create_toolbox:/opt/ros/humble LD_LIBRARY_PATH=/home/eea/create3_ws/install/irobot_create_toolbox/lib:${LD_LIBRARY_PATH} /usr/bin/cmake /home/eea/create3_ws/src/create3_sim/irobot_create_common/irobot_create_nodes -DAMENT_CMAKE_SYMLINK_INSTALL=1 -DCMAKE_INSTALL_PREFIX=/home/eea/create3_ws/install/irobot_create_nodes
[2.148s] Invoking command in '/home/eea/create3_ws/build/irobot_create_nodes': AMENT_PREFIX_PATH=/home/eea/create3_ws/install/irobot_create_toolbox:${AMENT_PREFIX_PATH} CMAKE_PREFIX_PATH=/home/eea/create3_ws/install/irobot_create_toolbox:/opt/ros/humble LD_LIBRARY_PATH=/home/eea/create3_ws/install/irobot_create_toolbox/lib:${LD_LIBRARY_PATH} /usr/bin/cmake --build /home/eea/create3_ws/build/irobot_create_nodes -- -j8 -l8
[2.285s] [  2%] [32mBuilding CXX object CMakeFiles/hazard_publisher_lib.dir/src/hazards_vector_publisher.cpp.o[0m
[2.310s] [  5%] [32mBuilding CXX object CMakeFiles/motion_control_lib.dir/src/motion_control_node.cpp.o[0m
[2.310s] [  8%] [32mBuilding CXX object CMakeFiles/ir_intensity_publisher_lib.dir/src/ir_intensity_vector_publisher.cpp.o[0m
[2.313s] [ 10%] [32mBuilding CXX object CMakeFiles/ir_intensity_vector_publisher.dir/rclcpp_components/node_main_ir_intensity_vector_publisher.cpp.o[0m
[2.318s] [ 13%] [32mBuilding CXX object CMakeFiles/hazards_vector_publisher.dir/rclcpp_components/node_main_hazards_vector_publisher.cpp.o[0m
[2.325s] [ 16%] [32mBuilding CXX object CMakeFiles/wheel_status_publisher_lib.dir/src/wheels_publisher.cpp.o[0m
[2.325s] [ 18%] [32mBuilding CXX object CMakeFiles/motion_control.dir/rclcpp_components/node_main_motion_control.cpp.o[0m
[2.330s] [ 21%] [32mBuilding CXX object CMakeFiles/wheel_status_publisher.dir/rclcpp_components/node_main_wheel_status_publisher.cpp.o[0m
[14.425s] [ 24%] [32m[1mLinking CXX executable motion_control[0m
[14.436s] [ 27%] [32m[1mLinking CXX executable hazards_vector_publisher[0m
[15.325s] [ 27%] Built target motion_control
[15.372s] [ 27%] Built target hazards_vector_publisher
[15.387s] [ 29%] [32mBuilding CXX object CMakeFiles/robot_state_lib.dir/src/robot_state.cpp.o[0m
[15.431s] [ 32%] [32mBuilding CXX object CMakeFiles/robot_state.dir/rclcpp_components/node_main_robot_state.cpp.o[0m
[17.526s] [ 35%] [32m[1mLinking CXX executable ir_intensity_vector_publisher[0m
[17.876s] [ 35%] Built target ir_intensity_vector_publisher
[17.975s] [ 37%] [32mBuilding CXX object CMakeFiles/ui_mgr_lib.dir/src/ui_mgr.cpp.o[0m
[18.475s] [ 40%] [32m[1mLinking CXX executable wheel_status_publisher[0m
[18.750s] [ 40%] Built target wheel_status_publisher
[18.858s] [ 43%] [32mBuilding CXX object CMakeFiles/ui_mgr.dir/rclcpp_components/node_main_ui_mgr.cpp.o[0m
