[0.016s] Invoking command in '/home/eea/create3_ws/build/irobot_create_ignition_plugins': CMAKE_PREFIX_PATH=/opt/ros/humble /usr/bin/cmake /home/eea/create3_ws/src/create3_sim/irobot_create_ignition/irobot_create_ignition_plugins -DAMENT_CMAKE_SYMLINK_INSTALL=1 -DCMAKE_INSTALL_PREFIX=/home/eea/create3_ws/install/irobot_create_ignition_plugins
[0.181s] -- The C compiler identification is GNU 11.4.0
[0.309s] -- The CXX compiler identification is GNU 11.4.0
[0.321s] -- Detecting C compiler ABI info
[0.402s] -- Detecting C compiler ABI info - done
[0.416s] -- Check for working C compiler: /usr/bin/cc - skipped
[0.416s] -- Detecting C compile features
[0.417s] -- Detecting C compile features - done
[0.422s] -- Detecting CXX compiler ABI info
[0.501s] -- Detecting CXX compiler ABI info - done
[0.508s] -- Check for working CXX compiler: /usr/bin/c++ - skipped
[0.509s] -- Detecting CXX compile features
[0.509s] -- Detecting CXX compile features - done
[0.511s] -- Found ament_cmake: 1.3.10 (/opt/ros/humble/share/ament_cmake/cmake)
[0.664s] -- Found Python3: /usr/bin/python3 (found version "3.10.12") found components: Interpreter 
[0.740s] -- Override CMake install command with custom implementation using symlinks instead of copying resources
[1.134s] -- Found Protobuf: /usr/lib/x86_64-linux-gnu/libprotobuf.so (found version "3.12.4") 
[1.233s] -- Found Protobuf: /usr/lib/x86_64-linux-gnu/libprotobuf.so (found suitable version "3.12.4", minimum required is "3") 
[1.775s] -- Found Protobuf: /usr/lib/x86_64-linux-gnu/libprotobuf.so (found version "3.12.4") 
[1.860s] -- Found ament_lint_auto: 0.12.11 (/opt/ros/humble/share/ament_lint_auto/cmake)
[1.928s] -- Added test 'cppcheck' to perform static code analysis on C / C++ code
[1.929s] -- Configured cppcheck include dirs: 
[1.929s] -- Configured cppcheck exclude dirs and/or files: 
[1.929s] -- Added test 'cpplint' to check C / C++ code against the Google style
[1.929s] -- Configured cpplint exclude dirs and/or files: 
[1.930s] -- Added test 'lint_cmake' to check CMake code style
[1.931s] -- Added test 'xmllint' to check XML markup files
[1.932s] -- Configuring done
[1.959s] -- Generating done
[1.962s] -- Build files have been written to: /home/eea/create3_ws/build/irobot_create_ignition_plugins
[1.975s] Invoked command in '/home/eea/create3_ws/build/irobot_create_ignition_plugins' returned '0': CMAKE_PREFIX_PATH=/opt/ros/humble /usr/bin/cmake /home/eea/create3_ws/src/create3_sim/irobot_create_ignition/irobot_create_ignition_plugins -DAMENT_CMAKE_SYMLINK_INSTALL=1 -DCMAKE_INSTALL_PREFIX=/home/eea/create3_ws/install/irobot_create_ignition_plugins
[1.977s] Invoking command in '/home/eea/create3_ws/build/irobot_create_ignition_plugins': CMAKE_PREFIX_PATH=/opt/ros/humble /usr/bin/cmake --build /home/eea/create3_ws/build/irobot_create_ignition_plugins -- -j8 -l8
[2.024s] [ 16%] [34m[1mAutomatic MOC for target Create3Hmi[0m
[4.667s] [ 16%] Built target Create3Hmi_autogen
[4.675s] [ 33%] [34m[1mGenerating qrc_Create3Hmi.cpp[0m
[4.698s] [ 83%] [32mBuilding CXX object Create3Hmi/CMakeFiles/Create3Hmi.dir/qrc_Create3Hmi.cpp.o[0m
[4.699s] [ 83%] [32mBuilding CXX object Create3Hmi/CMakeFiles/Create3Hmi.dir/Create3Hmi_autogen/mocs_compilation.cpp.o[0m
[4.699s] [ 83%] [32mBuilding CXX object Create3Hmi/CMakeFiles/Create3Hmi.dir/Create3Hmi.cc.o[0m
