[0.014s] Invoking command in '/home/eea/create3_ws/build/irobot_create_nodes': AMENT_PREFIX_PATH=/home/eea/create3_ws/install/irobot_create_toolbox:${AMENT_PREFIX_PATH} CMAKE_PREFIX_PATH=/home/eea/create3_ws/install/irobot_create_toolbox:/opt/ros/humble LD_LIBRARY_PATH=/home/eea/create3_ws/install/irobot_create_toolbox/lib:${LD_LIBRARY_PATH} /usr/bin/cmake /home/eea/create3_ws/src/create3_sim/irobot_create_common/irobot_create_nodes -DAMENT_CMAKE_SYMLINK_INSTALL=1 -DCMAKE_INSTALL_PREFIX=/home/eea/create3_ws/install/irobot_create_nodes
[0.027s] -- Found ament_cmake: 1.3.10 (/opt/ros/humble/share/ament_cmake/cmake)
[0.158s] -- Override CMake install command with custom implementation using symlinks instead of copying resources
[0.169s] -- Found angles: 1.15.0 (/opt/ros/humble/share/angles/cmake)
[0.171s] -- Found control_msgs: 4.6.0 (/opt/ros/humble/share/control_msgs/cmake)
[0.197s] -- Found rosidl_generator_c: 3.1.5 (/opt/ros/humble/share/rosidl_generator_c/cmake)
[0.199s] -- Found rosidl_adapter: 3.1.5 (/opt/ros/humble/share/rosidl_adapter/cmake)
[0.205s] -- Found rosidl_generator_cpp: 3.1.5 (/opt/ros/humble/share/rosidl_generator_cpp/cmake)
[0.214s] -- Using all available rosidl_typesupport_c: rosidl_typesupport_fastrtps_c;rosidl_typesupport_introspection_c
[0.226s] -- Using all available rosidl_typesupport_cpp: rosidl_typesupport_fastrtps_cpp;rosidl_typesupport_introspection_cpp
[0.349s] -- Found nav_msgs: 4.2.4 (/opt/ros/humble/share/nav_msgs/cmake)
[0.375s] -- Found irobot_create_msgs: 2.1.0 (/opt/ros/humble/share/irobot_create_msgs/cmake)
[0.402s] -- Found irobot_create_toolbox: 2.1.0 (/home/eea/create3_ws/install/irobot_create_toolbox/share/irobot_create_toolbox/cmake)
[0.434s] -- Found rmw_implementation_cmake: 6.1.2 (/opt/ros/humble/share/rmw_implementation_cmake/cmake)
[0.435s] -- Found rmw_fastrtps_cpp: 6.2.7 (/opt/ros/humble/share/rmw_fastrtps_cpp/cmake)
[0.532s] -- Using RMW implementation 'rmw_fastrtps_cpp' as default
[0.571s] -- Found rclcpp_action: 16.0.10 (/opt/ros/humble/share/rclcpp_action/cmake)
[0.579s] -- Found rclcpp_components: 16.0.10 (/opt/ros/humble/share/rclcpp_components/cmake)
[0.597s] -- Found tf2: 0.25.8 (/opt/ros/humble/share/tf2/cmake)
[0.600s] -- Found tf2_geometry_msgs: 0.25.8 (/opt/ros/humble/share/tf2_geometry_msgs/cmake)
[0.602s] -- Found eigen3_cmake_module: 0.1.1 (/opt/ros/humble/share/eigen3_cmake_module/cmake)
[0.604s] -- Ensuring Eigen3 include directory is part of orocos-kdl CMake target
[0.692s] -- Found ament_lint_auto: 0.12.11 (/opt/ros/humble/share/ament_lint_auto/cmake)
[0.765s] -- Added test 'cppcheck' to perform static code analysis on C / C++ code
[0.768s] -- Configured cppcheck include dirs: /home/eea/create3_ws/src/create3_sim/irobot_create_common/irobot_create_nodes/include
[0.768s] -- Configured cppcheck exclude dirs and/or files: 
[0.770s] -- Added test 'cpplint' to check C / C++ code against the Google style
[0.770s] -- Configured cpplint exclude dirs and/or files: 
[0.771s] -- Added test 'lint_cmake' to check CMake code style
[0.773s] -- Added test 'uncrustify' to check C / C++ code style
[0.773s] -- Configured uncrustify additional arguments: 
[0.773s] -- Added test 'xmllint' to check XML markup files
[0.775s] -- Configuring done
[0.932s] -- Generating done
[0.985s] -- Build files have been written to: /home/eea/create3_ws/build/irobot_create_nodes
[1.004s] Invoked command in '/home/eea/create3_ws/build/irobot_create_nodes' returned '0': AMENT_PREFIX_PATH=/home/eea/create3_ws/install/irobot_create_toolbox:${AMENT_PREFIX_PATH} CMAKE_PREFIX_PATH=/home/eea/create3_ws/install/irobot_create_toolbox:/opt/ros/humble LD_LIBRARY_PATH=/home/eea/create3_ws/install/irobot_create_toolbox/lib:${LD_LIBRARY_PATH} /usr/bin/cmake /home/eea/create3_ws/src/create3_sim/irobot_create_common/irobot_create_nodes -DAMENT_CMAKE_SYMLINK_INSTALL=1 -DCMAKE_INSTALL_PREFIX=/home/eea/create3_ws/install/irobot_create_nodes
[1.006s] Invoking command in '/home/eea/create3_ws/build/irobot_create_nodes': AMENT_PREFIX_PATH=/home/eea/create3_ws/install/irobot_create_toolbox:${AMENT_PREFIX_PATH} CMAKE_PREFIX_PATH=/home/eea/create3_ws/install/irobot_create_toolbox:/opt/ros/humble LD_LIBRARY_PATH=/home/eea/create3_ws/install/irobot_create_toolbox/lib:${LD_LIBRARY_PATH} /usr/bin/cmake --build /home/eea/create3_ws/build/irobot_create_nodes -- -j8 -l8
[1.052s] [35m[1mConsolidate compiler generated dependencies of target ir_intensity_vector_publisher[0m
[1.052s] [35m[1mConsolidate compiler generated dependencies of target hazards_vector_publisher[0m
[1.056s] [35m[1mConsolidate compiler generated dependencies of target ir_intensity_publisher_lib[0m
[1.057s] [35m[1mConsolidate compiler generated dependencies of target hazard_publisher_lib[0m
[1.058s] [35m[1mConsolidate compiler generated dependencies of target wheel_status_publisher_lib[0m
[1.062s] [35m[1mConsolidate compiler generated dependencies of target wheel_status_publisher[0m
[1.066s] [35m[1mConsolidate compiler generated dependencies of target motion_control[0m
[1.073s] [35m[1mConsolidate compiler generated dependencies of target motion_control_lib[0m
[1.087s] [ 48%] Built target hazards_vector_publisher
[1.092s] [ 48%] Built target ir_intensity_publisher_lib
[1.093s] [ 48%] Built target wheel_status_publisher
[1.097s] [ 48%] Built target wheel_status_publisher_lib
[1.097s] [ 48%] Built target hazard_publisher_lib
[1.106s] [ 48%] Built target motion_control
[1.106s] [ 48%] Built target ir_intensity_vector_publisher
[1.108s] [35m[1mConsolidate compiler generated dependencies of target robot_state_lib[0m
[1.117s] [35m[1mConsolidate compiler generated dependencies of target robot_state[0m
[1.124s] [35m[1mConsolidate compiler generated dependencies of target ui_mgr_lib[0m
[1.129s] [35m[1mConsolidate compiler generated dependencies of target ui_mgr[0m
[1.131s] [35m[1mConsolidate compiler generated dependencies of target mock_publisher[0m
[1.136s] [35m[1mConsolidate compiler generated dependencies of target mock_publisher_lib[0m
[1.142s] [35m[1mConsolidate compiler generated dependencies of target kidnap_estimator_publisher_lib[0m
[1.151s] [ 48%] Built target robot_state
[1.151s] [ 48%] Built target motion_control_lib
[1.161s] [ 48%] Built target robot_state_lib
[1.165s] [ 48%] Built target ui_mgr
[1.171s] [ 48%] Built target ui_mgr_lib
[1.174s] [35m[1mConsolidate compiler generated dependencies of target kidnap_estimator_publisher[0m
[1.175s] [ 48%] Built target mock_publisher_lib
[1.177s] [ 48%] Built target mock_publisher
[1.179s] [ 48%] Built target kidnap_estimator_publisher_lib
[1.193s] [ 48%] Built target kidnap_estimator_publisher
[1.204s] Invoked command in '/home/eea/create3_ws/build/irobot_create_nodes' returned '0': AMENT_PREFIX_PATH=/home/eea/create3_ws/install/irobot_create_toolbox:${AMENT_PREFIX_PATH} CMAKE_PREFIX_PATH=/home/eea/create3_ws/install/irobot_create_toolbox:/opt/ros/humble LD_LIBRARY_PATH=/home/eea/create3_ws/install/irobot_create_toolbox/lib:${LD_LIBRARY_PATH} /usr/bin/cmake --build /home/eea/create3_ws/build/irobot_create_nodes -- -j8 -l8
[1.206s] Invoking command in '/home/eea/create3_ws/build/irobot_create_nodes': AMENT_PREFIX_PATH=/home/eea/create3_ws/install/irobot_create_toolbox:${AMENT_PREFIX_PATH} CMAKE_PREFIX_PATH=/home/eea/create3_ws/install/irobot_create_toolbox:/opt/ros/humble LD_LIBRARY_PATH=/home/eea/create3_ws/install/irobot_create_toolbox/lib:${LD_LIBRARY_PATH} /usr/bin/cmake --install /home/eea/create3_ws/build/irobot_create_nodes
[1.213s] -- Install configuration: ""
[1.214s] -- Execute custom install script
[1.214s] -- Up-to-date symlink: /home/eea/create3_ws/install/irobot_create_nodes/lib/irobot_create_nodes/hazards_vector_publisher
[1.214s] -- Up-to-date symlink: /home/eea/create3_ws/install/irobot_create_nodes/lib/irobot_create_nodes/ir_intensity_vector_publisher
[1.215s] -- Up-to-date symlink: /home/eea/create3_ws/install/irobot_create_nodes/lib/irobot_create_nodes/motion_control
[1.215s] -- Up-to-date symlink: /home/eea/create3_ws/install/irobot_create_nodes/lib/irobot_create_nodes/wheel_status_publisher
[1.215s] -- Up-to-date symlink: /home/eea/create3_ws/install/irobot_create_nodes/lib/irobot_create_nodes/robot_state
[1.216s] -- Up-to-date symlink: /home/eea/create3_ws/install/irobot_create_nodes/lib/irobot_create_nodes/ui_mgr
[1.216s] -- Up-to-date symlink: /home/eea/create3_ws/install/irobot_create_nodes/lib/irobot_create_nodes/mock_publisher
[1.216s] -- Up-to-date symlink: /home/eea/create3_ws/install/irobot_create_nodes/lib/irobot_create_nodes/kidnap_estimator_publisher
[1.217s] -- Up-to-date symlink: /home/eea/create3_ws/install/irobot_create_nodes/lib/libhazard_publisher_lib.so
[1.217s] -- Up-to-date symlink: /home/eea/create3_ws/install/irobot_create_nodes/lib/libir_intensity_publisher_lib.so
[1.217s] -- Up-to-date symlink: /home/eea/create3_ws/install/irobot_create_nodes/lib/libmotion_control_lib.so
[1.217s] -- Up-to-date symlink: /home/eea/create3_ws/install/irobot_create_nodes/lib/libwheel_status_publisher_lib.so
[1.218s] -- Up-to-date symlink: /home/eea/create3_ws/install/irobot_create_nodes/lib/librobot_state_lib.so
[1.218s] -- Up-to-date symlink: /home/eea/create3_ws/install/irobot_create_nodes/lib/libui_mgr_lib.so
[1.218s] -- Up-to-date symlink: /home/eea/create3_ws/install/irobot_create_nodes/lib/libmock_publisher_lib.so
[1.218s] -- Up-to-date symlink: /home/eea/create3_ws/install/irobot_create_nodes/lib/libkidnap_estimator_publisher_lib.so
[1.219s] -- Up-to-date symlink: /home/eea/create3_ws/install/irobot_create_nodes/include/irobot_create_nodes/hazards_vector_publisher.hpp
[1.219s] -- Up-to-date symlink: /home/eea/create3_ws/install/irobot_create_nodes/include/irobot_create_nodes/ir_intensity_vector_publisher.hpp
[1.219s] -- Up-to-date symlink: /home/eea/create3_ws/install/irobot_create_nodes/include/irobot_create_nodes/kidnap_estimator_publisher.hpp
[1.219s] -- Up-to-date symlink: /home/eea/create3_ws/install/irobot_create_nodes/include/irobot_create_nodes/mock_publisher.hpp
[1.220s] -- Up-to-date symlink: /home/eea/create3_ws/install/irobot_create_nodes/include/irobot_create_nodes/motion_control/behaviors_scheduler.hpp
[1.220s] -- Up-to-date symlink: /home/eea/create3_ws/install/irobot_create_nodes/include/irobot_create_nodes/motion_control/docking_behavior.hpp
[1.220s] -- Up-to-date symlink: /home/eea/create3_ws/install/irobot_create_nodes/include/irobot_create_nodes/motion_control/drive_goal_behaviors.hpp
[1.220s] -- Up-to-date symlink: /home/eea/create3_ws/install/irobot_create_nodes/include/irobot_create_nodes/motion_control/reflex_behavior.hpp
[1.221s] -- Up-to-date symlink: /home/eea/create3_ws/install/irobot_create_nodes/include/irobot_create_nodes/motion_control/simple_goal_controller.hpp
[1.221s] -- Up-to-date symlink: /home/eea/create3_ws/install/irobot_create_nodes/include/irobot_create_nodes/motion_control/wall_follow_behavior.hpp
[1.221s] -- Up-to-date symlink: /home/eea/create3_ws/install/irobot_create_nodes/include/irobot_create_nodes/motion_control/wall_follow_states.hpp
[1.221s] -- Up-to-date symlink: /home/eea/create3_ws/install/irobot_create_nodes/include/irobot_create_nodes/motion_control_node.hpp
[1.221s] -- Up-to-date symlink: /home/eea/create3_ws/install/irobot_create_nodes/include/irobot_create_nodes/robot_state.hpp
[1.222s] -- Up-to-date symlink: /home/eea/create3_ws/install/irobot_create_nodes/include/irobot_create_nodes/ui_mgr.hpp
[1.222s] -- Up-to-date symlink: /home/eea/create3_ws/install/irobot_create_nodes/include/irobot_create_nodes/wheels_publisher.hpp
[1.222s] -- Up-to-date symlink: /home/eea/create3_ws/install/irobot_create_nodes/share/irobot_create_nodes/environment/library_path.sh
[1.222s] -- Up-to-date symlink: /home/eea/create3_ws/install/irobot_create_nodes/share/irobot_create_nodes/environment/library_path.dsv
[1.222s] -- Up-to-date symlink: /home/eea/create3_ws/install/irobot_create_nodes/share/ament_index/resource_index/package_run_dependencies/irobot_create_nodes
[1.223s] -- Up-to-date symlink: /home/eea/create3_ws/install/irobot_create_nodes/share/ament_index/resource_index/parent_prefix_path/irobot_create_nodes
[1.223s] -- Up-to-date symlink: /home/eea/create3_ws/install/irobot_create_nodes/share/irobot_create_nodes/environment/ament_prefix_path.sh
[1.223s] -- Up-to-date symlink: /home/eea/create3_ws/install/irobot_create_nodes/share/irobot_create_nodes/environment/ament_prefix_path.dsv
[1.223s] -- Up-to-date symlink: /home/eea/create3_ws/install/irobot_create_nodes/share/irobot_create_nodes/environment/path.sh
[1.224s] -- Up-to-date symlink: /home/eea/create3_ws/install/irobot_create_nodes/share/irobot_create_nodes/environment/path.dsv
[1.224s] -- Up-to-date symlink: /home/eea/create3_ws/install/irobot_create_nodes/share/irobot_create_nodes/local_setup.bash
[1.224s] -- Up-to-date symlink: /home/eea/create3_ws/install/irobot_create_nodes/share/irobot_create_nodes/local_setup.sh
[1.224s] -- Up-to-date symlink: /home/eea/create3_ws/install/irobot_create_nodes/share/irobot_create_nodes/local_setup.zsh
[1.225s] -- Up-to-date symlink: /home/eea/create3_ws/install/irobot_create_nodes/share/irobot_create_nodes/local_setup.dsv
[1.225s] -- Symlinking: /home/eea/create3_ws/install/irobot_create_nodes/share/irobot_create_nodes/package.dsv
[1.233s] -- Up-to-date symlink: /home/eea/create3_ws/install/irobot_create_nodes/share/ament_index/resource_index/packages/irobot_create_nodes
[1.233s] -- Up-to-date symlink: /home/eea/create3_ws/install/irobot_create_nodes/share/ament_index/resource_index/rclcpp_components/irobot_create_nodes
[1.233s] -- Up-to-date symlink: /home/eea/create3_ws/install/irobot_create_nodes/share/irobot_create_nodes/cmake/ament_cmake_export_include_directories-extras.cmake
[1.234s] -- Up-to-date symlink: /home/eea/create3_ws/install/irobot_create_nodes/share/irobot_create_nodes/cmake/ament_cmake_export_libraries-extras.cmake
[1.234s] -- Up-to-date symlink: /home/eea/create3_ws/install/irobot_create_nodes/share/irobot_create_nodes/cmake/ament_cmake_export_dependencies-extras.cmake
[1.234s] -- Up-to-date symlink: /home/eea/create3_ws/install/irobot_create_nodes/share/irobot_create_nodes/cmake/irobot_create_nodesConfig.cmake
[1.234s] -- Up-to-date symlink: /home/eea/create3_ws/install/irobot_create_nodes/share/irobot_create_nodes/cmake/irobot_create_nodesConfig-version.cmake
[1.234s] -- Up-to-date symlink: /home/eea/create3_ws/install/irobot_create_nodes/share/irobot_create_nodes/package.xml
[1.237s] Invoked command in '/home/eea/create3_ws/build/irobot_create_nodes' returned '0': AMENT_PREFIX_PATH=/home/eea/create3_ws/install/irobot_create_toolbox:${AMENT_PREFIX_PATH} CMAKE_PREFIX_PATH=/home/eea/create3_ws/install/irobot_create_toolbox:/opt/ros/humble LD_LIBRARY_PATH=/home/eea/create3_ws/install/irobot_create_toolbox/lib:${LD_LIBRARY_PATH} /usr/bin/cmake --install /home/eea/create3_ws/build/irobot_create_nodes
