[0.012s] Invoking command in '/home/eea/create3_ws/build/irobot_create_nodes': AMENT_PREFIX_PATH=/home/eea/create3_ws/install/irobot_create_toolbox:${AMENT_PREFIX_PATH} CMAKE_PREFIX_PATH=/home/eea/create3_ws/install/irobot_create_toolbox:/opt/ros/humble LD_LIBRARY_PATH=/home/eea/create3_ws/install/irobot_create_toolbox/lib:${LD_LIBRARY_PATH} /usr/bin/cmake /home/eea/create3_ws/src/create3_sim/irobot_create_common/irobot_create_nodes -DAMENT_CMAKE_SYMLINK_INSTALL=1 -DCMAKE_INSTALL_PREFIX=/home/eea/create3_ws/install/irobot_create_nodes
[0.026s] -- Found ament_cmake: 1.3.10 (/opt/ros/humble/share/ament_cmake/cmake)
[0.154s] -- Override CMake install command with custom implementation using symlinks instead of copying resources
[0.162s] -- Found angles: 1.15.0 (/opt/ros/humble/share/angles/cmake)
[0.165s] -- Found control_msgs: 4.6.0 (/opt/ros/humble/share/control_msgs/cmake)
[0.200s] -- Found rosidl_generator_c: 3.1.5 (/opt/ros/humble/share/rosidl_generator_c/cmake)
[0.204s] -- Found rosidl_adapter: 3.1.5 (/opt/ros/humble/share/rosidl_adapter/cmake)
[0.212s] -- Found rosidl_generator_cpp: 3.1.5 (/opt/ros/humble/share/rosidl_generator_cpp/cmake)
[0.225s] -- Using all available rosidl_typesupport_c: rosidl_typesupport_fastrtps_c;rosidl_typesupport_introspection_c
[0.240s] -- Using all available rosidl_typesupport_cpp: rosidl_typesupport_fastrtps_cpp;rosidl_typesupport_introspection_cpp
[0.370s] -- Found nav_msgs: 4.2.4 (/opt/ros/humble/share/nav_msgs/cmake)
[0.400s] -- Found irobot_create_msgs: 2.1.0 (/opt/ros/humble/share/irobot_create_msgs/cmake)
[0.420s] -- Found irobot_create_toolbox: 2.1.0 (/home/eea/create3_ws/install/irobot_create_toolbox/share/irobot_create_toolbox/cmake)
[0.451s] -- Found rmw_implementation_cmake: 6.1.2 (/opt/ros/humble/share/rmw_implementation_cmake/cmake)
[0.452s] -- Found rmw_fastrtps_cpp: 6.2.7 (/opt/ros/humble/share/rmw_fastrtps_cpp/cmake)
[0.550s] -- Using RMW implementation 'rmw_fastrtps_cpp' as default
[0.592s] -- Found rclcpp_action: 16.0.10 (/opt/ros/humble/share/rclcpp_action/cmake)
[0.605s] -- Found rclcpp_components: 16.0.10 (/opt/ros/humble/share/rclcpp_components/cmake)
[0.638s] -- Found tf2: 0.25.8 (/opt/ros/humble/share/tf2/cmake)
[0.641s] -- Found tf2_geometry_msgs: 0.25.8 (/opt/ros/humble/share/tf2_geometry_msgs/cmake)
[0.643s] -- Found eigen3_cmake_module: 0.1.1 (/opt/ros/humble/share/eigen3_cmake_module/cmake)
[0.644s] -- Ensuring Eigen3 include directory is part of orocos-kdl CMake target
[0.734s] -- Found ament_lint_auto: 0.12.11 (/opt/ros/humble/share/ament_lint_auto/cmake)
[0.809s] -- Added test 'cppcheck' to perform static code analysis on C / C++ code
[0.810s] -- Configured cppcheck include dirs: /home/eea/create3_ws/src/create3_sim/irobot_create_common/irobot_create_nodes/include
[0.810s] -- Configured cppcheck exclude dirs and/or files: 
[0.812s] -- Added test 'cpplint' to check C / C++ code against the Google style
[0.812s] -- Configured cpplint exclude dirs and/or files: 
[0.813s] -- Added test 'lint_cmake' to check CMake code style
[0.814s] -- Added test 'uncrustify' to check C / C++ code style
[0.814s] -- Configured uncrustify additional arguments: 
[0.815s] -- Added test 'xmllint' to check XML markup files
[0.818s] -- Configuring done
[1.045s] -- Generating done
[1.081s] -- Build files have been written to: /home/eea/create3_ws/build/irobot_create_nodes
[1.104s] Invoked command in '/home/eea/create3_ws/build/irobot_create_nodes' returned '0': AMENT_PREFIX_PATH=/home/eea/create3_ws/install/irobot_create_toolbox:${AMENT_PREFIX_PATH} CMAKE_PREFIX_PATH=/home/eea/create3_ws/install/irobot_create_toolbox:/opt/ros/humble LD_LIBRARY_PATH=/home/eea/create3_ws/install/irobot_create_toolbox/lib:${LD_LIBRARY_PATH} /usr/bin/cmake /home/eea/create3_ws/src/create3_sim/irobot_create_common/irobot_create_nodes -DAMENT_CMAKE_SYMLINK_INSTALL=1 -DCMAKE_INSTALL_PREFIX=/home/eea/create3_ws/install/irobot_create_nodes
[1.106s] Invoking command in '/home/eea/create3_ws/build/irobot_create_nodes': AMENT_PREFIX_PATH=/home/eea/create3_ws/install/irobot_create_toolbox:${AMENT_PREFIX_PATH} CMAKE_PREFIX_PATH=/home/eea/create3_ws/install/irobot_create_toolbox:/opt/ros/humble LD_LIBRARY_PATH=/home/eea/create3_ws/install/irobot_create_toolbox/lib:${LD_LIBRARY_PATH} /usr/bin/cmake --build /home/eea/create3_ws/build/irobot_create_nodes -- -j8 -l8
[1.152s] [35m[1mConsolidate compiler generated dependencies of target hazard_publisher_lib[0m
[1.153s] [35m[1mConsolidate compiler generated dependencies of target hazards_vector_publisher[0m
[1.154s] [35m[1mConsolidate compiler generated dependencies of target wheel_status_publisher_lib[0m
[1.154s] [35m[1mConsolidate compiler generated dependencies of target ir_intensity_vector_publisher[0m
[1.158s] [35m[1mConsolidate compiler generated dependencies of target ir_intensity_publisher_lib[0m
[1.163s] [35m[1mConsolidate compiler generated dependencies of target motion_control[0m
[1.163s] [35m[1mConsolidate compiler generated dependencies of target wheel_status_publisher[0m
[1.174s] [35m[1mConsolidate compiler generated dependencies of target motion_control_lib[0m
[1.182s] [ 48%] Built target hazards_vector_publisher
[1.183s] [ 48%] Built target wheel_status_publisher_lib
[1.183s] [ 48%] Built target ir_intensity_vector_publisher
[1.183s] [ 48%] Built target hazard_publisher_lib
[1.191s] [ 48%] Built target ir_intensity_publisher_lib
[1.191s] [ 48%] Built target wheel_status_publisher
[1.193s] [ 48%] Built target motion_control
[1.195s] [35m[1mConsolidate compiler generated dependencies of target robot_state[0m
[1.196s] [35m[1mConsolidate compiler generated dependencies of target ui_mgr_lib[0m
[1.200s] [35m[1mConsolidate compiler generated dependencies of target robot_state_lib[0m
[1.208s] [35m[1mConsolidate compiler generated dependencies of target mock_publisher_lib[0m
[1.208s] [35m[1mConsolidate compiler generated dependencies of target kidnap_estimator_publisher_lib[0m
[1.210s] [35m[1mConsolidate compiler generated dependencies of target ui_mgr[0m
[1.210s] [35m[1mConsolidate compiler generated dependencies of target mock_publisher[0m
[1.221s] [ 48%] Built target robot_state
[1.231s] [ 48%] Built target robot_state_lib
[1.231s] [ 48%] Built target ui_mgr_lib
[1.231s] [ 48%] Built target motion_control_lib
[1.232s] [ 48%] Built target mock_publisher_lib
[1.232s] [ 48%] Built target kidnap_estimator_publisher_lib
[1.235s] [ 48%] Built target ui_mgr
[1.235s] [ 48%] Built target mock_publisher
[1.242s] [35m[1mConsolidate compiler generated dependencies of target kidnap_estimator_publisher[0m
[1.260s] [ 48%] Built target kidnap_estimator_publisher
[1.271s] Invoked command in '/home/eea/create3_ws/build/irobot_create_nodes' returned '0': AMENT_PREFIX_PATH=/home/eea/create3_ws/install/irobot_create_toolbox:${AMENT_PREFIX_PATH} CMAKE_PREFIX_PATH=/home/eea/create3_ws/install/irobot_create_toolbox:/opt/ros/humble LD_LIBRARY_PATH=/home/eea/create3_ws/install/irobot_create_toolbox/lib:${LD_LIBRARY_PATH} /usr/bin/cmake --build /home/eea/create3_ws/build/irobot_create_nodes -- -j8 -l8
[1.272s] Invoking command in '/home/eea/create3_ws/build/irobot_create_nodes': AMENT_PREFIX_PATH=/home/eea/create3_ws/install/irobot_create_toolbox:${AMENT_PREFIX_PATH} CMAKE_PREFIX_PATH=/home/eea/create3_ws/install/irobot_create_toolbox:/opt/ros/humble LD_LIBRARY_PATH=/home/eea/create3_ws/install/irobot_create_toolbox/lib:${LD_LIBRARY_PATH} /usr/bin/cmake --install /home/eea/create3_ws/build/irobot_create_nodes
[1.279s] -- Install configuration: ""
[1.280s] -- Execute custom install script
[1.280s] -- Up-to-date symlink: /home/eea/create3_ws/install/irobot_create_nodes/lib/irobot_create_nodes/hazards_vector_publisher
[1.280s] -- Up-to-date symlink: /home/eea/create3_ws/install/irobot_create_nodes/lib/irobot_create_nodes/ir_intensity_vector_publisher
[1.281s] -- Up-to-date symlink: /home/eea/create3_ws/install/irobot_create_nodes/lib/irobot_create_nodes/motion_control
[1.281s] -- Up-to-date symlink: /home/eea/create3_ws/install/irobot_create_nodes/lib/irobot_create_nodes/wheel_status_publisher
[1.281s] -- Up-to-date symlink: /home/eea/create3_ws/install/irobot_create_nodes/lib/irobot_create_nodes/robot_state
[1.281s] -- Up-to-date symlink: /home/eea/create3_ws/install/irobot_create_nodes/lib/irobot_create_nodes/ui_mgr
[1.282s] -- Up-to-date symlink: /home/eea/create3_ws/install/irobot_create_nodes/lib/irobot_create_nodes/mock_publisher
[1.282s] -- Up-to-date symlink: /home/eea/create3_ws/install/irobot_create_nodes/lib/irobot_create_nodes/kidnap_estimator_publisher
[1.282s] -- Up-to-date symlink: /home/eea/create3_ws/install/irobot_create_nodes/lib/libhazard_publisher_lib.so
[1.282s] -- Up-to-date symlink: /home/eea/create3_ws/install/irobot_create_nodes/lib/libir_intensity_publisher_lib.so
[1.283s] -- Up-to-date symlink: /home/eea/create3_ws/install/irobot_create_nodes/lib/libmotion_control_lib.so
[1.283s] -- Up-to-date symlink: /home/eea/create3_ws/install/irobot_create_nodes/lib/libwheel_status_publisher_lib.so
[1.283s] -- Up-to-date symlink: /home/eea/create3_ws/install/irobot_create_nodes/lib/librobot_state_lib.so
[1.283s] -- Up-to-date symlink: /home/eea/create3_ws/install/irobot_create_nodes/lib/libui_mgr_lib.so
[1.283s] -- Up-to-date symlink: /home/eea/create3_ws/install/irobot_create_nodes/lib/libmock_publisher_lib.so
[1.283s] -- Up-to-date symlink: /home/eea/create3_ws/install/irobot_create_nodes/lib/libkidnap_estimator_publisher_lib.so
[1.284s] -- Up-to-date symlink: /home/eea/create3_ws/install/irobot_create_nodes/include/irobot_create_nodes/hazards_vector_publisher.hpp
[1.284s] -- Up-to-date symlink: /home/eea/create3_ws/install/irobot_create_nodes/include/irobot_create_nodes/ir_intensity_vector_publisher.hpp
[1.284s] -- Up-to-date symlink: /home/eea/create3_ws/install/irobot_create_nodes/include/irobot_create_nodes/kidnap_estimator_publisher.hpp
[1.284s] -- Up-to-date symlink: /home/eea/create3_ws/install/irobot_create_nodes/include/irobot_create_nodes/mock_publisher.hpp
[1.285s] -- Up-to-date symlink: /home/eea/create3_ws/install/irobot_create_nodes/include/irobot_create_nodes/motion_control/behaviors_scheduler.hpp
[1.285s] -- Up-to-date symlink: /home/eea/create3_ws/install/irobot_create_nodes/include/irobot_create_nodes/motion_control/docking_behavior.hpp
[1.285s] -- Up-to-date symlink: /home/eea/create3_ws/install/irobot_create_nodes/include/irobot_create_nodes/motion_control/drive_goal_behaviors.hpp
[1.285s] -- Up-to-date symlink: /home/eea/create3_ws/install/irobot_create_nodes/include/irobot_create_nodes/motion_control/reflex_behavior.hpp
[1.285s] -- Up-to-date symlink: /home/eea/create3_ws/install/irobot_create_nodes/include/irobot_create_nodes/motion_control/simple_goal_controller.hpp
[1.285s] -- Up-to-date symlink: /home/eea/create3_ws/install/irobot_create_nodes/include/irobot_create_nodes/motion_control/wall_follow_behavior.hpp
[1.285s] -- Up-to-date symlink: /home/eea/create3_ws/install/irobot_create_nodes/include/irobot_create_nodes/motion_control/wall_follow_states.hpp
[1.286s] -- Up-to-date symlink: /home/eea/create3_ws/install/irobot_create_nodes/include/irobot_create_nodes/motion_control_node.hpp
[1.286s] -- Up-to-date symlink: /home/eea/create3_ws/install/irobot_create_nodes/include/irobot_create_nodes/robot_state.hpp
[1.286s] -- Up-to-date symlink: /home/eea/create3_ws/install/irobot_create_nodes/include/irobot_create_nodes/ui_mgr.hpp
[1.286s] -- Up-to-date symlink: /home/eea/create3_ws/install/irobot_create_nodes/include/irobot_create_nodes/wheels_publisher.hpp
[1.286s] -- Up-to-date symlink: /home/eea/create3_ws/install/irobot_create_nodes/share/irobot_create_nodes/environment/library_path.sh
[1.286s] -- Up-to-date symlink: /home/eea/create3_ws/install/irobot_create_nodes/share/irobot_create_nodes/environment/library_path.dsv
[1.287s] -- Up-to-date symlink: /home/eea/create3_ws/install/irobot_create_nodes/share/ament_index/resource_index/package_run_dependencies/irobot_create_nodes
[1.287s] -- Up-to-date symlink: /home/eea/create3_ws/install/irobot_create_nodes/share/ament_index/resource_index/parent_prefix_path/irobot_create_nodes
[1.287s] -- Up-to-date symlink: /home/eea/create3_ws/install/irobot_create_nodes/share/irobot_create_nodes/environment/ament_prefix_path.sh
[1.287s] -- Up-to-date symlink: /home/eea/create3_ws/install/irobot_create_nodes/share/irobot_create_nodes/environment/ament_prefix_path.dsv
[1.287s] -- Up-to-date symlink: /home/eea/create3_ws/install/irobot_create_nodes/share/irobot_create_nodes/environment/path.sh
[1.287s] -- Up-to-date symlink: /home/eea/create3_ws/install/irobot_create_nodes/share/irobot_create_nodes/environment/path.dsv
[1.288s] -- Up-to-date symlink: /home/eea/create3_ws/install/irobot_create_nodes/share/irobot_create_nodes/local_setup.bash
[1.288s] -- Up-to-date symlink: /home/eea/create3_ws/install/irobot_create_nodes/share/irobot_create_nodes/local_setup.sh
[1.288s] -- Up-to-date symlink: /home/eea/create3_ws/install/irobot_create_nodes/share/irobot_create_nodes/local_setup.zsh
[1.288s] -- Up-to-date symlink: /home/eea/create3_ws/install/irobot_create_nodes/share/irobot_create_nodes/local_setup.dsv
[1.288s] -- Symlinking: /home/eea/create3_ws/install/irobot_create_nodes/share/irobot_create_nodes/package.dsv
[1.298s] -- Up-to-date symlink: /home/eea/create3_ws/install/irobot_create_nodes/share/ament_index/resource_index/packages/irobot_create_nodes
[1.298s] -- Up-to-date symlink: /home/eea/create3_ws/install/irobot_create_nodes/share/ament_index/resource_index/rclcpp_components/irobot_create_nodes
[1.298s] -- Up-to-date symlink: /home/eea/create3_ws/install/irobot_create_nodes/share/irobot_create_nodes/cmake/ament_cmake_export_include_directories-extras.cmake
[1.298s] -- Up-to-date symlink: /home/eea/create3_ws/install/irobot_create_nodes/share/irobot_create_nodes/cmake/ament_cmake_export_libraries-extras.cmake
[1.298s] -- Up-to-date symlink: /home/eea/create3_ws/install/irobot_create_nodes/share/irobot_create_nodes/cmake/ament_cmake_export_dependencies-extras.cmake
[1.299s] -- Up-to-date symlink: /home/eea/create3_ws/install/irobot_create_nodes/share/irobot_create_nodes/cmake/irobot_create_nodesConfig.cmake
[1.299s] -- Up-to-date symlink: /home/eea/create3_ws/install/irobot_create_nodes/share/irobot_create_nodes/cmake/irobot_create_nodesConfig-version.cmake
[1.299s] -- Up-to-date symlink: /home/eea/create3_ws/install/irobot_create_nodes/share/irobot_create_nodes/package.xml
[1.301s] Invoked command in '/home/eea/create3_ws/build/irobot_create_nodes' returned '0': AMENT_PREFIX_PATH=/home/eea/create3_ws/install/irobot_create_toolbox:${AMENT_PREFIX_PATH} CMAKE_PREFIX_PATH=/home/eea/create3_ws/install/irobot_create_toolbox:/opt/ros/humble LD_LIBRARY_PATH=/home/eea/create3_ws/install/irobot_create_toolbox/lib:${LD_LIBRARY_PATH} /usr/bin/cmake --install /home/eea/create3_ws/build/irobot_create_nodes
