[0.017s] Invoking command in '/home/eea/create3_ws/build/irobot_create_ignition_bringup': AMENT_PREFIX_PATH=/home/eea/create3_ws/install/irobot_create_common_bringup:/home/eea/create3_ws/install/irobot_create_nodes:/home/eea/create3_ws/install/irobot_create_ignition_toolbox:/home/eea/create3_ws/install/irobot_create_toolbox:/home/eea/create3_ws/install/irobot_create_ignition_plugins:/home/eea/create3_ws/install/irobot_create_description:/home/eea/create3_ws/install/irobot_create_control:${AMENT_PREFIX_PATH} CMAKE_PREFIX_PATH=/home/eea/create3_ws/install/irobot_create_common_bringup:/home/eea/create3_ws/install/irobot_create_nodes:/home/eea/create3_ws/install/irobot_create_ignition_toolbox:/home/eea/create3_ws/install/irobot_create_toolbox:/home/eea/create3_ws/install/irobot_create_ignition_plugins:/home/eea/create3_ws/install/irobot_create_description:/home/eea/create3_ws/install/irobot_create_control:/opt/ros/humble LD_LIBRARY_PATH=/home/eea/create3_ws/install/irobot_create_nodes/lib:/home/eea/create3_ws/install/irobot_create_ignition_toolbox/lib:/home/eea/create3_ws/install/irobot_create_toolbox/lib:${LD_LIBRARY_PATH} PYTHONPATH=/home/eea/create3_ws/install/irobot_create_common_bringup/local/lib/python3.10/dist-packages:${PYTHONPATH} /usr/bin/cmake /home/eea/create3_ws/src/create3_sim/irobot_create_ignition/irobot_create_ignition_bringup -DCMAKE_INSTALL_PREFIX=/home/eea/create3_ws/install/irobot_create_ignition_bringup
[0.074s] -- The C compiler identification is GNU 11.4.0
[0.135s] -- The CXX compiler identification is GNU 11.4.0
[0.141s] -- Detecting C compiler ABI info
[0.205s] -- Detecting C compiler ABI info - done
[0.212s] -- Check for working C compiler: /usr/bin/cc - skipped
[0.212s] -- Detecting C compile features
[0.213s] -- Detecting C compile features - done
[0.216s] -- Detecting CXX compiler ABI info
[0.286s] -- Detecting CXX compiler ABI info - done
[0.294s] -- Check for working CXX compiler: /usr/bin/c++ - skipped
[0.294s] -- Detecting CXX compile features
[0.294s] -- Detecting CXX compile features - done
[0.297s] -- Found ament_cmake: 1.3.10 (/opt/ros/humble/share/ament_cmake/cmake)
[0.434s] -- Found Python3: /usr/bin/python3 (found version "3.10.12") found components: Interpreter 
[0.573s] -- Found rosidl_generator_c: 3.1.5 (/opt/ros/humble/share/rosidl_generator_c/cmake)
[0.581s] -- Found rosidl_adapter: 3.1.5 (/opt/ros/humble/share/rosidl_adapter/cmake)
[0.595s] -- Found rosidl_generator_cpp: 3.1.5 (/opt/ros/humble/share/rosidl_generator_cpp/cmake)
[0.617s] -- Using all available rosidl_typesupport_c: rosidl_typesupport_fastrtps_c;rosidl_typesupport_introspection_c
[0.642s] -- Using all available rosidl_typesupport_cpp: rosidl_typesupport_fastrtps_cpp;rosidl_typesupport_introspection_cpp
[0.763s] -- Found ament_lint_auto: 0.12.11 (/opt/ros/humble/share/ament_lint_auto/cmake)
[0.840s] -- Added test 'flake8' to check Python code syntax and style conventions
[0.841s] -- Added test 'lint_cmake' to check CMake code style
[0.842s] -- Added test 'pep257' to check Python code against some of the docstring style conventions in PEP 257
[0.843s] -- Added test 'xmllint' to check XML markup files
[0.845s] -- Configuring done
[0.848s] -- Generating done
[0.850s] -- Build files have been written to: /home/eea/create3_ws/build/irobot_create_ignition_bringup
[0.859s] Invoked command in '/home/eea/create3_ws/build/irobot_create_ignition_bringup' returned '0': AMENT_PREFIX_PATH=/home/eea/create3_ws/install/irobot_create_common_bringup:/home/eea/create3_ws/install/irobot_create_nodes:/home/eea/create3_ws/install/irobot_create_ignition_toolbox:/home/eea/create3_ws/install/irobot_create_toolbox:/home/eea/create3_ws/install/irobot_create_ignition_plugins:/home/eea/create3_ws/install/irobot_create_description:/home/eea/create3_ws/install/irobot_create_control:${AMENT_PREFIX_PATH} CMAKE_PREFIX_PATH=/home/eea/create3_ws/install/irobot_create_common_bringup:/home/eea/create3_ws/install/irobot_create_nodes:/home/eea/create3_ws/install/irobot_create_ignition_toolbox:/home/eea/create3_ws/install/irobot_create_toolbox:/home/eea/create3_ws/install/irobot_create_ignition_plugins:/home/eea/create3_ws/install/irobot_create_description:/home/eea/create3_ws/install/irobot_create_control:/opt/ros/humble LD_LIBRARY_PATH=/home/eea/create3_ws/install/irobot_create_nodes/lib:/home/eea/create3_ws/install/irobot_create_ignition_toolbox/lib:/home/eea/create3_ws/install/irobot_create_toolbox/lib:${LD_LIBRARY_PATH} PYTHONPATH=/home/eea/create3_ws/install/irobot_create_common_bringup/local/lib/python3.10/dist-packages:${PYTHONPATH} /usr/bin/cmake /home/eea/create3_ws/src/create3_sim/irobot_create_ignition/irobot_create_ignition_bringup -DCMAKE_INSTALL_PREFIX=/home/eea/create3_ws/install/irobot_create_ignition_bringup
[0.860s] Invoking command in '/home/eea/create3_ws/build/irobot_create_ignition_bringup': AMENT_PREFIX_PATH=/home/eea/create3_ws/install/irobot_create_common_bringup:/home/eea/create3_ws/install/irobot_create_nodes:/home/eea/create3_ws/install/irobot_create_ignition_toolbox:/home/eea/create3_ws/install/irobot_create_toolbox:/home/eea/create3_ws/install/irobot_create_ignition_plugins:/home/eea/create3_ws/install/irobot_create_description:/home/eea/create3_ws/install/irobot_create_control:${AMENT_PREFIX_PATH} CMAKE_PREFIX_PATH=/home/eea/create3_ws/install/irobot_create_common_bringup:/home/eea/create3_ws/install/irobot_create_nodes:/home/eea/create3_ws/install/irobot_create_ignition_toolbox:/home/eea/create3_ws/install/irobot_create_toolbox:/home/eea/create3_ws/install/irobot_create_ignition_plugins:/home/eea/create3_ws/install/irobot_create_description:/home/eea/create3_ws/install/irobot_create_control:/opt/ros/humble LD_LIBRARY_PATH=/home/eea/create3_ws/install/irobot_create_nodes/lib:/home/eea/create3_ws/install/irobot_create_ignition_toolbox/lib:/home/eea/create3_ws/install/irobot_create_toolbox/lib:${LD_LIBRARY_PATH} PYTHONPATH=/home/eea/create3_ws/install/irobot_create_common_bringup/local/lib/python3.10/dist-packages:${PYTHONPATH} /usr/bin/cmake --build /home/eea/create3_ws/build/irobot_create_ignition_bringup -- -j8 -l8
[0.898s] Invoked command in '/home/eea/create3_ws/build/irobot_create_ignition_bringup' returned '0': AMENT_PREFIX_PATH=/home/eea/create3_ws/install/irobot_create_common_bringup:/home/eea/create3_ws/install/irobot_create_nodes:/home/eea/create3_ws/install/irobot_create_ignition_toolbox:/home/eea/create3_ws/install/irobot_create_toolbox:/home/eea/create3_ws/install/irobot_create_ignition_plugins:/home/eea/create3_ws/install/irobot_create_description:/home/eea/create3_ws/install/irobot_create_control:${AMENT_PREFIX_PATH} CMAKE_PREFIX_PATH=/home/eea/create3_ws/install/irobot_create_common_bringup:/home/eea/create3_ws/install/irobot_create_nodes:/home/eea/create3_ws/install/irobot_create_ignition_toolbox:/home/eea/create3_ws/install/irobot_create_toolbox:/home/eea/create3_ws/install/irobot_create_ignition_plugins:/home/eea/create3_ws/install/irobot_create_description:/home/eea/create3_ws/install/irobot_create_control:/opt/ros/humble LD_LIBRARY_PATH=/home/eea/create3_ws/install/irobot_create_nodes/lib:/home/eea/create3_ws/install/irobot_create_ignition_toolbox/lib:/home/eea/create3_ws/install/irobot_create_toolbox/lib:${LD_LIBRARY_PATH} PYTHONPATH=/home/eea/create3_ws/install/irobot_create_common_bringup/local/lib/python3.10/dist-packages:${PYTHONPATH} /usr/bin/cmake --build /home/eea/create3_ws/build/irobot_create_ignition_bringup -- -j8 -l8
[0.900s] Invoking command in '/home/eea/create3_ws/build/irobot_create_ignition_bringup': AMENT_PREFIX_PATH=/home/eea/create3_ws/install/irobot_create_common_bringup:/home/eea/create3_ws/install/irobot_create_nodes:/home/eea/create3_ws/install/irobot_create_ignition_toolbox:/home/eea/create3_ws/install/irobot_create_toolbox:/home/eea/create3_ws/install/irobot_create_ignition_plugins:/home/eea/create3_ws/install/irobot_create_description:/home/eea/create3_ws/install/irobot_create_control:${AMENT_PREFIX_PATH} CMAKE_PREFIX_PATH=/home/eea/create3_ws/install/irobot_create_common_bringup:/home/eea/create3_ws/install/irobot_create_nodes:/home/eea/create3_ws/install/irobot_create_ignition_toolbox:/home/eea/create3_ws/install/irobot_create_toolbox:/home/eea/create3_ws/install/irobot_create_ignition_plugins:/home/eea/create3_ws/install/irobot_create_description:/home/eea/create3_ws/install/irobot_create_control:/opt/ros/humble LD_LIBRARY_PATH=/home/eea/create3_ws/install/irobot_create_nodes/lib:/home/eea/create3_ws/install/irobot_create_ignition_toolbox/lib:/home/eea/create3_ws/install/irobot_create_toolbox/lib:${LD_LIBRARY_PATH} PYTHONPATH=/home/eea/create3_ws/install/irobot_create_common_bringup/local/lib/python3.10/dist-packages:${PYTHONPATH} /usr/bin/cmake --install /home/eea/create3_ws/build/irobot_create_ignition_bringup
[0.907s] -- Install configuration: ""
[0.907s] -- Installing: /home/eea/create3_ws/install/irobot_create_ignition_bringup/share/irobot_create_ignition_bringup/gui
[0.907s] -- Installing: /home/eea/create3_ws/install/irobot_create_ignition_bringup/share/irobot_create_ignition_bringup/gui/create3
[0.907s] -- Installing: /home/eea/create3_ws/install/irobot_create_ignition_bringup/share/irobot_create_ignition_bringup/gui/create3/gui.config
[0.907s] -- Installing: /home/eea/create3_ws/install/irobot_create_ignition_bringup/share/irobot_create_ignition_bringup/launch
[0.908s] -- Installing: /home/eea/create3_ws/install/irobot_create_ignition_bringup/share/irobot_create_ignition_bringup/launch/create3_ignition.launch.py
[0.908s] -- Installing: /home/eea/create3_ws/install/irobot_create_ignition_bringup/share/irobot_create_ignition_bringup/launch/create3_ignition_nodes.launch.py
[0.908s] -- Installing: /home/eea/create3_ws/install/irobot_create_ignition_bringup/share/irobot_create_ignition_bringup/launch/ignition.launch.py
[0.908s] -- Installing: /home/eea/create3_ws/install/irobot_create_ignition_bringup/share/irobot_create_ignition_bringup/launch/create3_ros_ignition_bridge.launch.py
[0.909s] -- Installing: /home/eea/create3_ws/install/irobot_create_ignition_bringup/share/irobot_create_ignition_bringup/launch/create3_spawn.launch.py
[0.909s] -- Installing: /home/eea/create3_ws/install/irobot_create_ignition_bringup/share/irobot_create_ignition_bringup/worlds
[0.909s] -- Installing: /home/eea/create3_ws/install/irobot_create_ignition_bringup/share/irobot_create_ignition_bringup/worlds/depot.sdf
[0.909s] -- Installing: /home/eea/create3_ws/install/irobot_create_ignition_bringup/share/irobot_create_ignition_bringup/worlds/maze.sdf
[0.910s] -- Installing: /home/eea/create3_ws/install/irobot_create_ignition_bringup/share/irobot_create_ignition_bringup/config
[0.910s] -- Installing: /home/eea/create3_ws/install/irobot_create_ignition_bringup/share/irobot_create_ignition_bringup/config/pose_republisher_params.yaml
[0.910s] -- Installing: /home/eea/create3_ws/install/irobot_create_ignition_bringup/share/irobot_create_ignition_bringup/config/sensors_params.yaml
[0.911s] -- Installing: /home/eea/create3_ws/install/irobot_create_ignition_bringup/share/ament_index/resource_index/package_run_dependencies/irobot_create_ignition_bringup
[0.911s] -- Installing: /home/eea/create3_ws/install/irobot_create_ignition_bringup/share/ament_index/resource_index/parent_prefix_path/irobot_create_ignition_bringup
[0.911s] -- Installing: /home/eea/create3_ws/install/irobot_create_ignition_bringup/share/irobot_create_ignition_bringup/environment/ament_prefix_path.sh
[0.911s] -- Installing: /home/eea/create3_ws/install/irobot_create_ignition_bringup/share/irobot_create_ignition_bringup/environment/ament_prefix_path.dsv
[0.911s] -- Installing: /home/eea/create3_ws/install/irobot_create_ignition_bringup/share/irobot_create_ignition_bringup/environment/path.sh
[0.911s] -- Installing: /home/eea/create3_ws/install/irobot_create_ignition_bringup/share/irobot_create_ignition_bringup/environment/path.dsv
[0.911s] -- Installing: /home/eea/create3_ws/install/irobot_create_ignition_bringup/share/irobot_create_ignition_bringup/local_setup.bash
[0.912s] -- Installing: /home/eea/create3_ws/install/irobot_create_ignition_bringup/share/irobot_create_ignition_bringup/local_setup.sh
[0.912s] -- Installing: /home/eea/create3_ws/install/irobot_create_ignition_bringup/share/irobot_create_ignition_bringup/local_setup.zsh
[0.912s] -- Installing: /home/eea/create3_ws/install/irobot_create_ignition_bringup/share/irobot_create_ignition_bringup/local_setup.dsv
[0.912s] -- Installing: /home/eea/create3_ws/install/irobot_create_ignition_bringup/share/irobot_create_ignition_bringup/package.dsv
[0.912s] -- Installing: /home/eea/create3_ws/install/irobot_create_ignition_bringup/share/ament_index/resource_index/packages/irobot_create_ignition_bringup
[0.912s] -- Installing: /home/eea/create3_ws/install/irobot_create_ignition_bringup/share/irobot_create_ignition_bringup/cmake/irobot_create_ignition_bringupConfig.cmake
[0.912s] -- Installing: /home/eea/create3_ws/install/irobot_create_ignition_bringup/share/irobot_create_ignition_bringup/cmake/irobot_create_ignition_bringupConfig-version.cmake
[0.913s] -- Installing: /home/eea/create3_ws/install/irobot_create_ignition_bringup/share/irobot_create_ignition_bringup/package.xml
[0.915s] Invoked command in '/home/eea/create3_ws/build/irobot_create_ignition_bringup' returned '0': AMENT_PREFIX_PATH=/home/eea/create3_ws/install/irobot_create_common_bringup:/home/eea/create3_ws/install/irobot_create_nodes:/home/eea/create3_ws/install/irobot_create_ignition_toolbox:/home/eea/create3_ws/install/irobot_create_toolbox:/home/eea/create3_ws/install/irobot_create_ignition_plugins:/home/eea/create3_ws/install/irobot_create_description:/home/eea/create3_ws/install/irobot_create_control:${AMENT_PREFIX_PATH} CMAKE_PREFIX_PATH=/home/eea/create3_ws/install/irobot_create_common_bringup:/home/eea/create3_ws/install/irobot_create_nodes:/home/eea/create3_ws/install/irobot_create_ignition_toolbox:/home/eea/create3_ws/install/irobot_create_toolbox:/home/eea/create3_ws/install/irobot_create_ignition_plugins:/home/eea/create3_ws/install/irobot_create_description:/home/eea/create3_ws/install/irobot_create_control:/opt/ros/humble LD_LIBRARY_PATH=/home/eea/create3_ws/install/irobot_create_nodes/lib:/home/eea/create3_ws/install/irobot_create_ignition_toolbox/lib:/home/eea/create3_ws/install/irobot_create_toolbox/lib:${LD_LIBRARY_PATH} PYTHONPATH=/home/eea/create3_ws/install/irobot_create_common_bringup/local/lib/python3.10/dist-packages:${PYTHONPATH} /usr/bin/cmake --install /home/eea/create3_ws/build/irobot_create_ignition_bringup
