[0.042s] Invoking command in '/home/eea/create3_ws/build/irobot_create_common_bringup': AMENT_PREFIX_PATH=/home/eea/create3_ws/install/irobot_create_nodes:/home/eea/create3_ws/install/irobot_create_toolbox:/home/eea/create3_ws/install/irobot_create_description:/home/eea/create3_ws/install/irobot_create_control:${AMENT_PREFIX_PATH} CMAKE_PREFIX_PATH=/home/eea/create3_ws/install/irobot_create_nodes:/home/eea/create3_ws/install/irobot_create_toolbox:/home/eea/create3_ws/install/irobot_create_description:/home/eea/create3_ws/install/irobot_create_control:/opt/ros/humble LD_LIBRARY_PATH=/home/eea/create3_ws/install/irobot_create_nodes/lib:/home/eea/create3_ws/install/irobot_create_toolbox/lib:${LD_LIBRARY_PATH} /usr/bin/cmake --build /home/eea/create3_ws/build/irobot_create_common_bringup -- -j8 -l8
[0.394s] Built target ament_cmake_python_symlink_irobot_create_common_bringup
[1.344s] running egg_info
[1.353s] writing irobot_create_common_bringup.egg-info/PKG-INFO
[1.359s] writing dependency_links to irobot_create_common_bringup.egg-info/dependency_links.txt
[1.361s] writing top-level names to irobot_create_common_bringup.egg-info/top_level.txt
[1.367s] reading manifest file 'irobot_create_common_bringup.egg-info/SOURCES.txt'
[1.368s] writing manifest file 'irobot_create_common_bringup.egg-info/SOURCES.txt'
[1.682s] Built target ament_cmake_python_build_irobot_create_common_bringup_egg
[1.755s] Invoked command in '/home/eea/create3_ws/build/irobot_create_common_bringup' returned '0': AMENT_PREFIX_PATH=/home/eea/create3_ws/install/irobot_create_nodes:/home/eea/create3_ws/install/irobot_create_toolbox:/home/eea/create3_ws/install/irobot_create_description:/home/eea/create3_ws/install/irobot_create_control:${AMENT_PREFIX_PATH} CMAKE_PREFIX_PATH=/home/eea/create3_ws/install/irobot_create_nodes:/home/eea/create3_ws/install/irobot_create_toolbox:/home/eea/create3_ws/install/irobot_create_description:/home/eea/create3_ws/install/irobot_create_control:/opt/ros/humble LD_LIBRARY_PATH=/home/eea/create3_ws/install/irobot_create_nodes/lib:/home/eea/create3_ws/install/irobot_create_toolbox/lib:${LD_LIBRARY_PATH} /usr/bin/cmake --build /home/eea/create3_ws/build/irobot_create_common_bringup -- -j8 -l8
[1.779s] Invoking command in '/home/eea/create3_ws/build/irobot_create_common_bringup': AMENT_PREFIX_PATH=/home/eea/create3_ws/install/irobot_create_nodes:/home/eea/create3_ws/install/irobot_create_toolbox:/home/eea/create3_ws/install/irobot_create_description:/home/eea/create3_ws/install/irobot_create_control:${AMENT_PREFIX_PATH} CMAKE_PREFIX_PATH=/home/eea/create3_ws/install/irobot_create_nodes:/home/eea/create3_ws/install/irobot_create_toolbox:/home/eea/create3_ws/install/irobot_create_description:/home/eea/create3_ws/install/irobot_create_control:/opt/ros/humble LD_LIBRARY_PATH=/home/eea/create3_ws/install/irobot_create_nodes/lib:/home/eea/create3_ws/install/irobot_create_toolbox/lib:${LD_LIBRARY_PATH} /usr/bin/cmake --install /home/eea/create3_ws/build/irobot_create_common_bringup
[1.834s] -- Install configuration: ""
[1.835s] -- Execute custom install script
[1.837s] -- Up-to-date symlink: /home/eea/create3_ws/install/irobot_create_common_bringup/share/irobot_create_common_bringup/config/hazard_vector_params.yaml
[1.838s] -- Up-to-date symlink: /home/eea/create3_ws/install/irobot_create_common_bringup/share/irobot_create_common_bringup/config/ir_intensity_vector_params.yaml
[1.839s] -- Up-to-date symlink: /home/eea/create3_ws/install/irobot_create_common_bringup/share/irobot_create_common_bringup/config/kidnap_estimator_params.yaml
[1.841s] -- Up-to-date symlink: /home/eea/create3_ws/install/irobot_create_common_bringup/share/irobot_create_common_bringup/config/mock_params.yaml
[1.842s] -- Up-to-date symlink: /home/eea/create3_ws/install/irobot_create_common_bringup/share/irobot_create_common_bringup/config/robot_state_params.yaml
[1.843s] -- Up-to-date symlink: /home/eea/create3_ws/install/irobot_create_common_bringup/share/irobot_create_common_bringup/config/ui_mgr_params.yaml
[1.843s] -- Up-to-date symlink: /home/eea/create3_ws/install/irobot_create_common_bringup/share/irobot_create_common_bringup/config/wheel_status_params.yaml
[1.844s] -- Up-to-date symlink: /home/eea/create3_ws/install/irobot_create_common_bringup/share/irobot_create_common_bringup/launch/create3_nodes.launch.py
[1.863s] -- Up-to-date symlink: /home/eea/create3_ws/install/irobot_create_common_bringup/share/irobot_create_common_bringup/launch/dock_description.launch.py
[1.864s] -- Up-to-date symlink: /home/eea/create3_ws/install/irobot_create_common_bringup/share/irobot_create_common_bringup/launch/robot_description.launch.py
[1.865s] -- Up-to-date symlink: /home/eea/create3_ws/install/irobot_create_common_bringup/share/irobot_create_common_bringup/launch/rviz2.launch.py
[1.874s] -- Up-to-date symlink: /home/eea/create3_ws/install/irobot_create_common_bringup/share/irobot_create_common_bringup/rviz/irobot_create_view.rviz
[1.876s] -- Up-to-date symlink: /home/eea/create3_ws/install/irobot_create_common_bringup/share/irobot_create_common_bringup/rviz/irobot_logo.jpg
[1.876s] -- Up-to-date symlink: /home/eea/create3_ws/install/irobot_create_common_bringup/share/irobot_create_common_bringup/environment/pythonpath.sh
[1.877s] -- Up-to-date symlink: /home/eea/create3_ws/install/irobot_create_common_bringup/share/irobot_create_common_bringup/environment/pythonpath.dsv
[1.877s] -- Up-to-date symlink: /home/eea/create3_ws/install/irobot_create_common_bringup/local/lib/python3.10/dist-packages/irobot_create_common_bringup-2.1.0-py3.10.egg-info/PKG-INFO
[1.878s] -- Up-to-date symlink: /home/eea/create3_ws/install/irobot_create_common_bringup/local/lib/python3.10/dist-packages/irobot_create_common_bringup-2.1.0-py3.10.egg-info/SOURCES.txt
[1.881s] -- Up-to-date symlink: /home/eea/create3_ws/install/irobot_create_common_bringup/local/lib/python3.10/dist-packages/irobot_create_common_bringup-2.1.0-py3.10.egg-info/dependency_links.txt
[1.882s] -- Up-to-date symlink: /home/eea/create3_ws/install/irobot_create_common_bringup/local/lib/python3.10/dist-packages/irobot_create_common_bringup-2.1.0-py3.10.egg-info/top_level.txt
[1.882s] -- Up-to-date symlink: /home/eea/create3_ws/install/irobot_create_common_bringup/local/lib/python3.10/dist-packages/irobot_create_common_bringup/__init__.py
[1.882s] -- Up-to-date symlink: /home/eea/create3_ws/install/irobot_create_common_bringup/local/lib/python3.10/dist-packages/irobot_create_common_bringup/namespace.py
[1.882s] -- Up-to-date symlink: /home/eea/create3_ws/install/irobot_create_common_bringup/local/lib/python3.10/dist-packages/irobot_create_common_bringup/offset.py
[1.882s] -- Up-to-date symlink: /home/eea/create3_ws/install/irobot_create_common_bringup/share/ament_index/resource_index/package_run_dependencies/irobot_create_common_bringup
[1.883s] -- Up-to-date symlink: /home/eea/create3_ws/install/irobot_create_common_bringup/share/ament_index/resource_index/parent_prefix_path/irobot_create_common_bringup
[1.884s] -- Up-to-date symlink: /home/eea/create3_ws/install/irobot_create_common_bringup/share/irobot_create_common_bringup/environment/ament_prefix_path.sh
[1.884s] -- Up-to-date symlink: /home/eea/create3_ws/install/irobot_create_common_bringup/share/irobot_create_common_bringup/environment/ament_prefix_path.dsv
[1.884s] -- Up-to-date symlink: /home/eea/create3_ws/install/irobot_create_common_bringup/share/irobot_create_common_bringup/environment/path.sh
[1.884s] -- Up-to-date symlink: /home/eea/create3_ws/install/irobot_create_common_bringup/share/irobot_create_common_bringup/environment/path.dsv
[1.885s] -- Up-to-date symlink: /home/eea/create3_ws/install/irobot_create_common_bringup/share/irobot_create_common_bringup/local_setup.bash
[1.885s] -- Up-to-date symlink: /home/eea/create3_ws/install/irobot_create_common_bringup/share/irobot_create_common_bringup/local_setup.sh
[1.885s] -- Up-to-date symlink: /home/eea/create3_ws/install/irobot_create_common_bringup/share/irobot_create_common_bringup/local_setup.zsh
[1.885s] -- Up-to-date symlink: /home/eea/create3_ws/install/irobot_create_common_bringup/share/irobot_create_common_bringup/local_setup.dsv
[1.885s] -- Symlinking: /home/eea/create3_ws/install/irobot_create_common_bringup/share/irobot_create_common_bringup/package.dsv
[1.908s] -- Up-to-date symlink: /home/eea/create3_ws/install/irobot_create_common_bringup/share/ament_index/resource_index/packages/irobot_create_common_bringup
[1.909s] -- Up-to-date symlink: /home/eea/create3_ws/install/irobot_create_common_bringup/share/irobot_create_common_bringup/cmake/irobot_create_common_bringupConfig.cmake
[1.913s] -- Up-to-date symlink: /home/eea/create3_ws/install/irobot_create_common_bringup/share/irobot_create_common_bringup/cmake/irobot_create_common_bringupConfig-version.cmake
[1.915s] -- Up-to-date symlink: /home/eea/create3_ws/install/irobot_create_common_bringup/share/irobot_create_common_bringup/package.xml
[2.049s] Listing '/home/eea/create3_ws/install/irobot_create_common_bringup/local/lib/python3.10/dist-packages/irobot_create_common_bringup'...
[2.097s] Invoked command in '/home/eea/create3_ws/build/irobot_create_common_bringup' returned '0': AMENT_PREFIX_PATH=/home/eea/create3_ws/install/irobot_create_nodes:/home/eea/create3_ws/install/irobot_create_toolbox:/home/eea/create3_ws/install/irobot_create_description:/home/eea/create3_ws/install/irobot_create_control:${AMENT_PREFIX_PATH} CMAKE_PREFIX_PATH=/home/eea/create3_ws/install/irobot_create_nodes:/home/eea/create3_ws/install/irobot_create_toolbox:/home/eea/create3_ws/install/irobot_create_description:/home/eea/create3_ws/install/irobot_create_control:/opt/ros/humble LD_LIBRARY_PATH=/home/eea/create3_ws/install/irobot_create_nodes/lib:/home/eea/create3_ws/install/irobot_create_toolbox/lib:${LD_LIBRARY_PATH} /usr/bin/cmake --install /home/eea/create3_ws/build/irobot_create_common_bringup
