[0.026s] Invoking command in '/home/eea/create3_ws/build/irobot_create_ignition_plugins': CMAKE_PREFIX_PATH=/opt/ros/humble /usr/bin/cmake /home/eea/create3_ws/src/create3_sim/irobot_create_ignition/irobot_create_ignition_plugins -DCMAKE_INSTALL_PREFIX=/home/eea/create3_ws/install/irobot_create_ignition_plugins
[0.065s] -- Found ament_cmake: 1.3.10 (/opt/ros/humble/share/ament_cmake/cmake)
[0.204s] -- Override CMake install command with custom implementation using symlinks instead of copying resources
[0.492s] -- Found Protobuf: /usr/lib/x86_64-linux-gnu/libprotobuf.so (found suitable version "3.12.4", minimum required is "3") 
[0.971s] -- Found Protobuf: /usr/lib/x86_64-linux-gnu/libprotobuf.so (found version "3.12.4") 
[1.047s] -- Found ament_lint_auto: 0.12.11 (/opt/ros/humble/share/ament_lint_auto/cmake)
[1.118s] -- Added test 'cppcheck' to perform static code analysis on C / C++ code
[1.118s] -- Configured cppcheck include dirs: 
[1.118s] -- Configured cppcheck exclude dirs and/or files: 
[1.120s] -- Added test 'cpplint' to check C / C++ code against the Google style
[1.120s] -- Configured cpplint exclude dirs and/or files: 
[1.120s] -- Added test 'lint_cmake' to check CMake code style
[1.121s] -- Added test 'xmllint' to check XML markup files
[1.123s] -- Configuring done
[1.162s] -- Generating done
[1.165s] -- Build files have been written to: /home/eea/create3_ws/build/irobot_create_ignition_plugins
[1.177s] Invoked command in '/home/eea/create3_ws/build/irobot_create_ignition_plugins' returned '0': CMAKE_PREFIX_PATH=/opt/ros/humble /usr/bin/cmake /home/eea/create3_ws/src/create3_sim/irobot_create_ignition/irobot_create_ignition_plugins -DCMAKE_INSTALL_PREFIX=/home/eea/create3_ws/install/irobot_create_ignition_plugins
[1.179s] Invoking command in '/home/eea/create3_ws/build/irobot_create_ignition_plugins': CMAKE_PREFIX_PATH=/opt/ros/humble /usr/bin/cmake --build /home/eea/create3_ws/build/irobot_create_ignition_plugins -- -j8 -l8
[1.225s] [ 16%] [34m[1mAutomatic MOC for target Create3Hmi[0m
[1.255s] [ 16%] Built target Create3Hmi_autogen
[1.264s] [35m[1mConsolidate compiler generated dependencies of target Create3Hmi[0m
[1.274s] [ 33%] [32mBuilding CXX object Create3Hmi/CMakeFiles/Create3Hmi.dir/Create3Hmi_autogen/mocs_compilation.cpp.o[0m
[1.277s] [ 50%] [32mBuilding CXX object Create3Hmi/CMakeFiles/Create3Hmi.dir/Create3Hmi.cc.o[0m
