[0.098s] Invoking command in '/home/eea/create3_ws/build/irobot_create_description': CMAKE_PREFIX_PATH=${CMAKE_PREFIX_PATH}:/home/eea/create3_ws/install/locobot_pkg:/opt/ros/humble /usr/bin/cmake --build /home/eea/create3_ws/build/irobot_create_description -- -j8 -l8
[1.046s] Invoked command in '/home/eea/create3_ws/build/irobot_create_description' returned '0': CMAKE_PREFIX_PATH=${CMAKE_PREFIX_PATH}:/home/eea/create3_ws/install/locobot_pkg:/opt/ros/humble /usr/bin/cmake --build /home/eea/create3_ws/build/irobot_create_description -- -j8 -l8
[1.050s] Invoking command in '/home/eea/create3_ws/build/irobot_create_description': CMAKE_PREFIX_PATH=${CMAKE_PREFIX_PATH}:/home/eea/create3_ws/install/locobot_pkg:/opt/ros/humble /usr/bin/cmake --install /home/eea/create3_ws/build/irobot_create_description
[1.119s] -- Install configuration: ""
[1.119s] -- Execute custom install script
[1.119s] -- Up-to-date symlink: /home/eea/create3_ws/install/irobot_create_description/share/irobot_create_description//meshes/body_visual.dae
[1.119s] -- Up-to-date symlink: /home/eea/create3_ws/install/irobot_create_description/share/irobot_create_description//meshes/bumper_collision.dae
[1.120s] -- Up-to-date symlink: /home/eea/create3_ws/install/irobot_create_description/share/irobot_create_description//meshes/bumper_visual.dae
[1.120s] -- Up-to-date symlink: /home/eea/create3_ws/install/irobot_create_description/share/irobot_create_description//meshes/dock/visual.dae
[1.120s] -- Up-to-date symlink: /home/eea/create3_ws/install/irobot_create_description/share/irobot_create_description//urdf/bumper.urdf.xacro
[1.120s] -- Up-to-date symlink: /home/eea/create3_ws/install/irobot_create_description/share/irobot_create_description//urdf/button.urdf.xacro
[1.120s] -- Up-to-date symlink: /home/eea/create3_ws/install/irobot_create_description/share/irobot_create_description//urdf/caster.urdf.xacro
[1.120s] -- Up-to-date symlink: /home/eea/create3_ws/install/irobot_create_description/share/irobot_create_description//urdf/common_properties.urdf.xacro
[1.120s] -- Up-to-date symlink: /home/eea/create3_ws/install/irobot_create_description/share/irobot_create_description//urdf/create3.urdf.xacro
[1.121s] -- Up-to-date symlink: /home/eea/create3_ws/install/irobot_create_description/share/irobot_create_description//urdf/dock/ir_emitter.urdf.xacro
[1.121s] -- Up-to-date symlink: /home/eea/create3_ws/install/irobot_create_description/share/irobot_create_description//urdf/dock/standard_dock.urdf.xacro
[1.121s] -- Up-to-date symlink: /home/eea/create3_ws/install/irobot_create_description/share/irobot_create_description//urdf/sensors/cliff_sensor.urdf.xacro
[1.121s] -- Up-to-date symlink: /home/eea/create3_ws/install/irobot_create_description/share/irobot_create_description//urdf/sensors/imu.urdf.xacro
[1.121s] -- Up-to-date symlink: /home/eea/create3_ws/install/irobot_create_description/share/irobot_create_description//urdf/sensors/ir_intensity.urdf.xacro
[1.121s] -- Up-to-date symlink: /home/eea/create3_ws/install/irobot_create_description/share/irobot_create_description//urdf/sensors/ir_opcode_receivers.urdf.xacro
[1.121s] -- Up-to-date symlink: /home/eea/create3_ws/install/irobot_create_description/share/irobot_create_description//urdf/sensors/optical_mouse.urdf.xacro
[1.122s] -- Up-to-date symlink: /home/eea/create3_ws/install/irobot_create_description/share/irobot_create_description//urdf/wheel.urdf.xacro
[1.122s] -- Up-to-date symlink: /home/eea/create3_ws/install/irobot_create_description/share/irobot_create_description//urdf/wheel_drop.urdf.xacro
[1.122s] -- Up-to-date symlink: /home/eea/create3_ws/install/irobot_create_description/share/irobot_create_description//urdf/wheel_with_wheeldrop.urdf.xacro
[1.126s] -- Up-to-date symlink: /home/eea/create3_ws/install/irobot_create_description/share/ament_index/resource_index/package_run_dependencies/irobot_create_description
[1.128s] -- Up-to-date symlink: /home/eea/create3_ws/install/irobot_create_description/share/ament_index/resource_index/parent_prefix_path/irobot_create_description
[1.129s] -- Up-to-date symlink: /home/eea/create3_ws/install/irobot_create_description/share/irobot_create_description/environment/ament_prefix_path.sh
[1.129s] -- Up-to-date symlink: /home/eea/create3_ws/install/irobot_create_description/share/irobot_create_description/environment/ament_prefix_path.dsv
[1.129s] -- Up-to-date symlink: /home/eea/create3_ws/install/irobot_create_description/share/irobot_create_description/environment/path.sh
[1.130s] -- Up-to-date symlink: /home/eea/create3_ws/install/irobot_create_description/share/irobot_create_description/environment/path.dsv
[1.130s] -- Up-to-date symlink: /home/eea/create3_ws/install/irobot_create_description/share/irobot_create_description/local_setup.bash
[1.130s] -- Up-to-date symlink: /home/eea/create3_ws/install/irobot_create_description/share/irobot_create_description/local_setup.sh
[1.130s] -- Up-to-date symlink: /home/eea/create3_ws/install/irobot_create_description/share/irobot_create_description/local_setup.zsh
[1.131s] -- Up-to-date symlink: /home/eea/create3_ws/install/irobot_create_description/share/irobot_create_description/local_setup.dsv
[1.131s] -- Symlinking: /home/eea/create3_ws/install/irobot_create_description/share/irobot_create_description/package.dsv
[1.142s] -- Up-to-date symlink: /home/eea/create3_ws/install/irobot_create_description/share/ament_index/resource_index/packages/irobot_create_description
[1.143s] -- Up-to-date symlink: /home/eea/create3_ws/install/irobot_create_description/share/irobot_create_description/cmake/irobot_create_descriptionConfig.cmake
[1.146s] -- Up-to-date symlink: /home/eea/create3_ws/install/irobot_create_description/share/irobot_create_description/cmake/irobot_create_descriptionConfig-version.cmake
[1.147s] -- Up-to-date symlink: /home/eea/create3_ws/install/irobot_create_description/share/irobot_create_description/package.xml
[1.153s] Invoked command in '/home/eea/create3_ws/build/irobot_create_description' returned '0': CMAKE_PREFIX_PATH=${CMAKE_PREFIX_PATH}:/home/eea/create3_ws/install/locobot_pkg:/opt/ros/humble /usr/bin/cmake --install /home/eea/create3_ws/build/irobot_create_description
