[0.016s] Invoking command in '/home/eea/create3_ws/build/irobot_create_gazebo_plugins': AMENT_PREFIX_PATH=/home/eea/create3_ws/install/irobot_create_toolbox:${AMENT_PREFIX_PATH} CMAKE_PREFIX_PATH=/home/eea/create3_ws/install/irobot_create_toolbox:/opt/ros/humble LD_LIBRARY_PATH=/home/eea/create3_ws/install/irobot_create_toolbox/lib:${LD_LIBRARY_PATH} /usr/bin/cmake /home/eea/create3_ws/src/create3_sim/irobot_create_gazebo/irobot_create_gazebo_plugins -DAMENT_CMAKE_SYMLINK_INSTALL=1 -DCMAKE_INSTALL_PREFIX=/home/eea/create3_ws/install/irobot_create_gazebo_plugins
[0.029s] -- Found ament_cmake: 1.3.10 (/opt/ros/humble/share/ament_cmake/cmake)
[0.161s] -- Override CMake install command with custom implementation using symlinks instead of copying resources
[0.172s] -- Found geometry_msgs: 4.2.4 (/opt/ros/humble/share/geometry_msgs/cmake)
[0.198s] -- Found rosidl_generator_c: 3.1.5 (/opt/ros/humble/share/rosidl_generator_c/cmake)
[0.201s] -- Found rosidl_adapter: 3.1.5 (/opt/ros/humble/share/rosidl_adapter/cmake)
[0.207s] -- Found rosidl_generator_cpp: 3.1.5 (/opt/ros/humble/share/rosidl_generator_cpp/cmake)
[0.216s] -- Using all available rosidl_typesupport_c: rosidl_typesupport_fastrtps_c;rosidl_typesupport_introspection_c
[0.228s] -- Using all available rosidl_typesupport_cpp: rosidl_typesupport_fastrtps_cpp;rosidl_typesupport_introspection_cpp
[0.263s] -- Found irobot_create_msgs: 2.1.0 (/opt/ros/humble/share/irobot_create_msgs/cmake)
[0.308s] -- Found irobot_create_toolbox: 2.1.0 (/home/eea/create3_ws/install/irobot_create_toolbox/share/irobot_create_toolbox/cmake)
[0.339s] -- Found rmw_implementation_cmake: 6.1.2 (/opt/ros/humble/share/rmw_implementation_cmake/cmake)
[0.340s] -- Found rmw_fastrtps_cpp: 6.2.7 (/opt/ros/humble/share/rmw_fastrtps_cpp/cmake)
[0.441s] -- Using RMW implementation 'rmw_fastrtps_cpp' as default
[0.496s] -- Found sensor_msgs: 4.2.4 (/opt/ros/humble/share/sensor_msgs/cmake)
[0.557s] -- Found DART: /usr/include (Required is at least version "6.6") found components: dart 
[0.586s] -- Found Protobuf: /usr/lib/x86_64-linux-gnu/libprotobuf.so (found version "3.12.4") 
[0.587s] -- Looking for ignition-math6 -- found version 6.15.1
[0.588s] -- Looking for OGRE...
[0.594s] -- Found Ogre Ghadamon (1.9.0)
[0.595s] -- Found OGRE: optimized;/usr/lib/x86_64-linux-gnu/libOgreMain.so;debug;/usr/lib/x86_64-linux-gnu/libOgreMain.so
[0.609s] -- Looking for OGRE_Paging...
[0.609s] -- Found OGRE_Paging: optimized;/usr/lib/x86_64-linux-gnu/libOgrePaging.so;debug;/usr/lib/x86_64-linux-gnu/libOgrePaging.so
[0.609s] -- Looking for OGRE_Terrain...
[0.609s] -- Found OGRE_Terrain: optimized;/usr/lib/x86_64-linux-gnu/libOgreTerrain.so;debug;/usr/lib/x86_64-linux-gnu/libOgreTerrain.so
[0.609s] -- Looking for OGRE_Property...
[0.609s] -- Found OGRE_Property: optimized;/usr/lib/x86_64-linux-gnu/libOgreProperty.so;debug;/usr/lib/x86_64-linux-gnu/libOgreProperty.so
[0.610s] -- Looking for OGRE_RTShaderSystem...
[0.610s] -- Found OGRE_RTShaderSystem: optimized;/usr/lib/x86_64-linux-gnu/libOgreRTShaderSystem.so;debug;/usr/lib/x86_64-linux-gnu/libOgreRTShaderSystem.so
[0.610s] -- Looking for OGRE_Volume...
[0.610s] -- Found OGRE_Volume: optimized;/usr/lib/x86_64-linux-gnu/libOgreVolume.so;debug;/usr/lib/x86_64-linux-gnu/libOgreVolume.so
[0.610s] -- Looking for OGRE_Overlay...
[0.610s] -- Found OGRE_Overlay: optimized;/usr/lib/x86_64-linux-gnu/libOgreOverlay.so;debug;/usr/lib/x86_64-linux-gnu/libOgreOverlay.so
[0.761s] -- Looking for ignition-math6 -- found version 6.15.1
[0.761s] -- Looking for ignition-transport8 -- found version 8.2.1
[0.762s] -- Searching for dependencies of ignition-transport8
[0.778s] -- Found Protobuf: /usr/lib/x86_64-linux-gnu/libprotobuf.so (found suitable version "3.12.4", minimum required is "3") 
[0.788s] -- Config-file not installed for ZeroMQ -- checking for pkg-config
[0.793s] -- Checking for module 'libzmq >= 4'
[0.805s] --   Found libzmq , version 4.3.4
[0.838s] -- Checking for module 'uuid'
[0.848s] --   Found uuid, version 2.37.2
[0.880s] -- Looking for ignition-msgs5 -- found version 5.8.1
[0.881s] -- Searching for dependencies of ignition-msgs5
[0.908s] -- Looking for ignition-math6 -- found version 6.15.1
[0.917s] -- Checking for module 'tinyxml2'
[0.930s] --   Found tinyxml2, version 9.0.0
[0.965s] -- Looking for ignition-msgs5 -- found version 5.8.1
[0.966s] -- Looking for ignition-common3 -- found version 3.14.0
[0.966s] -- Searching for dependencies of ignition-common3
[0.967s] -- Looking for dlfcn.h - found
[0.967s] -- Looking for libdl - found
[0.985s] -- Searching for <ignition-common3> component [graphics]
[0.986s] -- Looking for ignition-common3-graphics -- found version 3.14.0
[0.986s] -- Searching for dependencies of ignition-common3-graphics
[0.986s] -- Looking for ignition-math6 -- found version 6.15.1
[0.988s] -- Looking for ignition-fuel_tools4 -- found version 4.4.0
[0.988s] -- Searching for dependencies of ignition-fuel_tools4
[1.037s] -- Checking for module 'jsoncpp'
[1.080s] --   Found jsoncpp, version 1.9.5
[1.168s] -- Checking for module 'libzip'
[1.183s] --   Found libzip, version 1.7.3
[1.213s] -- Looking for ignition-common3 -- found version 3.14.0
[1.214s] -- Looking for ignition-math6 -- found version 6.15.1
[1.214s] -- Looking for ignition-msgs5 -- found version 5.8.1
[1.216s] -- Gazebo version: 11.10
[1.281s] -- Found ament_lint_auto: 0.12.11 (/opt/ros/humble/share/ament_lint_auto/cmake)
[1.354s] -- Added test 'cppcheck' to perform static code analysis on C / C++ code
[1.356s] -- Configured cppcheck include dirs: /home/eea/create3_ws/src/create3_sim/irobot_create_gazebo/irobot_create_gazebo_plugins/include
[1.356s] -- Configured cppcheck exclude dirs and/or files: 
[1.358s] -- Added test 'cpplint' to check C / C++ code against the Google style
[1.358s] -- Configured cpplint exclude dirs and/or files: 
[1.358s] -- Added test 'lint_cmake' to check CMake code style
[1.360s] -- Added test 'uncrustify' to check C / C++ code style
[1.360s] -- Configured uncrustify additional arguments: 
[1.360s] -- Added test 'xmllint' to check XML markup files
[1.362s] -- Configuring done
[1.581s] -- Generating done
[1.608s] -- Build files have been written to: /home/eea/create3_ws/build/irobot_create_gazebo_plugins
