[0.015s] Invoking command in '/home/eea/create3_ws/build/irobot_create_gazebo_plugins': AMENT_PREFIX_PATH=/home/eea/create3_ws/install/irobot_create_toolbox:${AMENT_PREFIX_PATH} CMAKE_PREFIX_PATH=/home/eea/create3_ws/install/irobot_create_toolbox:/opt/ros/humble LD_LIBRARY_PATH=/home/eea/create3_ws/install/irobot_create_toolbox/lib:${LD_LIBRARY_PATH} /usr/bin/cmake /home/eea/create3_ws/src/create3_sim/irobot_create_gazebo/irobot_create_gazebo_plugins -DAMENT_CMAKE_SYMLINK_INSTALL=1 -DCMAKE_INSTALL_PREFIX=/home/eea/create3_ws/install/irobot_create_gazebo_plugins
[0.026s] -- Found ament_cmake: 1.3.10 (/opt/ros/humble/share/ament_cmake/cmake)
[0.145s] -- Override CMake install command with custom implementation using symlinks instead of copying resources
[0.153s] -- Found geometry_msgs: 4.2.4 (/opt/ros/humble/share/geometry_msgs/cmake)
[0.186s] -- Found rosidl_generator_c: 3.1.5 (/opt/ros/humble/share/rosidl_generator_c/cmake)
[0.190s] -- Found rosidl_adapter: 3.1.5 (/opt/ros/humble/share/rosidl_adapter/cmake)
[0.199s] -- Found rosidl_generator_cpp: 3.1.5 (/opt/ros/humble/share/rosidl_generator_cpp/cmake)
[0.216s] -- Using all available rosidl_typesupport_c: rosidl_typesupport_fastrtps_c;rosidl_typesupport_introspection_c
[0.237s] -- Using all available rosidl_typesupport_cpp: rosidl_typesupport_fastrtps_cpp;rosidl_typesupport_introspection_cpp
[0.289s] -- Found irobot_create_msgs: 2.1.0 (/opt/ros/humble/share/irobot_create_msgs/cmake)
[0.332s] -- Found irobot_create_toolbox: 2.1.0 (/home/eea/create3_ws/install/irobot_create_toolbox/share/irobot_create_toolbox/cmake)
[0.363s] -- Found rmw_implementation_cmake: 6.1.2 (/opt/ros/humble/share/rmw_implementation_cmake/cmake)
[0.365s] -- Found rmw_fastrtps_cpp: 6.2.7 (/opt/ros/humble/share/rmw_fastrtps_cpp/cmake)
[0.458s] -- Using RMW implementation 'rmw_fastrtps_cpp' as default
[0.499s] -- Found sensor_msgs: 4.2.4 (/opt/ros/humble/share/sensor_msgs/cmake)
[0.543s] -- Found DART: /usr/include (Required is at least version "6.6") found components: dart 
[0.569s] -- Found Protobuf: /usr/lib/x86_64-linux-gnu/libprotobuf.so (found version "3.12.4") 
[0.570s] -- Looking for ignition-math6 -- found version 6.15.1
[0.571s] -- Looking for OGRE...
[0.576s] -- Found Ogre Ghadamon (1.9.0)
[0.576s] -- Found OGRE: optimized;/usr/lib/x86_64-linux-gnu/libOgreMain.so;debug;/usr/lib/x86_64-linux-gnu/libOgreMain.so
[0.585s] -- Looking for OGRE_Paging...
[0.585s] -- Found OGRE_Paging: optimized;/usr/lib/x86_64-linux-gnu/libOgrePaging.so;debug;/usr/lib/x86_64-linux-gnu/libOgrePaging.so
[0.585s] -- Looking for OGRE_Terrain...
[0.585s] -- Found OGRE_Terrain: optimized;/usr/lib/x86_64-linux-gnu/libOgreTerrain.so;debug;/usr/lib/x86_64-linux-gnu/libOgreTerrain.so
[0.585s] -- Looking for OGRE_Property...
[0.585s] -- Found OGRE_Property: optimized;/usr/lib/x86_64-linux-gnu/libOgreProperty.so;debug;/usr/lib/x86_64-linux-gnu/libOgreProperty.so
[0.585s] -- Looking for OGRE_RTShaderSystem...
[0.585s] -- Found OGRE_RTShaderSystem: optimized;/usr/lib/x86_64-linux-gnu/libOgreRTShaderSystem.so;debug;/usr/lib/x86_64-linux-gnu/libOgreRTShaderSystem.so
[0.585s] -- Looking for OGRE_Volume...
[0.585s] -- Found OGRE_Volume: optimized;/usr/lib/x86_64-linux-gnu/libOgreVolume.so;debug;/usr/lib/x86_64-linux-gnu/libOgreVolume.so
[0.585s] -- Looking for OGRE_Overlay...
[0.586s] -- Found OGRE_Overlay: optimized;/usr/lib/x86_64-linux-gnu/libOgreOverlay.so;debug;/usr/lib/x86_64-linux-gnu/libOgreOverlay.so
[0.685s] -- Looking for ignition-math6 -- found version 6.15.1
[0.686s] -- Looking for ignition-transport8 -- found version 8.2.1
[0.686s] -- Searching for dependencies of ignition-transport8
[0.702s] -- Found Protobuf: /usr/lib/x86_64-linux-gnu/libprotobuf.so (found suitable version "3.12.4", minimum required is "3") 
[0.711s] -- Config-file not installed for ZeroMQ -- checking for pkg-config
[0.716s] -- Checking for module 'libzmq >= 4'
[0.727s] --   Found libzmq , version 4.3.4
[0.762s] -- Checking for module 'uuid'
[0.775s] --   Found uuid, version 2.37.2
[0.801s] -- Looking for ignition-msgs5 -- found version 5.8.1
[0.802s] -- Searching for dependencies of ignition-msgs5
[0.820s] -- Looking for ignition-math6 -- found version 6.15.1
[0.824s] -- Checking for module 'tinyxml2'
[0.837s] --   Found tinyxml2, version 9.0.0
[0.866s] -- Looking for ignition-msgs5 -- found version 5.8.1
[0.866s] -- Looking for ignition-common3 -- found version 3.14.0
[0.867s] -- Searching for dependencies of ignition-common3
[0.867s] -- Looking for dlfcn.h - found
[0.867s] -- Looking for libdl - found
[0.883s] -- Searching for <ignition-common3> component [graphics]
[0.884s] -- Looking for ignition-common3-graphics -- found version 3.14.0
[0.885s] -- Searching for dependencies of ignition-common3-graphics
[0.885s] -- Looking for ignition-math6 -- found version 6.15.1
[0.886s] -- Looking for ignition-fuel_tools4 -- found version 4.4.0
[0.887s] -- Searching for dependencies of ignition-fuel_tools4
[0.935s] -- Checking for module 'jsoncpp'
[0.949s] --   Found jsoncpp, version 1.9.5
[0.986s] -- Checking for module 'libzip'
[0.999s] --   Found libzip, version 1.7.3
[1.024s] -- Looking for ignition-common3 -- found version 3.14.0
[1.025s] -- Looking for ignition-math6 -- found version 6.15.1
[1.025s] -- Looking for ignition-msgs5 -- found version 5.8.1
[1.027s] -- Gazebo version: 11.10
[1.116s] -- Found ament_lint_auto: 0.12.11 (/opt/ros/humble/share/ament_lint_auto/cmake)
[1.186s] -- Added test 'cppcheck' to perform static code analysis on C / C++ code
[1.188s] -- Configured cppcheck include dirs: /home/eea/create3_ws/src/create3_sim/irobot_create_gazebo/irobot_create_gazebo_plugins/include
[1.188s] -- Configured cppcheck exclude dirs and/or files: 
[1.189s] -- Added test 'cpplint' to check C / C++ code against the Google style
[1.189s] -- Configured cpplint exclude dirs and/or files: 
[1.190s] -- Added test 'lint_cmake' to check CMake code style
[1.191s] -- Added test 'uncrustify' to check C / C++ code style
[1.191s] -- Configured uncrustify additional arguments: 
[1.191s] -- Added test 'xmllint' to check XML markup files
[1.194s] -- Configuring done
[1.406s] -- Generating done
[1.433s] -- Build files have been written to: /home/eea/create3_ws/build/irobot_create_gazebo_plugins
[1.451s] Invoked command in '/home/eea/create3_ws/build/irobot_create_gazebo_plugins' returned '0': AMENT_PREFIX_PATH=/home/eea/create3_ws/install/irobot_create_toolbox:${AMENT_PREFIX_PATH} CMAKE_PREFIX_PATH=/home/eea/create3_ws/install/irobot_create_toolbox:/opt/ros/humble LD_LIBRARY_PATH=/home/eea/create3_ws/install/irobot_create_toolbox/lib:${LD_LIBRARY_PATH} /usr/bin/cmake /home/eea/create3_ws/src/create3_sim/irobot_create_gazebo/irobot_create_gazebo_plugins -DAMENT_CMAKE_SYMLINK_INSTALL=1 -DCMAKE_INSTALL_PREFIX=/home/eea/create3_ws/install/irobot_create_gazebo_plugins
[1.453s] Invoking command in '/home/eea/create3_ws/build/irobot_create_gazebo_plugins': AMENT_PREFIX_PATH=/home/eea/create3_ws/install/irobot_create_toolbox:${AMENT_PREFIX_PATH} CMAKE_PREFIX_PATH=/home/eea/create3_ws/install/irobot_create_toolbox:/opt/ros/humble LD_LIBRARY_PATH=/home/eea/create3_ws/install/irobot_create_toolbox/lib:${LD_LIBRARY_PATH} /usr/bin/cmake --build /home/eea/create3_ws/build/irobot_create_gazebo_plugins -- -j8 -l8
[1.493s] [35m[1mConsolidate compiler generated dependencies of target gazebo_ros_create_helpers[0m
[1.515s] [  5%] Built target gazebo_ros_create_helpers
[1.533s] [35m[1mConsolidate compiler generated dependencies of target docking_manager[0m
[1.534s] [35m[1mConsolidate compiler generated dependencies of target gazebo_ros_create_ir_intensity_sensor[0m
[1.534s] [35m[1mConsolidate compiler generated dependencies of target gazebo_ros_create_docking_status[0m
[1.534s] [35m[1mConsolidate compiler generated dependencies of target gazebo_ros_create_imu[0m
[1.536s] [35m[1mConsolidate compiler generated dependencies of target gazebo_ros_create_wheel_drop[0m
[1.538s] [35m[1mConsolidate compiler generated dependencies of target gazebo_ros_create_optical_mouse[0m
[1.538s] [35m[1mConsolidate compiler generated dependencies of target gazebo_ros_create_bumper[0m
[1.539s] [35m[1mConsolidate compiler generated dependencies of target gazebo_ros_create_cliff_sensor[0m
[1.574s] [  5%] Built target docking_manager
[1.574s] [  5%] Built target gazebo_ros_create_docking_status
[1.575s] [  5%] Built target gazebo_ros_create_ir_intensity_sensor
[1.577s] [  5%] Built target gazebo_ros_create_imu
[1.581s] [  5%] Built target gazebo_ros_create_optical_mouse
[1.582s] [  5%] Built target gazebo_ros_create_wheel_drop
[1.586s] [35m[1mConsolidate compiler generated dependencies of target gazebo_ros_create_ir_opcode[0m
[1.589s] [  5%] Built target gazebo_ros_create_cliff_sensor
[1.592s] [  5%] Built target gazebo_ros_create_bumper
[1.613s] [  5%] Built target gazebo_ros_create_ir_opcode
