[0.013s] Invoking command in '/home/eea/create3_ws/build/irobot_create_gazebo_bringup': AMENT_PREFIX_PATH=/home/eea/create3_ws/install/irobot_create_common_bringup:/home/eea/create3_ws/install/irobot_create_nodes:/home/eea/create3_ws/install/irobot_create_gazebo_plugins:/home/eea/create3_ws/install/irobot_create_toolbox:/home/eea/create3_ws/install/irobot_create_description:/home/eea/create3_ws/install/irobot_create_control:${AMENT_PREFIX_PATH} CMAKE_PREFIX_PATH=/home/eea/create3_ws/install/irobot_create_common_bringup:/home/eea/create3_ws/install/irobot_create_nodes:/home/eea/create3_ws/install/irobot_create_gazebo_plugins:/home/eea/create3_ws/install/irobot_create_toolbox:/home/eea/create3_ws/install/irobot_create_description:/home/eea/create3_ws/install/irobot_create_control:/opt/ros/humble LD_LIBRARY_PATH=/home/eea/create3_ws/install/irobot_create_nodes/lib:/home/eea/create3_ws/install/irobot_create_gazebo_plugins/lib:/home/eea/create3_ws/install/irobot_create_toolbox/lib:${LD_LIBRARY_PATH} PYTHONPATH=/home/eea/create3_ws/install/irobot_create_common_bringup/local/lib/python3.10/dist-packages:${PYTHONPATH} /usr/bin/cmake /home/eea/create3_ws/src/create3_sim/irobot_create_gazebo/irobot_create_gazebo_bringup -DCMAKE_INSTALL_PREFIX=/home/eea/create3_ws/install/irobot_create_gazebo_bringup
[0.065s] -- The C compiler identification is GNU 11.4.0
[0.124s] -- The CXX compiler identification is GNU 11.4.0
[0.131s] -- Detecting C compiler ABI info
[0.197s] -- Detecting C compiler ABI info - done
[0.204s] -- Check for working C compiler: /usr/bin/cc - skipped
[0.204s] -- Detecting C compile features
[0.204s] -- Detecting C compile features - done
[0.207s] -- Detecting CXX compiler ABI info
[0.280s] -- Detecting CXX compiler ABI info - done
[0.288s] -- Check for working CXX compiler: /usr/bin/c++ - skipped
[0.288s] -- Detecting CXX compile features
[0.288s] -- Detecting CXX compile features - done
[0.291s] -- Found ament_cmake: 1.3.10 (/opt/ros/humble/share/ament_cmake/cmake)
[0.422s] -- Found Python3: /usr/bin/python3 (found version "3.10.12") found components: Interpreter 
[0.558s] -- Found rosidl_generator_c: 3.1.5 (/opt/ros/humble/share/rosidl_generator_c/cmake)
[0.562s] -- Found rosidl_adapter: 3.1.5 (/opt/ros/humble/share/rosidl_adapter/cmake)
[0.570s] -- Found rosidl_generator_cpp: 3.1.5 (/opt/ros/humble/share/rosidl_generator_cpp/cmake)
[0.581s] -- Using all available rosidl_typesupport_c: rosidl_typesupport_fastrtps_c;rosidl_typesupport_introspection_c
[0.597s] -- Using all available rosidl_typesupport_cpp: rosidl_typesupport_fastrtps_cpp;rosidl_typesupport_introspection_cpp
[0.655s] -- Found rmw_implementation_cmake: 6.1.2 (/opt/ros/humble/share/rmw_implementation_cmake/cmake)
[0.659s] -- Found rmw_fastrtps_cpp: 6.2.7 (/opt/ros/humble/share/rmw_fastrtps_cpp/cmake)
[0.762s] -- Found OpenSSL: /usr/lib/x86_64-linux-gnu/libcrypto.so (found version "3.0.2")  
[0.788s] -- Found FastRTPS: /opt/ros/humble/include  
[0.825s] -- Using RMW implementation 'rmw_fastrtps_cpp' as default
[0.839s] -- Looking for pthread.h
[0.905s] -- Looking for pthread.h - found
[0.906s] -- Performing Test CMAKE_HAVE_LIBC_PTHREAD
[0.977s] -- Performing Test CMAKE_HAVE_LIBC_PTHREAD - Success
[0.978s] -- Found Threads: TRUE  
[1.060s] -- Found PkgConfig: /usr/bin/pkg-config (found version "0.29.2") 
[1.061s] -- Checking for module 'bullet>=2.82'
[1.073s] --   Found bullet, version 3.05
[1.171s] -- Found fcl: /usr/include (found suitable version "0.7.0", minimum required is "0.5.0") 
[1.210s] -- Found assimp: /usr/include (found version "5.2.0") 
[1.244s] -- Found DART: /usr/include (Required is at least version "6.6") found components: dart 
[1.282s] -- Found Boost: /usr/lib/x86_64-linux-gnu/cmake/Boost-1.74.0/BoostConfig.cmake (found suitable version "1.74.0", minimum required is "1.40.0") found components: thread system filesystem program_options regex iostreams date_time 
[1.317s] -- Found Protobuf: /usr/lib/x86_64-linux-gnu/libprotobuf.so (found version "3.12.4") 
[1.324s] -- Looking for ignition-math6 -- found version 6.15.1
[1.337s] -- Searching for dependencies of ignition-math6
[1.340s] -- Looking for OGRE...
[1.340s] -- OGRE_PREFIX_WATCH changed.
[1.346s] -- Checking for module 'OGRE'
[1.359s] --   Found OGRE, version 1.9.0
[1.392s] -- Found Ogre Ghadamon (1.9.0)
[1.400s] -- Found OGRE: optimized;/usr/lib/x86_64-linux-gnu/libOgreMain.so;debug;/usr/lib/x86_64-linux-gnu/libOgreMain.so
[1.413s] -- Looking for OGRE_Paging...
[1.419s] -- Found OGRE_Paging: optimized;/usr/lib/x86_64-linux-gnu/libOgrePaging.so;debug;/usr/lib/x86_64-linux-gnu/libOgrePaging.so
[1.420s] -- Looking for OGRE_Terrain...
[1.426s] -- Found OGRE_Terrain: optimized;/usr/lib/x86_64-linux-gnu/libOgreTerrain.so;debug;/usr/lib/x86_64-linux-gnu/libOgreTerrain.so
[1.426s] -- Looking for OGRE_Property...
[1.432s] -- Found OGRE_Property: optimized;/usr/lib/x86_64-linux-gnu/libOgreProperty.so;debug;/usr/lib/x86_64-linux-gnu/libOgreProperty.so
[1.432s] -- Looking for OGRE_RTShaderSystem...
[1.438s] -- Found OGRE_RTShaderSystem: optimized;/usr/lib/x86_64-linux-gnu/libOgreRTShaderSystem.so;debug;/usr/lib/x86_64-linux-gnu/libOgreRTShaderSystem.so
[1.438s] -- Looking for OGRE_Volume...
[1.445s] -- Found OGRE_Volume: optimized;/usr/lib/x86_64-linux-gnu/libOgreVolume.so;debug;/usr/lib/x86_64-linux-gnu/libOgreVolume.so
[1.445s] -- Looking for OGRE_Overlay...
[1.451s] -- Found OGRE_Overlay: optimized;/usr/lib/x86_64-linux-gnu/libOgreOverlay.so;debug;/usr/lib/x86_64-linux-gnu/libOgreOverlay.so
[1.562s] -- Looking for ignition-math6 -- found version 6.15.1
[1.566s] -- Looking for ignition-transport8 -- found version 8.2.1
[1.566s] -- Searching for dependencies of ignition-transport8
[1.582s] -- Found Protobuf: /usr/lib/x86_64-linux-gnu/libprotobuf.so (found suitable version "3.12.4", minimum required is "3") 
[1.591s] -- Config-file not installed for ZeroMQ -- checking for pkg-config
[1.595s] -- Checking for module 'libzmq >= 4'
[1.607s] --   Found libzmq , version 4.3.4
[1.637s] -- Found ZeroMQ: TRUE (Required is at least version "4") 
[1.642s] -- Checking for module 'uuid'
[1.652s] --   Found uuid, version 2.37.2
[1.677s] -- Found UUID: TRUE  
[1.680s] -- Looking for ignition-msgs5 -- found version 5.8.1
[1.681s] -- Searching for dependencies of ignition-msgs5
[1.697s] -- Looking for ignition-math6 -- found version 6.15.1
[1.702s] -- Checking for module 'tinyxml2'
[1.713s] --   Found tinyxml2, version 9.0.0
[1.742s] -- Looking for ignition-msgs5 -- found version 5.8.1
[1.745s] -- Looking for ignition-common3 -- found version 3.14.0
[1.745s] -- Searching for dependencies of ignition-common3
[1.746s] -- Looking for dlfcn.h - found
[1.747s] -- Looking for libdl - found
[1.748s] -- Found DL: TRUE  
[1.760s] -- Found tinyobjloader: /usr/lib/x86_64-linux-gnu/cmake/tinyobjloader/tinyobjloader-config.cmake (found version "2.0.0") 
[1.760s] -- Searching for <ignition-common3> component [graphics]
[1.763s] -- Looking for ignition-common3-graphics -- found version 3.14.0
[1.764s] -- Searching for dependencies of ignition-common3-graphics
[1.764s] -- Looking for ignition-math6 -- found version 6.15.1
[1.767s] -- Looking for ignition-fuel_tools4 -- found version 4.4.0
[1.768s] -- Searching for dependencies of ignition-fuel_tools4
[1.835s] -- Found CURL: /usr/lib/x86_64-linux-gnu/libcurl.so (found version "7.81.0")  
[1.845s] -- Checking for module 'jsoncpp'
[1.856s] --   Found jsoncpp, version 1.9.5
[1.882s] -- Found JSONCPP: TRUE  
[1.887s] -- Checking for module 'libzip'
[1.898s] --   Found libzip, version 1.7.3
[1.925s] -- Found ZIP: TRUE  
[1.925s] -- Looking for ignition-common3 -- found version 3.14.0
[1.925s] -- Looking for ignition-math6 -- found version 6.15.1
[1.926s] -- Looking for ignition-msgs5 -- found version 5.8.1
[1.931s] -- Gazebo version: 11.10
[1.932s] -- Checking for module 'tbb'
[1.944s] --   Found tbb, version 2021.5.0
[1.972s] -- Found ament_lint_auto: 0.12.11 (/opt/ros/humble/share/ament_lint_auto/cmake)
[2.045s] -- Added test 'flake8' to check Python code syntax and style conventions
[2.045s] -- Added test 'lint_cmake' to check CMake code style
[2.046s] -- Added test 'pep257' to check Python code against some of the docstring style conventions in PEP 257
[2.047s] -- Added test 'xmllint' to check XML markup files
[2.049s] -- Configuring done
[2.056s] -- Generating done
[2.060s] -- Build files have been written to: /home/eea/create3_ws/build/irobot_create_gazebo_bringup
[2.076s] Invoked command in '/home/eea/create3_ws/build/irobot_create_gazebo_bringup' returned '0': AMENT_PREFIX_PATH=/home/eea/create3_ws/install/irobot_create_common_bringup:/home/eea/create3_ws/install/irobot_create_nodes:/home/eea/create3_ws/install/irobot_create_gazebo_plugins:/home/eea/create3_ws/install/irobot_create_toolbox:/home/eea/create3_ws/install/irobot_create_description:/home/eea/create3_ws/install/irobot_create_control:${AMENT_PREFIX_PATH} CMAKE_PREFIX_PATH=/home/eea/create3_ws/install/irobot_create_common_bringup:/home/eea/create3_ws/install/irobot_create_nodes:/home/eea/create3_ws/install/irobot_create_gazebo_plugins:/home/eea/create3_ws/install/irobot_create_toolbox:/home/eea/create3_ws/install/irobot_create_description:/home/eea/create3_ws/install/irobot_create_control:/opt/ros/humble LD_LIBRARY_PATH=/home/eea/create3_ws/install/irobot_create_nodes/lib:/home/eea/create3_ws/install/irobot_create_gazebo_plugins/lib:/home/eea/create3_ws/install/irobot_create_toolbox/lib:${LD_LIBRARY_PATH} PYTHONPATH=/home/eea/create3_ws/install/irobot_create_common_bringup/local/lib/python3.10/dist-packages:${PYTHONPATH} /usr/bin/cmake /home/eea/create3_ws/src/create3_sim/irobot_create_gazebo/irobot_create_gazebo_bringup -DCMAKE_INSTALL_PREFIX=/home/eea/create3_ws/install/irobot_create_gazebo_bringup
[2.078s] Invoking command in '/home/eea/create3_ws/build/irobot_create_gazebo_bringup': AMENT_PREFIX_PATH=/home/eea/create3_ws/install/irobot_create_common_bringup:/home/eea/create3_ws/install/irobot_create_nodes:/home/eea/create3_ws/install/irobot_create_gazebo_plugins:/home/eea/create3_ws/install/irobot_create_toolbox:/home/eea/create3_ws/install/irobot_create_description:/home/eea/create3_ws/install/irobot_create_control:${AMENT_PREFIX_PATH} CMAKE_PREFIX_PATH=/home/eea/create3_ws/install/irobot_create_common_bringup:/home/eea/create3_ws/install/irobot_create_nodes:/home/eea/create3_ws/install/irobot_create_gazebo_plugins:/home/eea/create3_ws/install/irobot_create_toolbox:/home/eea/create3_ws/install/irobot_create_description:/home/eea/create3_ws/install/irobot_create_control:/opt/ros/humble LD_LIBRARY_PATH=/home/eea/create3_ws/install/irobot_create_nodes/lib:/home/eea/create3_ws/install/irobot_create_gazebo_plugins/lib:/home/eea/create3_ws/install/irobot_create_toolbox/lib:${LD_LIBRARY_PATH} PYTHONPATH=/home/eea/create3_ws/install/irobot_create_common_bringup/local/lib/python3.10/dist-packages:${PYTHONPATH} /usr/bin/cmake --build /home/eea/create3_ws/build/irobot_create_gazebo_bringup -- -j8 -l8
[2.122s] Invoked command in '/home/eea/create3_ws/build/irobot_create_gazebo_bringup' returned '0': AMENT_PREFIX_PATH=/home/eea/create3_ws/install/irobot_create_common_bringup:/home/eea/create3_ws/install/irobot_create_nodes:/home/eea/create3_ws/install/irobot_create_gazebo_plugins:/home/eea/create3_ws/install/irobot_create_toolbox:/home/eea/create3_ws/install/irobot_create_description:/home/eea/create3_ws/install/irobot_create_control:${AMENT_PREFIX_PATH} CMAKE_PREFIX_PATH=/home/eea/create3_ws/install/irobot_create_common_bringup:/home/eea/create3_ws/install/irobot_create_nodes:/home/eea/create3_ws/install/irobot_create_gazebo_plugins:/home/eea/create3_ws/install/irobot_create_toolbox:/home/eea/create3_ws/install/irobot_create_description:/home/eea/create3_ws/install/irobot_create_control:/opt/ros/humble LD_LIBRARY_PATH=/home/eea/create3_ws/install/irobot_create_nodes/lib:/home/eea/create3_ws/install/irobot_create_gazebo_plugins/lib:/home/eea/create3_ws/install/irobot_create_toolbox/lib:${LD_LIBRARY_PATH} PYTHONPATH=/home/eea/create3_ws/install/irobot_create_common_bringup/local/lib/python3.10/dist-packages:${PYTHONPATH} /usr/bin/cmake --build /home/eea/create3_ws/build/irobot_create_gazebo_bringup -- -j8 -l8
[2.124s] Invoking command in '/home/eea/create3_ws/build/irobot_create_gazebo_bringup': AMENT_PREFIX_PATH=/home/eea/create3_ws/install/irobot_create_common_bringup:/home/eea/create3_ws/install/irobot_create_nodes:/home/eea/create3_ws/install/irobot_create_gazebo_plugins:/home/eea/create3_ws/install/irobot_create_toolbox:/home/eea/create3_ws/install/irobot_create_description:/home/eea/create3_ws/install/irobot_create_control:${AMENT_PREFIX_PATH} CMAKE_PREFIX_PATH=/home/eea/create3_ws/install/irobot_create_common_bringup:/home/eea/create3_ws/install/irobot_create_nodes:/home/eea/create3_ws/install/irobot_create_gazebo_plugins:/home/eea/create3_ws/install/irobot_create_toolbox:/home/eea/create3_ws/install/irobot_create_description:/home/eea/create3_ws/install/irobot_create_control:/opt/ros/humble LD_LIBRARY_PATH=/home/eea/create3_ws/install/irobot_create_nodes/lib:/home/eea/create3_ws/install/irobot_create_gazebo_plugins/lib:/home/eea/create3_ws/install/irobot_create_toolbox/lib:${LD_LIBRARY_PATH} PYTHONPATH=/home/eea/create3_ws/install/irobot_create_common_bringup/local/lib/python3.10/dist-packages:${PYTHONPATH} /usr/bin/cmake --install /home/eea/create3_ws/build/irobot_create_gazebo_bringup
[2.132s] -- Install configuration: ""
[2.132s] -- Installing: /home/eea/create3_ws/install/irobot_create_gazebo_bringup/share/irobot_create_gazebo_bringup/config
[2.132s] -- Installing: /home/eea/create3_ws/install/irobot_create_gazebo_bringup/share/irobot_create_gazebo_bringup/config/gazebo_params.yaml
[2.133s] -- Installing: /home/eea/create3_ws/install/irobot_create_gazebo_bringup/share/irobot_create_gazebo_bringup/launch
[2.133s] -- Installing: /home/eea/create3_ws/install/irobot_create_gazebo_bringup/share/irobot_create_gazebo_bringup/launch/gazebo.launch.py
[2.133s] -- Installing: /home/eea/create3_ws/install/irobot_create_gazebo_bringup/share/irobot_create_gazebo_bringup/launch/create3_gazebo.launch.py
[2.133s] -- Installing: /home/eea/create3_ws/install/irobot_create_gazebo_bringup/share/irobot_create_gazebo_bringup/launch/create3_gazebo_aws_small.launch.py
[2.133s] -- Installing: /home/eea/create3_ws/install/irobot_create_gazebo_bringup/share/irobot_create_gazebo_bringup/launch/create3_spawn.launch.py
[2.134s] -- Installing: /home/eea/create3_ws/install/irobot_create_gazebo_bringup/share/ament_index/resource_index/package_run_dependencies/irobot_create_gazebo_bringup
[2.134s] -- Installing: /home/eea/create3_ws/install/irobot_create_gazebo_bringup/share/ament_index/resource_index/parent_prefix_path/irobot_create_gazebo_bringup
[2.134s] -- Installing: /home/eea/create3_ws/install/irobot_create_gazebo_bringup/share/irobot_create_gazebo_bringup/environment/ament_prefix_path.sh
[2.134s] -- Installing: /home/eea/create3_ws/install/irobot_create_gazebo_bringup/share/irobot_create_gazebo_bringup/environment/ament_prefix_path.dsv
[2.134s] -- Installing: /home/eea/create3_ws/install/irobot_create_gazebo_bringup/share/irobot_create_gazebo_bringup/environment/path.sh
[2.134s] -- Installing: /home/eea/create3_ws/install/irobot_create_gazebo_bringup/share/irobot_create_gazebo_bringup/environment/path.dsv
[2.134s] -- Installing: /home/eea/create3_ws/install/irobot_create_gazebo_bringup/share/irobot_create_gazebo_bringup/local_setup.bash
[2.135s] -- Installing: /home/eea/create3_ws/install/irobot_create_gazebo_bringup/share/irobot_create_gazebo_bringup/local_setup.sh
[2.135s] -- Installing: /home/eea/create3_ws/install/irobot_create_gazebo_bringup/share/irobot_create_gazebo_bringup/local_setup.zsh
[2.135s] -- Installing: /home/eea/create3_ws/install/irobot_create_gazebo_bringup/share/irobot_create_gazebo_bringup/local_setup.dsv
[2.135s] -- Installing: /home/eea/create3_ws/install/irobot_create_gazebo_bringup/share/irobot_create_gazebo_bringup/package.dsv
[2.135s] -- Installing: /home/eea/create3_ws/install/irobot_create_gazebo_bringup/share/ament_index/resource_index/packages/irobot_create_gazebo_bringup
[2.135s] -- Installing: /home/eea/create3_ws/install/irobot_create_gazebo_bringup/share/irobot_create_gazebo_bringup/cmake/irobot_create_gazebo_bringupConfig.cmake
[2.135s] -- Installing: /home/eea/create3_ws/install/irobot_create_gazebo_bringup/share/irobot_create_gazebo_bringup/cmake/irobot_create_gazebo_bringupConfig-version.cmake
[2.135s] -- Installing: /home/eea/create3_ws/install/irobot_create_gazebo_bringup/share/irobot_create_gazebo_bringup/package.xml
[2.138s] Invoked command in '/home/eea/create3_ws/build/irobot_create_gazebo_bringup' returned '0': AMENT_PREFIX_PATH=/home/eea/create3_ws/install/irobot_create_common_bringup:/home/eea/create3_ws/install/irobot_create_nodes:/home/eea/create3_ws/install/irobot_create_gazebo_plugins:/home/eea/create3_ws/install/irobot_create_toolbox:/home/eea/create3_ws/install/irobot_create_description:/home/eea/create3_ws/install/irobot_create_control:${AMENT_PREFIX_PATH} CMAKE_PREFIX_PATH=/home/eea/create3_ws/install/irobot_create_common_bringup:/home/eea/create3_ws/install/irobot_create_nodes:/home/eea/create3_ws/install/irobot_create_gazebo_plugins:/home/eea/create3_ws/install/irobot_create_toolbox:/home/eea/create3_ws/install/irobot_create_description:/home/eea/create3_ws/install/irobot_create_control:/opt/ros/humble LD_LIBRARY_PATH=/home/eea/create3_ws/install/irobot_create_nodes/lib:/home/eea/create3_ws/install/irobot_create_gazebo_plugins/lib:/home/eea/create3_ws/install/irobot_create_toolbox/lib:${LD_LIBRARY_PATH} PYTHONPATH=/home/eea/create3_ws/install/irobot_create_common_bringup/local/lib/python3.10/dist-packages:${PYTHONPATH} /usr/bin/cmake --install /home/eea/create3_ws/build/irobot_create_gazebo_bringup
