[  5%] Built target gazebo_ros_create_helpers
[  5%] Built target gazebo_ros_create_bumper
[  5%] Built target gazebo_ros_create_wheel_drop
[  5%] Built target docking_manager
[  5%] Built target gazebo_ros_create_optical_mouse
[  5%] Built target gazebo_ros_create_ir_opcode
[  5%] Built target gazebo_ros_create_ir_intensity_sensor
[  5%] Built target gazebo_ros_create_imu
[  5%] Built target gazebo_ros_create_docking_status
[  5%] Built target gazebo_ros_create_cliff_sensor
-- Install configuration: ""
-- Execute custom install script
-- Up-to-date symlink: /home/eea/create3_ws/install/irobot_create_gazebo_plugins/share/irobot_create_gazebo_plugins/environment/library_path.sh
-- Up-to-date symlink: /home/eea/create3_ws/install/irobot_create_gazebo_plugins/share/irobot_create_gazebo_plugins/environment/library_path.dsv
-- Up-to-date symlink: /home/eea/create3_ws/install/irobot_create_gazebo_plugins/include/irobot_create_gazebo_plugins/docking_manager.hpp
-- Up-to-date symlink: /home/eea/create3_ws/install/irobot_create_gazebo_plugins/include/irobot_create_gazebo_plugins/gazebo_ros_bumper.hpp
-- Up-to-date symlink: /home/eea/create3_ws/install/irobot_create_gazebo_plugins/include/irobot_create_gazebo_plugins/gazebo_ros_cliff_sensor.hpp
-- Up-to-date symlink: /home/eea/create3_ws/install/irobot_create_gazebo_plugins/include/irobot_create_gazebo_plugins/gazebo_ros_docking_status.hpp
-- Up-to-date symlink: /home/eea/create3_ws/install/irobot_create_gazebo_plugins/include/irobot_create_gazebo_plugins/gazebo_ros_helpers.hpp
-- Up-to-date symlink: /home/eea/create3_ws/install/irobot_create_gazebo_plugins/include/irobot_create_gazebo_plugins/gazebo_ros_imu.hpp
-- Up-to-date symlink: /home/eea/create3_ws/install/irobot_create_gazebo_plugins/include/irobot_create_gazebo_plugins/gazebo_ros_ir_intensity_sensor.hpp
-- Up-to-date symlink: /home/eea/create3_ws/install/irobot_create_gazebo_plugins/include/irobot_create_gazebo_plugins/gazebo_ros_ir_opcode.hpp
-- Up-to-date symlink: /home/eea/create3_ws/install/irobot_create_gazebo_plugins/include/irobot_create_gazebo_plugins/gazebo_ros_optical_mouse.hpp
-- Up-to-date symlink: /home/eea/create3_ws/install/irobot_create_gazebo_plugins/include/irobot_create_gazebo_plugins/gazebo_ros_wheel_drop.hpp
-- Up-to-date symlink: /home/eea/create3_ws/install/irobot_create_gazebo_plugins/lib/libgazebo_ros_create_bumper.so
-- Up-to-date symlink: /home/eea/create3_ws/install/irobot_create_gazebo_plugins/lib/libgazebo_ros_create_cliff_sensor.so
-- Up-to-date symlink: /home/eea/create3_ws/install/irobot_create_gazebo_plugins/lib/libgazebo_ros_create_docking_status.so
-- Up-to-date symlink: /home/eea/create3_ws/install/irobot_create_gazebo_plugins/lib/libgazebo_ros_create_helpers.so
-- Up-to-date symlink: /home/eea/create3_ws/install/irobot_create_gazebo_plugins/lib/libgazebo_ros_create_imu.so
-- Up-to-date symlink: /home/eea/create3_ws/install/irobot_create_gazebo_plugins/lib/libgazebo_ros_create_ir_intensity_sensor.so
-- Up-to-date symlink: /home/eea/create3_ws/install/irobot_create_gazebo_plugins/lib/libgazebo_ros_create_optical_mouse.so
-- Up-to-date symlink: /home/eea/create3_ws/install/irobot_create_gazebo_plugins/lib/libgazebo_ros_create_ir_opcode.so
-- Up-to-date symlink: /home/eea/create3_ws/install/irobot_create_gazebo_plugins/lib/libdocking_manager.so
-- Up-to-date symlink: /home/eea/create3_ws/install/irobot_create_gazebo_plugins/lib/libgazebo_ros_create_wheel_drop.so
-- Up-to-date symlink: /home/eea/create3_ws/install/irobot_create_gazebo_plugins/share/ament_index/resource_index/package_run_dependencies/irobot_create_gazebo_plugins
-- Up-to-date symlink: /home/eea/create3_ws/install/irobot_create_gazebo_plugins/share/ament_index/resource_index/parent_prefix_path/irobot_create_gazebo_plugins
-- Up-to-date symlink: /home/eea/create3_ws/install/irobot_create_gazebo_plugins/share/irobot_create_gazebo_plugins/environment/ament_prefix_path.sh
-- Up-to-date symlink: /home/eea/create3_ws/install/irobot_create_gazebo_plugins/share/irobot_create_gazebo_plugins/environment/ament_prefix_path.dsv
-- Up-to-date symlink: /home/eea/create3_ws/install/irobot_create_gazebo_plugins/share/irobot_create_gazebo_plugins/environment/path.sh
-- Up-to-date symlink: /home/eea/create3_ws/install/irobot_create_gazebo_plugins/share/irobot_create_gazebo_plugins/environment/path.dsv
-- Up-to-date symlink: /home/eea/create3_ws/install/irobot_create_gazebo_plugins/share/irobot_create_gazebo_plugins/local_setup.bash
-- Up-to-date symlink: /home/eea/create3_ws/install/irobot_create_gazebo_plugins/share/irobot_create_gazebo_plugins/local_setup.sh
-- Up-to-date symlink: /home/eea/create3_ws/install/irobot_create_gazebo_plugins/share/irobot_create_gazebo_plugins/local_setup.zsh
-- Up-to-date symlink: /home/eea/create3_ws/install/irobot_create_gazebo_plugins/share/irobot_create_gazebo_plugins/local_setup.dsv
-- Symlinking: /home/eea/create3_ws/install/irobot_create_gazebo_plugins/share/irobot_create_gazebo_plugins/package.dsv
-- Up-to-date symlink: /home/eea/create3_ws/install/irobot_create_gazebo_plugins/share/ament_index/resource_index/packages/irobot_create_gazebo_plugins
-- Up-to-date symlink: /home/eea/create3_ws/install/irobot_create_gazebo_plugins/share/irobot_create_gazebo_plugins/cmake/ament_cmake_export_libraries-extras.cmake
-- Up-to-date symlink: /home/eea/create3_ws/install/irobot_create_gazebo_plugins/share/irobot_create_gazebo_plugins/cmake/ament_cmake_export_include_directories-extras.cmake
-- Up-to-date symlink: /home/eea/create3_ws/install/irobot_create_gazebo_plugins/share/irobot_create_gazebo_plugins/cmake/ament_cmake_export_dependencies-extras.cmake
-- Up-to-date symlink: /home/eea/create3_ws/install/irobot_create_gazebo_plugins/share/irobot_create_gazebo_plugins/cmake/irobot_create_gazebo_pluginsConfig.cmake
-- Up-to-date symlink: /home/eea/create3_ws/install/irobot_create_gazebo_plugins/share/irobot_create_gazebo_plugins/cmake/irobot_create_gazebo_pluginsConfig-version.cmake
-- Up-to-date symlink: /home/eea/create3_ws/install/irobot_create_gazebo_plugins/share/irobot_create_gazebo_plugins/package.xml
