[0.087s] DEBUG:colcon:Command line arguments: ['/usr/bin/colcon', 'build']
[0.087s] DEBUG:colcon:Parsed command line arguments: Namespace(log_base=None, log_level=None, verb_name='build', build_base='build', install_base='install', merge_install=False, symlink_install=False, test_result_base=None, continue_on_error=False, executor='parallel', parallel_workers=8, event_handlers=None, ignore_user_meta=False, metas=['./colcon.meta'], base_paths=['.'], packages_ignore=None, packages_ignore_regex=None, paths=None, packages_up_to=None, packages_up_to_regex=None, packages_above=None, packages_above_and_dependencies=None, packages_above_depth=None, packages_select_by_dep=None, packages_skip_by_dep=None, packages_skip_up_to=None, packages_select_build_failed=False, packages_skip_build_finished=False, packages_select_test_failures=False, packages_skip_test_passed=False, packages_select=None, packages_skip=None, packages_select_regex=None, packages_skip_regex=None, packages_start=None, packages_end=None, allow_overriding=[], cmake_args=None, cmake_target=None, cmake_target_skip_unavailable=False, cmake_clean_cache=False, cmake_clean_first=False, cmake_force_configure=False, ament_cmake_args=None, catkin_cmake_args=None, catkin_skip_building_tests=False, mixin_files=None, mixin=None, verb_parser=<colcon_mixin.mixin.mixin_argument.MixinArgumentDecorator object at 0x7272fd21cca0>, verb_extension=<colcon_core.verb.build.BuildVerb object at 0x7272fd21c7c0>, main=<bound method BuildVerb.main of <colcon_core.verb.build.BuildVerb object at 0x7272fd21c7c0>>, mixin_verb=('build',))
[0.194s] Level 1:colcon.colcon_core.package_discovery:discover_packages(colcon_meta) check parameters
[0.195s] Level 1:colcon.colcon_core.package_discovery:discover_packages(recursive) check parameters
[0.195s] Level 1:colcon.colcon_core.package_discovery:discover_packages(ignore) check parameters
[0.195s] Level 1:colcon.colcon_core.package_discovery:discover_packages(path) check parameters
[0.195s] Level 1:colcon.colcon_core.package_discovery:discover_packages(colcon_meta) discover
[0.195s] Level 1:colcon.colcon_core.package_discovery:discover_packages(recursive) discover
[0.195s] INFO:colcon.colcon_core.package_discovery:Crawling recursively for packages in '/home/eea/create3_ws'
[0.195s] Level 1:colcon.colcon_core.package_identification:_identify(.) by extensions ['ignore', 'ignore_ament_install']
[0.195s] Level 1:colcon.colcon_core.package_identification:_identify(.) by extension 'ignore'
[0.195s] Level 1:colcon.colcon_core.package_identification:_identify(.) by extension 'ignore_ament_install'
[0.195s] Level 1:colcon.colcon_core.package_identification:_identify(.) by extensions ['colcon_pkg']
[0.195s] Level 1:colcon.colcon_core.package_identification:_identify(.) by extension 'colcon_pkg'
[0.195s] Level 1:colcon.colcon_core.package_identification:_identify(.) by extensions ['colcon_meta']
[0.195s] Level 1:colcon.colcon_core.package_identification:_identify(.) by extension 'colcon_meta'
[0.195s] Level 1:colcon.colcon_core.package_identification:_identify(.) by extensions ['ros']
[0.195s] Level 1:colcon.colcon_core.package_identification:_identify(.) by extension 'ros'
[0.204s] Level 1:colcon.colcon_core.package_identification:_identify(.) by extensions ['cmake', 'python']
[0.204s] Level 1:colcon.colcon_core.package_identification:_identify(.) by extension 'cmake'
[0.205s] Level 1:colcon.colcon_core.package_identification:_identify(.) by extension 'python'
[0.205s] Level 1:colcon.colcon_core.package_identification:_identify(.) by extensions ['python_setup_py']
[0.205s] Level 1:colcon.colcon_core.package_identification:_identify(.) by extension 'python_setup_py'
[0.205s] Level 1:colcon.colcon_core.package_identification:_identify(build) by extensions ['ignore', 'ignore_ament_install']
[0.205s] Level 1:colcon.colcon_core.package_identification:_identify(build) by extension 'ignore'
[0.205s] Level 1:colcon.colcon_core.package_identification:_identify(build) ignored
[0.205s] Level 1:colcon.colcon_core.package_identification:_identify(install) by extensions ['ignore', 'ignore_ament_install']
[0.205s] Level 1:colcon.colcon_core.package_identification:_identify(install) by extension 'ignore'
[0.205s] Level 1:colcon.colcon_core.package_identification:_identify(install) ignored
[0.205s] Level 1:colcon.colcon_core.package_identification:_identify(log) by extensions ['ignore', 'ignore_ament_install']
[0.205s] Level 1:colcon.colcon_core.package_identification:_identify(log) by extension 'ignore'
[0.205s] Level 1:colcon.colcon_core.package_identification:_identify(log) ignored
[0.205s] Level 1:colcon.colcon_core.package_identification:_identify(src) by extensions ['ignore', 'ignore_ament_install']
[0.205s] Level 1:colcon.colcon_core.package_identification:_identify(src) by extension 'ignore'
[0.205s] Level 1:colcon.colcon_core.package_identification:_identify(src) by extension 'ignore_ament_install'
[0.205s] Level 1:colcon.colcon_core.package_identification:_identify(src) by extensions ['colcon_pkg']
[0.206s] Level 1:colcon.colcon_core.package_identification:_identify(src) by extension 'colcon_pkg'
[0.206s] Level 1:colcon.colcon_core.package_identification:_identify(src) by extensions ['colcon_meta']
[0.206s] Level 1:colcon.colcon_core.package_identification:_identify(src) by extension 'colcon_meta'
[0.206s] Level 1:colcon.colcon_core.package_identification:_identify(src) by extensions ['ros']
[0.206s] Level 1:colcon.colcon_core.package_identification:_identify(src) by extension 'ros'
[0.206s] Level 1:colcon.colcon_core.package_identification:_identify(src) by extensions ['cmake', 'python']
[0.206s] Level 1:colcon.colcon_core.package_identification:_identify(src) by extension 'cmake'
[0.206s] Level 1:colcon.colcon_core.package_identification:_identify(src) by extension 'python'
[0.206s] Level 1:colcon.colcon_core.package_identification:_identify(src) by extensions ['python_setup_py']
[0.206s] Level 1:colcon.colcon_core.package_identification:_identify(src) by extension 'python_setup_py'
[0.206s] Level 1:colcon.colcon_core.package_identification:_identify(src/create3_sim) by extensions ['ignore', 'ignore_ament_install']
[0.206s] Level 1:colcon.colcon_core.package_identification:_identify(src/create3_sim) by extension 'ignore'
[0.206s] Level 1:colcon.colcon_core.package_identification:_identify(src/create3_sim) by extension 'ignore_ament_install'
[0.206s] Level 1:colcon.colcon_core.package_identification:_identify(src/create3_sim) by extensions ['colcon_pkg']
[0.206s] Level 1:colcon.colcon_core.package_identification:_identify(src/create3_sim) by extension 'colcon_pkg'
[0.206s] Level 1:colcon.colcon_core.package_identification:_identify(src/create3_sim) by extensions ['colcon_meta']
[0.206s] Level 1:colcon.colcon_core.package_identification:_identify(src/create3_sim) by extension 'colcon_meta'
[0.206s] Level 1:colcon.colcon_core.package_identification:_identify(src/create3_sim) by extensions ['ros']
[0.206s] Level 1:colcon.colcon_core.package_identification:_identify(src/create3_sim) by extension 'ros'
[0.206s] Level 1:colcon.colcon_core.package_identification:_identify(src/create3_sim) by extensions ['cmake', 'python']
[0.206s] Level 1:colcon.colcon_core.package_identification:_identify(src/create3_sim) by extension 'cmake'
[0.206s] Level 1:colcon.colcon_core.package_identification:_identify(src/create3_sim) by extension 'python'
[0.206s] Level 1:colcon.colcon_core.package_identification:_identify(src/create3_sim) by extensions ['python_setup_py']
[0.206s] Level 1:colcon.colcon_core.package_identification:_identify(src/create3_sim) by extension 'python_setup_py'
[0.207s] Level 1:colcon.colcon_core.package_identification:_identify(src/create3_sim/irobot_create_common) by extensions ['ignore', 'ignore_ament_install']
[0.207s] Level 1:colcon.colcon_core.package_identification:_identify(src/create3_sim/irobot_create_common) by extension 'ignore'
[0.207s] Level 1:colcon.colcon_core.package_identification:_identify(src/create3_sim/irobot_create_common) by extension 'ignore_ament_install'
[0.207s] Level 1:colcon.colcon_core.package_identification:_identify(src/create3_sim/irobot_create_common) by extensions ['colcon_pkg']
[0.207s] Level 1:colcon.colcon_core.package_identification:_identify(src/create3_sim/irobot_create_common) by extension 'colcon_pkg'
[0.207s] Level 1:colcon.colcon_core.package_identification:_identify(src/create3_sim/irobot_create_common) by extensions ['colcon_meta']
[0.207s] Level 1:colcon.colcon_core.package_identification:_identify(src/create3_sim/irobot_create_common) by extension 'colcon_meta'
[0.207s] Level 1:colcon.colcon_core.package_identification:_identify(src/create3_sim/irobot_create_common) by extensions ['ros']
[0.207s] Level 1:colcon.colcon_core.package_identification:_identify(src/create3_sim/irobot_create_common) by extension 'ros'
[0.207s] Level 1:colcon.colcon_core.package_identification:_identify(src/create3_sim/irobot_create_common) by extensions ['cmake', 'python']
[0.207s] Level 1:colcon.colcon_core.package_identification:_identify(src/create3_sim/irobot_create_common) by extension 'cmake'
[0.207s] Level 1:colcon.colcon_core.package_identification:_identify(src/create3_sim/irobot_create_common) by extension 'python'
[0.207s] Level 1:colcon.colcon_core.package_identification:_identify(src/create3_sim/irobot_create_common) by extensions ['python_setup_py']
[0.207s] Level 1:colcon.colcon_core.package_identification:_identify(src/create3_sim/irobot_create_common) by extension 'python_setup_py'
[0.207s] Level 1:colcon.colcon_core.package_identification:_identify(src/create3_sim/irobot_create_common/irobot_create_common_bringup) by extensions ['ignore', 'ignore_ament_install']
[0.207s] Level 1:colcon.colcon_core.package_identification:_identify(src/create3_sim/irobot_create_common/irobot_create_common_bringup) by extension 'ignore'
[0.207s] Level 1:colcon.colcon_core.package_identification:_identify(src/create3_sim/irobot_create_common/irobot_create_common_bringup) by extension 'ignore_ament_install'
[0.207s] Level 1:colcon.colcon_core.package_identification:_identify(src/create3_sim/irobot_create_common/irobot_create_common_bringup) by extensions ['colcon_pkg']
[0.207s] Level 1:colcon.colcon_core.package_identification:_identify(src/create3_sim/irobot_create_common/irobot_create_common_bringup) by extension 'colcon_pkg'
[0.207s] Level 1:colcon.colcon_core.package_identification:_identify(src/create3_sim/irobot_create_common/irobot_create_common_bringup) by extensions ['colcon_meta']
[0.207s] Level 1:colcon.colcon_core.package_identification:_identify(src/create3_sim/irobot_create_common/irobot_create_common_bringup) by extension 'colcon_meta'
[0.208s] Level 1:colcon.colcon_core.package_identification:_identify(src/create3_sim/irobot_create_common/irobot_create_common_bringup) by extensions ['ros']
[0.208s] Level 1:colcon.colcon_core.package_identification:_identify(src/create3_sim/irobot_create_common/irobot_create_common_bringup) by extension 'ros'
[0.210s] DEBUG:colcon.colcon_core.package_identification:Package 'src/create3_sim/irobot_create_common/irobot_create_common_bringup' with type 'ros.ament_cmake' and name 'irobot_create_common_bringup'
[0.210s] Level 1:colcon.colcon_core.package_identification:_identify(src/create3_sim/irobot_create_common/irobot_create_control) by extensions ['ignore', 'ignore_ament_install']
[0.210s] Level 1:colcon.colcon_core.package_identification:_identify(src/create3_sim/irobot_create_common/irobot_create_control) by extension 'ignore'
[0.210s] Level 1:colcon.colcon_core.package_identification:_identify(src/create3_sim/irobot_create_common/irobot_create_control) by extension 'ignore_ament_install'
[0.210s] Level 1:colcon.colcon_core.package_identification:_identify(src/create3_sim/irobot_create_common/irobot_create_control) by extensions ['colcon_pkg']
[0.210s] Level 1:colcon.colcon_core.package_identification:_identify(src/create3_sim/irobot_create_common/irobot_create_control) by extension 'colcon_pkg'
[0.210s] Level 1:colcon.colcon_core.package_identification:_identify(src/create3_sim/irobot_create_common/irobot_create_control) by extensions ['colcon_meta']
[0.210s] Level 1:colcon.colcon_core.package_identification:_identify(src/create3_sim/irobot_create_common/irobot_create_control) by extension 'colcon_meta'
[0.210s] Level 1:colcon.colcon_core.package_identification:_identify(src/create3_sim/irobot_create_common/irobot_create_control) by extensions ['ros']
[0.210s] Level 1:colcon.colcon_core.package_identification:_identify(src/create3_sim/irobot_create_common/irobot_create_control) by extension 'ros'
[0.211s] DEBUG:colcon.colcon_core.package_identification:Package 'src/create3_sim/irobot_create_common/irobot_create_control' with type 'ros.ament_cmake' and name 'irobot_create_control'
[0.211s] Level 1:colcon.colcon_core.package_identification:_identify(src/create3_sim/irobot_create_common/irobot_create_description) by extensions ['ignore', 'ignore_ament_install']
[0.211s] Level 1:colcon.colcon_core.package_identification:_identify(src/create3_sim/irobot_create_common/irobot_create_description) by extension 'ignore'
[0.211s] Level 1:colcon.colcon_core.package_identification:_identify(src/create3_sim/irobot_create_common/irobot_create_description) by extension 'ignore_ament_install'
[0.211s] Level 1:colcon.colcon_core.package_identification:_identify(src/create3_sim/irobot_create_common/irobot_create_description) by extensions ['colcon_pkg']
[0.211s] Level 1:colcon.colcon_core.package_identification:_identify(src/create3_sim/irobot_create_common/irobot_create_description) by extension 'colcon_pkg'
[0.211s] Level 1:colcon.colcon_core.package_identification:_identify(src/create3_sim/irobot_create_common/irobot_create_description) by extensions ['colcon_meta']
[0.211s] Level 1:colcon.colcon_core.package_identification:_identify(src/create3_sim/irobot_create_common/irobot_create_description) by extension 'colcon_meta'
[0.211s] Level 1:colcon.colcon_core.package_identification:_identify(src/create3_sim/irobot_create_common/irobot_create_description) by extensions ['ros']
[0.211s] Level 1:colcon.colcon_core.package_identification:_identify(src/create3_sim/irobot_create_common/irobot_create_description) by extension 'ros'
[0.211s] DEBUG:colcon.colcon_core.package_identification:Package 'src/create3_sim/irobot_create_common/irobot_create_description' with type 'ros.ament_cmake' and name 'irobot_create_description'
[0.211s] Level 1:colcon.colcon_core.package_identification:_identify(src/create3_sim/irobot_create_common/irobot_create_nodes) by extensions ['ignore', 'ignore_ament_install']
[0.212s] Level 1:colcon.colcon_core.package_identification:_identify(src/create3_sim/irobot_create_common/irobot_create_nodes) by extension 'ignore'
[0.212s] Level 1:colcon.colcon_core.package_identification:_identify(src/create3_sim/irobot_create_common/irobot_create_nodes) by extension 'ignore_ament_install'
[0.212s] Level 1:colcon.colcon_core.package_identification:_identify(src/create3_sim/irobot_create_common/irobot_create_nodes) by extensions ['colcon_pkg']
[0.212s] Level 1:colcon.colcon_core.package_identification:_identify(src/create3_sim/irobot_create_common/irobot_create_nodes) by extension 'colcon_pkg'
[0.212s] Level 1:colcon.colcon_core.package_identification:_identify(src/create3_sim/irobot_create_common/irobot_create_nodes) by extensions ['colcon_meta']
[0.212s] Level 1:colcon.colcon_core.package_identification:_identify(src/create3_sim/irobot_create_common/irobot_create_nodes) by extension 'colcon_meta'
[0.212s] Level 1:colcon.colcon_core.package_identification:_identify(src/create3_sim/irobot_create_common/irobot_create_nodes) by extensions ['ros']
[0.212s] Level 1:colcon.colcon_core.package_identification:_identify(src/create3_sim/irobot_create_common/irobot_create_nodes) by extension 'ros'
[0.214s] DEBUG:colcon.colcon_core.package_identification:Package 'src/create3_sim/irobot_create_common/irobot_create_nodes' with type 'ros.ament_cmake' and name 'irobot_create_nodes'
[0.214s] Level 1:colcon.colcon_core.package_identification:_identify(src/create3_sim/irobot_create_common/irobot_create_toolbox) by extensions ['ignore', 'ignore_ament_install']
[0.214s] Level 1:colcon.colcon_core.package_identification:_identify(src/create3_sim/irobot_create_common/irobot_create_toolbox) by extension 'ignore'
[0.214s] Level 1:colcon.colcon_core.package_identification:_identify(src/create3_sim/irobot_create_common/irobot_create_toolbox) by extension 'ignore_ament_install'
[0.214s] Level 1:colcon.colcon_core.package_identification:_identify(src/create3_sim/irobot_create_common/irobot_create_toolbox) by extensions ['colcon_pkg']
[0.214s] Level 1:colcon.colcon_core.package_identification:_identify(src/create3_sim/irobot_create_common/irobot_create_toolbox) by extension 'colcon_pkg'
[0.214s] Level 1:colcon.colcon_core.package_identification:_identify(src/create3_sim/irobot_create_common/irobot_create_toolbox) by extensions ['colcon_meta']
[0.214s] Level 1:colcon.colcon_core.package_identification:_identify(src/create3_sim/irobot_create_common/irobot_create_toolbox) by extension 'colcon_meta'
[0.214s] Level 1:colcon.colcon_core.package_identification:_identify(src/create3_sim/irobot_create_common/irobot_create_toolbox) by extensions ['ros']
[0.214s] Level 1:colcon.colcon_core.package_identification:_identify(src/create3_sim/irobot_create_common/irobot_create_toolbox) by extension 'ros'
[0.215s] DEBUG:colcon.colcon_core.package_identification:Package 'src/create3_sim/irobot_create_common/irobot_create_toolbox' with type 'ros.ament_cmake' and name 'irobot_create_toolbox'
[0.215s] Level 1:colcon.colcon_core.package_identification:_identify(src/create3_sim/irobot_create_gazebo) by extensions ['ignore', 'ignore_ament_install']
[0.215s] Level 1:colcon.colcon_core.package_identification:_identify(src/create3_sim/irobot_create_gazebo) by extension 'ignore'
[0.215s] Level 1:colcon.colcon_core.package_identification:_identify(src/create3_sim/irobot_create_gazebo) by extension 'ignore_ament_install'
[0.215s] Level 1:colcon.colcon_core.package_identification:_identify(src/create3_sim/irobot_create_gazebo) by extensions ['colcon_pkg']
[0.215s] Level 1:colcon.colcon_core.package_identification:_identify(src/create3_sim/irobot_create_gazebo) by extension 'colcon_pkg'
[0.215s] Level 1:colcon.colcon_core.package_identification:_identify(src/create3_sim/irobot_create_gazebo) by extensions ['colcon_meta']
[0.215s] Level 1:colcon.colcon_core.package_identification:_identify(src/create3_sim/irobot_create_gazebo) by extension 'colcon_meta'
[0.215s] Level 1:colcon.colcon_core.package_identification:_identify(src/create3_sim/irobot_create_gazebo) by extensions ['ros']
[0.215s] Level 1:colcon.colcon_core.package_identification:_identify(src/create3_sim/irobot_create_gazebo) by extension 'ros'
[0.215s] Level 1:colcon.colcon_core.package_identification:_identify(src/create3_sim/irobot_create_gazebo) by extensions ['cmake', 'python']
[0.215s] Level 1:colcon.colcon_core.package_identification:_identify(src/create3_sim/irobot_create_gazebo) by extension 'cmake'
[0.216s] Level 1:colcon.colcon_core.package_identification:_identify(src/create3_sim/irobot_create_gazebo) by extension 'python'
[0.216s] Level 1:colcon.colcon_core.package_identification:_identify(src/create3_sim/irobot_create_gazebo) by extensions ['python_setup_py']
[0.216s] Level 1:colcon.colcon_core.package_identification:_identify(src/create3_sim/irobot_create_gazebo) by extension 'python_setup_py'
[0.216s] Level 1:colcon.colcon_core.package_identification:_identify(src/create3_sim/irobot_create_gazebo/irobot_create_gazebo_bringup) by extensions ['ignore', 'ignore_ament_install']
[0.216s] Level 1:colcon.colcon_core.package_identification:_identify(src/create3_sim/irobot_create_gazebo/irobot_create_gazebo_bringup) by extension 'ignore'
[0.216s] Level 1:colcon.colcon_core.package_identification:_identify(src/create3_sim/irobot_create_gazebo/irobot_create_gazebo_bringup) by extension 'ignore_ament_install'
[0.216s] Level 1:colcon.colcon_core.package_identification:_identify(src/create3_sim/irobot_create_gazebo/irobot_create_gazebo_bringup) by extensions ['colcon_pkg']
[0.216s] Level 1:colcon.colcon_core.package_identification:_identify(src/create3_sim/irobot_create_gazebo/irobot_create_gazebo_bringup) by extension 'colcon_pkg'
[0.216s] Level 1:colcon.colcon_core.package_identification:_identify(src/create3_sim/irobot_create_gazebo/irobot_create_gazebo_bringup) by extensions ['colcon_meta']
[0.216s] Level 1:colcon.colcon_core.package_identification:_identify(src/create3_sim/irobot_create_gazebo/irobot_create_gazebo_bringup) by extension 'colcon_meta'
[0.216s] Level 1:colcon.colcon_core.package_identification:_identify(src/create3_sim/irobot_create_gazebo/irobot_create_gazebo_bringup) by extensions ['ros']
[0.216s] Level 1:colcon.colcon_core.package_identification:_identify(src/create3_sim/irobot_create_gazebo/irobot_create_gazebo_bringup) by extension 'ros'
[0.217s] DEBUG:colcon.colcon_core.package_identification:Package 'src/create3_sim/irobot_create_gazebo/irobot_create_gazebo_bringup' with type 'ros.ament_cmake' and name 'irobot_create_gazebo_bringup'
[0.217s] Level 1:colcon.colcon_core.package_identification:_identify(src/create3_sim/irobot_create_gazebo/irobot_create_gazebo_plugins) by extensions ['ignore', 'ignore_ament_install']
[0.217s] Level 1:colcon.colcon_core.package_identification:_identify(src/create3_sim/irobot_create_gazebo/irobot_create_gazebo_plugins) by extension 'ignore'
[0.217s] Level 1:colcon.colcon_core.package_identification:_identify(src/create3_sim/irobot_create_gazebo/irobot_create_gazebo_plugins) by extension 'ignore_ament_install'
[0.217s] Level 1:colcon.colcon_core.package_identification:_identify(src/create3_sim/irobot_create_gazebo/irobot_create_gazebo_plugins) by extensions ['colcon_pkg']
[0.217s] Level 1:colcon.colcon_core.package_identification:_identify(src/create3_sim/irobot_create_gazebo/irobot_create_gazebo_plugins) by extension 'colcon_pkg'
[0.217s] Level 1:colcon.colcon_core.package_identification:_identify(src/create3_sim/irobot_create_gazebo/irobot_create_gazebo_plugins) by extensions ['colcon_meta']
[0.217s] Level 1:colcon.colcon_core.package_identification:_identify(src/create3_sim/irobot_create_gazebo/irobot_create_gazebo_plugins) by extension 'colcon_meta'
[0.218s] Level 1:colcon.colcon_core.package_identification:_identify(src/create3_sim/irobot_create_gazebo/irobot_create_gazebo_plugins) by extensions ['ros']
[0.218s] Level 1:colcon.colcon_core.package_identification:_identify(src/create3_sim/irobot_create_gazebo/irobot_create_gazebo_plugins) by extension 'ros'
[0.218s] DEBUG:colcon.colcon_core.package_identification:Package 'src/create3_sim/irobot_create_gazebo/irobot_create_gazebo_plugins' with type 'ros.ament_cmake' and name 'irobot_create_gazebo_plugins'
[0.219s] Level 1:colcon.colcon_core.package_identification:_identify(src/create3_sim/irobot_create_gazebo/irobot_create_gazebo_sim) by extensions ['ignore', 'ignore_ament_install']
[0.219s] Level 1:colcon.colcon_core.package_identification:_identify(src/create3_sim/irobot_create_gazebo/irobot_create_gazebo_sim) by extension 'ignore'
[0.219s] Level 1:colcon.colcon_core.package_identification:_identify(src/create3_sim/irobot_create_gazebo/irobot_create_gazebo_sim) by extension 'ignore_ament_install'
[0.219s] Level 1:colcon.colcon_core.package_identification:_identify(src/create3_sim/irobot_create_gazebo/irobot_create_gazebo_sim) by extensions ['colcon_pkg']
[0.219s] Level 1:colcon.colcon_core.package_identification:_identify(src/create3_sim/irobot_create_gazebo/irobot_create_gazebo_sim) by extension 'colcon_pkg'
[0.219s] Level 1:colcon.colcon_core.package_identification:_identify(src/create3_sim/irobot_create_gazebo/irobot_create_gazebo_sim) by extensions ['colcon_meta']
[0.219s] Level 1:colcon.colcon_core.package_identification:_identify(src/create3_sim/irobot_create_gazebo/irobot_create_gazebo_sim) by extension 'colcon_meta'
[0.219s] Level 1:colcon.colcon_core.package_identification:_identify(src/create3_sim/irobot_create_gazebo/irobot_create_gazebo_sim) by extensions ['ros']
[0.219s] Level 1:colcon.colcon_core.package_identification:_identify(src/create3_sim/irobot_create_gazebo/irobot_create_gazebo_sim) by extension 'ros'
[0.219s] DEBUG:colcon.colcon_core.package_identification:Package 'src/create3_sim/irobot_create_gazebo/irobot_create_gazebo_sim' with type 'ros.ament_cmake' and name 'irobot_create_gazebo_sim'
[0.219s] Level 1:colcon.colcon_core.package_identification:_identify(src/create3_sim/irobot_create_ignition) by extensions ['ignore', 'ignore_ament_install']
[0.220s] Level 1:colcon.colcon_core.package_identification:_identify(src/create3_sim/irobot_create_ignition) by extension 'ignore'
[0.220s] Level 1:colcon.colcon_core.package_identification:_identify(src/create3_sim/irobot_create_ignition) by extension 'ignore_ament_install'
[0.220s] Level 1:colcon.colcon_core.package_identification:_identify(src/create3_sim/irobot_create_ignition) by extensions ['colcon_pkg']
[0.220s] Level 1:colcon.colcon_core.package_identification:_identify(src/create3_sim/irobot_create_ignition) by extension 'colcon_pkg'
[0.220s] Level 1:colcon.colcon_core.package_identification:_identify(src/create3_sim/irobot_create_ignition) by extensions ['colcon_meta']
[0.220s] Level 1:colcon.colcon_core.package_identification:_identify(src/create3_sim/irobot_create_ignition) by extension 'colcon_meta'
[0.220s] Level 1:colcon.colcon_core.package_identification:_identify(src/create3_sim/irobot_create_ignition) by extensions ['ros']
[0.220s] Level 1:colcon.colcon_core.package_identification:_identify(src/create3_sim/irobot_create_ignition) by extension 'ros'
[0.220s] Level 1:colcon.colcon_core.package_identification:_identify(src/create3_sim/irobot_create_ignition) by extensions ['cmake', 'python']
[0.220s] Level 1:colcon.colcon_core.package_identification:_identify(src/create3_sim/irobot_create_ignition) by extension 'cmake'
[0.220s] Level 1:colcon.colcon_core.package_identification:_identify(src/create3_sim/irobot_create_ignition) by extension 'python'
[0.220s] Level 1:colcon.colcon_core.package_identification:_identify(src/create3_sim/irobot_create_ignition) by extensions ['python_setup_py']
[0.220s] Level 1:colcon.colcon_core.package_identification:_identify(src/create3_sim/irobot_create_ignition) by extension 'python_setup_py'
[0.220s] Level 1:colcon.colcon_core.package_identification:_identify(src/create3_sim/irobot_create_ignition/irobot_create_ignition_bringup) by extensions ['ignore', 'ignore_ament_install']
[0.220s] Level 1:colcon.colcon_core.package_identification:_identify(src/create3_sim/irobot_create_ignition/irobot_create_ignition_bringup) by extension 'ignore'
[0.220s] Level 1:colcon.colcon_core.package_identification:_identify(src/create3_sim/irobot_create_ignition/irobot_create_ignition_bringup) by extension 'ignore_ament_install'
[0.220s] Level 1:colcon.colcon_core.package_identification:_identify(src/create3_sim/irobot_create_ignition/irobot_create_ignition_bringup) by extensions ['colcon_pkg']
[0.220s] Level 1:colcon.colcon_core.package_identification:_identify(src/create3_sim/irobot_create_ignition/irobot_create_ignition_bringup) by extension 'colcon_pkg'
[0.220s] Level 1:colcon.colcon_core.package_identification:_identify(src/create3_sim/irobot_create_ignition/irobot_create_ignition_bringup) by extensions ['colcon_meta']
[0.220s] Level 1:colcon.colcon_core.package_identification:_identify(src/create3_sim/irobot_create_ignition/irobot_create_ignition_bringup) by extension 'colcon_meta'
[0.220s] Level 1:colcon.colcon_core.package_identification:_identify(src/create3_sim/irobot_create_ignition/irobot_create_ignition_bringup) by extensions ['ros']
[0.220s] Level 1:colcon.colcon_core.package_identification:_identify(src/create3_sim/irobot_create_ignition/irobot_create_ignition_bringup) by extension 'ros'
[0.221s] DEBUG:colcon.colcon_core.package_identification:Package 'src/create3_sim/irobot_create_ignition/irobot_create_ignition_bringup' with type 'ros.ament_cmake' and name 'irobot_create_ignition_bringup'
[0.221s] Level 1:colcon.colcon_core.package_identification:_identify(src/create3_sim/irobot_create_ignition/irobot_create_ignition_plugins) by extensions ['ignore', 'ignore_ament_install']
[0.221s] Level 1:colcon.colcon_core.package_identification:_identify(src/create3_sim/irobot_create_ignition/irobot_create_ignition_plugins) by extension 'ignore'
[0.221s] Level 1:colcon.colcon_core.package_identification:_identify(src/create3_sim/irobot_create_ignition/irobot_create_ignition_plugins) by extension 'ignore_ament_install'
[0.221s] Level 1:colcon.colcon_core.package_identification:_identify(src/create3_sim/irobot_create_ignition/irobot_create_ignition_plugins) by extensions ['colcon_pkg']
[0.221s] Level 1:colcon.colcon_core.package_identification:_identify(src/create3_sim/irobot_create_ignition/irobot_create_ignition_plugins) by extension 'colcon_pkg'
[0.221s] Level 1:colcon.colcon_core.package_identification:_identify(src/create3_sim/irobot_create_ignition/irobot_create_ignition_plugins) by extensions ['colcon_meta']
[0.221s] Level 1:colcon.colcon_core.package_identification:_identify(src/create3_sim/irobot_create_ignition/irobot_create_ignition_plugins) by extension 'colcon_meta'
[0.222s] Level 1:colcon.colcon_core.package_identification:_identify(src/create3_sim/irobot_create_ignition/irobot_create_ignition_plugins) by extensions ['ros']
[0.222s] Level 1:colcon.colcon_core.package_identification:_identify(src/create3_sim/irobot_create_ignition/irobot_create_ignition_plugins) by extension 'ros'
[0.222s] DEBUG:colcon.colcon_core.package_identification:Package 'src/create3_sim/irobot_create_ignition/irobot_create_ignition_plugins' with type 'ros.ament_cmake' and name 'irobot_create_ignition_plugins'
[0.222s] Level 1:colcon.colcon_core.package_identification:_identify(src/create3_sim/irobot_create_ignition/irobot_create_ignition_sim) by extensions ['ignore', 'ignore_ament_install']
[0.222s] Level 1:colcon.colcon_core.package_identification:_identify(src/create3_sim/irobot_create_ignition/irobot_create_ignition_sim) by extension 'ignore'
[0.222s] Level 1:colcon.colcon_core.package_identification:_identify(src/create3_sim/irobot_create_ignition/irobot_create_ignition_sim) by extension 'ignore_ament_install'
[0.222s] Level 1:colcon.colcon_core.package_identification:_identify(src/create3_sim/irobot_create_ignition/irobot_create_ignition_sim) by extensions ['colcon_pkg']
[0.222s] Level 1:colcon.colcon_core.package_identification:_identify(src/create3_sim/irobot_create_ignition/irobot_create_ignition_sim) by extension 'colcon_pkg'
[0.222s] Level 1:colcon.colcon_core.package_identification:_identify(src/create3_sim/irobot_create_ignition/irobot_create_ignition_sim) by extensions ['colcon_meta']
[0.222s] Level 1:colcon.colcon_core.package_identification:_identify(src/create3_sim/irobot_create_ignition/irobot_create_ignition_sim) by extension 'colcon_meta'
[0.223s] Level 1:colcon.colcon_core.package_identification:_identify(src/create3_sim/irobot_create_ignition/irobot_create_ignition_sim) by extensions ['ros']
[0.223s] Level 1:colcon.colcon_core.package_identification:_identify(src/create3_sim/irobot_create_ignition/irobot_create_ignition_sim) by extension 'ros'
[0.223s] DEBUG:colcon.colcon_core.package_identification:Package 'src/create3_sim/irobot_create_ignition/irobot_create_ignition_sim' with type 'ros.ament_cmake' and name 'irobot_create_ignition_sim'
[0.223s] Level 1:colcon.colcon_core.package_identification:_identify(src/create3_sim/irobot_create_ignition/irobot_create_ignition_toolbox) by extensions ['ignore', 'ignore_ament_install']
[0.223s] Level 1:colcon.colcon_core.package_identification:_identify(src/create3_sim/irobot_create_ignition/irobot_create_ignition_toolbox) by extension 'ignore'
[0.223s] Level 1:colcon.colcon_core.package_identification:_identify(src/create3_sim/irobot_create_ignition/irobot_create_ignition_toolbox) by extension 'ignore_ament_install'
[0.223s] Level 1:colcon.colcon_core.package_identification:_identify(src/create3_sim/irobot_create_ignition/irobot_create_ignition_toolbox) by extensions ['colcon_pkg']
[0.223s] Level 1:colcon.colcon_core.package_identification:_identify(src/create3_sim/irobot_create_ignition/irobot_create_ignition_toolbox) by extension 'colcon_pkg'
[0.223s] Level 1:colcon.colcon_core.package_identification:_identify(src/create3_sim/irobot_create_ignition/irobot_create_ignition_toolbox) by extensions ['colcon_meta']
[0.223s] Level 1:colcon.colcon_core.package_identification:_identify(src/create3_sim/irobot_create_ignition/irobot_create_ignition_toolbox) by extension 'colcon_meta'
[0.223s] Level 1:colcon.colcon_core.package_identification:_identify(src/create3_sim/irobot_create_ignition/irobot_create_ignition_toolbox) by extensions ['ros']
[0.223s] Level 1:colcon.colcon_core.package_identification:_identify(src/create3_sim/irobot_create_ignition/irobot_create_ignition_toolbox) by extension 'ros'
[0.225s] DEBUG:colcon.colcon_core.package_identification:Package 'src/create3_sim/irobot_create_ignition/irobot_create_ignition_toolbox' with type 'ros.ament_cmake' and name 'irobot_create_ignition_toolbox'
[0.225s] Level 1:colcon.colcon_core.package_discovery:discover_packages(recursive) using defaults
[0.225s] Level 1:colcon.colcon_core.package_discovery:discover_packages(ignore) discover
[0.225s] Level 1:colcon.colcon_core.package_discovery:discover_packages(ignore) using defaults
[0.225s] Level 1:colcon.colcon_core.package_discovery:discover_packages(path) discover
[0.225s] Level 1:colcon.colcon_core.package_discovery:discover_packages(path) using defaults
[0.241s] INFO:colcon.colcon_metadata.metadata.colcon_pkg:Updating descriptor of package 'src/create3_sim/irobot_create_gazebo/irobot_create_gazebo_plugins' from colcon.pkg: {'dependencies': ['Gazebo']}
[0.245s] Level 1:colcon.colcon_core.package_discovery:discover_packages(prefix_path) check parameters
[0.245s] Level 1:colcon.colcon_core.package_discovery:discover_packages(prefix_path) discover
[0.246s] Level 1:colcon.colcon_core.package_discovery:discover_packages(prefix_path) using defaults
[0.247s] Level 5:colcon.colcon_core.verb:set package 'irobot_create_control' build argument 'cmake_args' from command line to 'None'
[0.247s] Level 5:colcon.colcon_core.verb:set package 'irobot_create_control' build argument 'cmake_target' from command line to 'None'
[0.247s] Level 5:colcon.colcon_core.verb:set package 'irobot_create_control' build argument 'cmake_target_skip_unavailable' from command line to 'False'
[0.247s] Level 5:colcon.colcon_core.verb:set package 'irobot_create_control' build argument 'cmake_clean_cache' from command line to 'False'
[0.247s] Level 5:colcon.colcon_core.verb:set package 'irobot_create_control' build argument 'cmake_clean_first' from command line to 'False'
[0.247s] Level 5:colcon.colcon_core.verb:set package 'irobot_create_control' build argument 'cmake_force_configure' from command line to 'False'
[0.247s] Level 5:colcon.colcon_core.verb:set package 'irobot_create_control' build argument 'ament_cmake_args' from command line to 'None'
[0.247s] Level 5:colcon.colcon_core.verb:set package 'irobot_create_control' build argument 'catkin_cmake_args' from command line to 'None'
[0.247s] Level 5:colcon.colcon_core.verb:set package 'irobot_create_control' build argument 'catkin_skip_building_tests' from command line to 'False'
[0.247s] DEBUG:colcon.colcon_core.verb:Building package 'irobot_create_control' with the following arguments: {'ament_cmake_args': None, 'build_base': '/home/eea/create3_ws/build/irobot_create_control', 'catkin_cmake_args': None, 'catkin_skip_building_tests': False, 'cmake_args': None, 'cmake_clean_cache': False, 'cmake_clean_first': False, 'cmake_force_configure': False, 'cmake_target': None, 'cmake_target_skip_unavailable': False, 'install_base': '/home/eea/create3_ws/install/irobot_create_control', 'merge_install': False, 'path': '/home/eea/create3_ws/src/create3_sim/irobot_create_common/irobot_create_control', 'symlink_install': False, 'test_result_base': None}
[0.248s] Level 5:colcon.colcon_core.verb:set package 'irobot_create_description' build argument 'cmake_args' from command line to 'None'
[0.248s] Level 5:colcon.colcon_core.verb:set package 'irobot_create_description' build argument 'cmake_target' from command line to 'None'
[0.248s] Level 5:colcon.colcon_core.verb:set package 'irobot_create_description' build argument 'cmake_target_skip_unavailable' from command line to 'False'
[0.248s] Level 5:colcon.colcon_core.verb:set package 'irobot_create_description' build argument 'cmake_clean_cache' from command line to 'False'
[0.248s] Level 5:colcon.colcon_core.verb:set package 'irobot_create_description' build argument 'cmake_clean_first' from command line to 'False'
[0.248s] Level 5:colcon.colcon_core.verb:set package 'irobot_create_description' build argument 'cmake_force_configure' from command line to 'False'
[0.248s] Level 5:colcon.colcon_core.verb:set package 'irobot_create_description' build argument 'ament_cmake_args' from command line to 'None'
[0.248s] Level 5:colcon.colcon_core.verb:set package 'irobot_create_description' build argument 'catkin_cmake_args' from command line to 'None'
[0.248s] Level 5:colcon.colcon_core.verb:set package 'irobot_create_description' build argument 'catkin_skip_building_tests' from command line to 'False'
[0.248s] DEBUG:colcon.colcon_core.verb:Building package 'irobot_create_description' with the following arguments: {'ament_cmake_args': None, 'build_base': '/home/eea/create3_ws/build/irobot_create_description', 'catkin_cmake_args': None, 'catkin_skip_building_tests': False, 'cmake_args': None, 'cmake_clean_cache': False, 'cmake_clean_first': False, 'cmake_force_configure': False, 'cmake_target': None, 'cmake_target_skip_unavailable': False, 'install_base': '/home/eea/create3_ws/install/irobot_create_description', 'merge_install': False, 'path': '/home/eea/create3_ws/src/create3_sim/irobot_create_common/irobot_create_description', 'symlink_install': False, 'test_result_base': None}
[0.248s] Level 5:colcon.colcon_core.verb:set package 'irobot_create_ignition_plugins' build argument 'cmake_args' from command line to 'None'
[0.248s] Level 5:colcon.colcon_core.verb:set package 'irobot_create_ignition_plugins' build argument 'cmake_target' from command line to 'None'
[0.248s] Level 5:colcon.colcon_core.verb:set package 'irobot_create_ignition_plugins' build argument 'cmake_target_skip_unavailable' from command line to 'False'
[0.248s] Level 5:colcon.colcon_core.verb:set package 'irobot_create_ignition_plugins' build argument 'cmake_clean_cache' from command line to 'False'
[0.248s] Level 5:colcon.colcon_core.verb:set package 'irobot_create_ignition_plugins' build argument 'cmake_clean_first' from command line to 'False'
[0.248s] Level 5:colcon.colcon_core.verb:set package 'irobot_create_ignition_plugins' build argument 'cmake_force_configure' from command line to 'False'
[0.248s] Level 5:colcon.colcon_core.verb:set package 'irobot_create_ignition_plugins' build argument 'ament_cmake_args' from command line to 'None'
[0.248s] Level 5:colcon.colcon_core.verb:set package 'irobot_create_ignition_plugins' build argument 'catkin_cmake_args' from command line to 'None'
[0.248s] Level 5:colcon.colcon_core.verb:set package 'irobot_create_ignition_plugins' build argument 'catkin_skip_building_tests' from command line to 'False'
[0.248s] DEBUG:colcon.colcon_core.verb:Building package 'irobot_create_ignition_plugins' with the following arguments: {'ament_cmake_args': None, 'build_base': '/home/eea/create3_ws/build/irobot_create_ignition_plugins', 'catkin_cmake_args': None, 'catkin_skip_building_tests': False, 'cmake_args': None, 'cmake_clean_cache': False, 'cmake_clean_first': False, 'cmake_force_configure': False, 'cmake_target': None, 'cmake_target_skip_unavailable': False, 'install_base': '/home/eea/create3_ws/install/irobot_create_ignition_plugins', 'merge_install': False, 'path': '/home/eea/create3_ws/src/create3_sim/irobot_create_ignition/irobot_create_ignition_plugins', 'symlink_install': False, 'test_result_base': None}
[0.249s] Level 5:colcon.colcon_core.verb:set package 'irobot_create_toolbox' build argument 'cmake_args' from command line to 'None'
[0.249s] Level 5:colcon.colcon_core.verb:set package 'irobot_create_toolbox' build argument 'cmake_target' from command line to 'None'
[0.249s] Level 5:colcon.colcon_core.verb:set package 'irobot_create_toolbox' build argument 'cmake_target_skip_unavailable' from command line to 'False'
[0.249s] Level 5:colcon.colcon_core.verb:set package 'irobot_create_toolbox' build argument 'cmake_clean_cache' from command line to 'False'
[0.249s] Level 5:colcon.colcon_core.verb:set package 'irobot_create_toolbox' build argument 'cmake_clean_first' from command line to 'False'
[0.249s] Level 5:colcon.colcon_core.verb:set package 'irobot_create_toolbox' build argument 'cmake_force_configure' from command line to 'False'
[0.249s] Level 5:colcon.colcon_core.verb:set package 'irobot_create_toolbox' build argument 'ament_cmake_args' from command line to 'None'
[0.249s] Level 5:colcon.colcon_core.verb:set package 'irobot_create_toolbox' build argument 'catkin_cmake_args' from command line to 'None'
[0.249s] Level 5:colcon.colcon_core.verb:set package 'irobot_create_toolbox' build argument 'catkin_skip_building_tests' from command line to 'False'
[0.249s] DEBUG:colcon.colcon_core.verb:Building package 'irobot_create_toolbox' with the following arguments: {'ament_cmake_args': None, 'build_base': '/home/eea/create3_ws/build/irobot_create_toolbox', 'catkin_cmake_args': None, 'catkin_skip_building_tests': False, 'cmake_args': None, 'cmake_clean_cache': False, 'cmake_clean_first': False, 'cmake_force_configure': False, 'cmake_target': None, 'cmake_target_skip_unavailable': False, 'install_base': '/home/eea/create3_ws/install/irobot_create_toolbox', 'merge_install': False, 'path': '/home/eea/create3_ws/src/create3_sim/irobot_create_common/irobot_create_toolbox', 'symlink_install': False, 'test_result_base': None}
[0.249s] Level 5:colcon.colcon_core.verb:set package 'irobot_create_gazebo_plugins' build argument 'cmake_args' from command line to 'None'
[0.249s] Level 5:colcon.colcon_core.verb:set package 'irobot_create_gazebo_plugins' build argument 'cmake_target' from command line to 'None'
[0.249s] Level 5:colcon.colcon_core.verb:set package 'irobot_create_gazebo_plugins' build argument 'cmake_target_skip_unavailable' from command line to 'False'
[0.249s] Level 5:colcon.colcon_core.verb:set package 'irobot_create_gazebo_plugins' build argument 'cmake_clean_cache' from command line to 'False'
[0.249s] Level 5:colcon.colcon_core.verb:set package 'irobot_create_gazebo_plugins' build argument 'cmake_clean_first' from command line to 'False'
[0.249s] Level 5:colcon.colcon_core.verb:set package 'irobot_create_gazebo_plugins' build argument 'cmake_force_configure' from command line to 'False'
[0.249s] Level 5:colcon.colcon_core.verb:set package 'irobot_create_gazebo_plugins' build argument 'ament_cmake_args' from command line to 'None'
[0.249s] Level 5:colcon.colcon_core.verb:set package 'irobot_create_gazebo_plugins' build argument 'catkin_cmake_args' from command line to 'None'
[0.249s] Level 5:colcon.colcon_core.verb:set package 'irobot_create_gazebo_plugins' build argument 'catkin_skip_building_tests' from command line to 'False'
[0.249s] DEBUG:colcon.colcon_core.verb:Building package 'irobot_create_gazebo_plugins' with the following arguments: {'ament_cmake_args': None, 'build_base': '/home/eea/create3_ws/build/irobot_create_gazebo_plugins', 'catkin_cmake_args': None, 'catkin_skip_building_tests': False, 'cmake_args': None, 'cmake_clean_cache': False, 'cmake_clean_first': False, 'cmake_force_configure': False, 'cmake_target': None, 'cmake_target_skip_unavailable': False, 'install_base': '/home/eea/create3_ws/install/irobot_create_gazebo_plugins', 'merge_install': False, 'path': '/home/eea/create3_ws/src/create3_sim/irobot_create_gazebo/irobot_create_gazebo_plugins', 'symlink_install': False, 'test_result_base': None}
[0.250s] Level 5:colcon.colcon_core.verb:set package 'irobot_create_ignition_toolbox' build argument 'cmake_args' from command line to 'None'
[0.250s] Level 5:colcon.colcon_core.verb:set package 'irobot_create_ignition_toolbox' build argument 'cmake_target' from command line to 'None'
[0.250s] Level 5:colcon.colcon_core.verb:set package 'irobot_create_ignition_toolbox' build argument 'cmake_target_skip_unavailable' from command line to 'False'
[0.250s] Level 5:colcon.colcon_core.verb:set package 'irobot_create_ignition_toolbox' build argument 'cmake_clean_cache' from command line to 'False'
[0.250s] Level 5:colcon.colcon_core.verb:set package 'irobot_create_ignition_toolbox' build argument 'cmake_clean_first' from command line to 'False'
[0.250s] Level 5:colcon.colcon_core.verb:set package 'irobot_create_ignition_toolbox' build argument 'cmake_force_configure' from command line to 'False'
[0.250s] Level 5:colcon.colcon_core.verb:set package 'irobot_create_ignition_toolbox' build argument 'ament_cmake_args' from command line to 'None'
[0.250s] Level 5:colcon.colcon_core.verb:set package 'irobot_create_ignition_toolbox' build argument 'catkin_cmake_args' from command line to 'None'
[0.250s] Level 5:colcon.colcon_core.verb:set package 'irobot_create_ignition_toolbox' build argument 'catkin_skip_building_tests' from command line to 'False'
[0.250s] DEBUG:colcon.colcon_core.verb:Building package 'irobot_create_ignition_toolbox' with the following arguments: {'ament_cmake_args': None, 'build_base': '/home/eea/create3_ws/build/irobot_create_ignition_toolbox', 'catkin_cmake_args': None, 'catkin_skip_building_tests': False, 'cmake_args': None, 'cmake_clean_cache': False, 'cmake_clean_first': False, 'cmake_force_configure': False, 'cmake_target': None, 'cmake_target_skip_unavailable': False, 'install_base': '/home/eea/create3_ws/install/irobot_create_ignition_toolbox', 'merge_install': False, 'path': '/home/eea/create3_ws/src/create3_sim/irobot_create_ignition/irobot_create_ignition_toolbox', 'symlink_install': False, 'test_result_base': None}
[0.250s] Level 5:colcon.colcon_core.verb:set package 'irobot_create_nodes' build argument 'cmake_args' from command line to 'None'
[0.250s] Level 5:colcon.colcon_core.verb:set package 'irobot_create_nodes' build argument 'cmake_target' from command line to 'None'
[0.250s] Level 5:colcon.colcon_core.verb:set package 'irobot_create_nodes' build argument 'cmake_target_skip_unavailable' from command line to 'False'
[0.250s] Level 5:colcon.colcon_core.verb:set package 'irobot_create_nodes' build argument 'cmake_clean_cache' from command line to 'False'
[0.250s] Level 5:colcon.colcon_core.verb:set package 'irobot_create_nodes' build argument 'cmake_clean_first' from command line to 'False'
[0.250s] Level 5:colcon.colcon_core.verb:set package 'irobot_create_nodes' build argument 'cmake_force_configure' from command line to 'False'
[0.250s] Level 5:colcon.colcon_core.verb:set package 'irobot_create_nodes' build argument 'ament_cmake_args' from command line to 'None'
[0.250s] Level 5:colcon.colcon_core.verb:set package 'irobot_create_nodes' build argument 'catkin_cmake_args' from command line to 'None'
[0.250s] Level 5:colcon.colcon_core.verb:set package 'irobot_create_nodes' build argument 'catkin_skip_building_tests' from command line to 'False'
[0.250s] DEBUG:colcon.colcon_core.verb:Building package 'irobot_create_nodes' with the following arguments: {'ament_cmake_args': None, 'build_base': '/home/eea/create3_ws/build/irobot_create_nodes', 'catkin_cmake_args': None, 'catkin_skip_building_tests': False, 'cmake_args': None, 'cmake_clean_cache': False, 'cmake_clean_first': False, 'cmake_force_configure': False, 'cmake_target': None, 'cmake_target_skip_unavailable': False, 'install_base': '/home/eea/create3_ws/install/irobot_create_nodes', 'merge_install': False, 'path': '/home/eea/create3_ws/src/create3_sim/irobot_create_common/irobot_create_nodes', 'symlink_install': False, 'test_result_base': None}
[0.251s] Level 5:colcon.colcon_core.verb:set package 'irobot_create_common_bringup' build argument 'cmake_args' from command line to 'None'
[0.251s] Level 5:colcon.colcon_core.verb:set package 'irobot_create_common_bringup' build argument 'cmake_target' from command line to 'None'
[0.251s] Level 5:colcon.colcon_core.verb:set package 'irobot_create_common_bringup' build argument 'cmake_target_skip_unavailable' from command line to 'False'
[0.251s] Level 5:colcon.colcon_core.verb:set package 'irobot_create_common_bringup' build argument 'cmake_clean_cache' from command line to 'False'
[0.251s] Level 5:colcon.colcon_core.verb:set package 'irobot_create_common_bringup' build argument 'cmake_clean_first' from command line to 'False'
[0.251s] Level 5:colcon.colcon_core.verb:set package 'irobot_create_common_bringup' build argument 'cmake_force_configure' from command line to 'False'
[0.251s] Level 5:colcon.colcon_core.verb:set package 'irobot_create_common_bringup' build argument 'ament_cmake_args' from command line to 'None'
[0.251s] Level 5:colcon.colcon_core.verb:set package 'irobot_create_common_bringup' build argument 'catkin_cmake_args' from command line to 'None'
[0.251s] Level 5:colcon.colcon_core.verb:set package 'irobot_create_common_bringup' build argument 'catkin_skip_building_tests' from command line to 'False'
[0.251s] DEBUG:colcon.colcon_core.verb:Building package 'irobot_create_common_bringup' with the following arguments: {'ament_cmake_args': None, 'build_base': '/home/eea/create3_ws/build/irobot_create_common_bringup', 'catkin_cmake_args': None, 'catkin_skip_building_tests': False, 'cmake_args': None, 'cmake_clean_cache': False, 'cmake_clean_first': False, 'cmake_force_configure': False, 'cmake_target': None, 'cmake_target_skip_unavailable': False, 'install_base': '/home/eea/create3_ws/install/irobot_create_common_bringup', 'merge_install': False, 'path': '/home/eea/create3_ws/src/create3_sim/irobot_create_common/irobot_create_common_bringup', 'symlink_install': False, 'test_result_base': None}
[0.251s] Level 5:colcon.colcon_core.verb:set package 'irobot_create_gazebo_bringup' build argument 'cmake_args' from command line to 'None'
[0.251s] Level 5:colcon.colcon_core.verb:set package 'irobot_create_gazebo_bringup' build argument 'cmake_target' from command line to 'None'
[0.251s] Level 5:colcon.colcon_core.verb:set package 'irobot_create_gazebo_bringup' build argument 'cmake_target_skip_unavailable' from command line to 'False'
[0.251s] Level 5:colcon.colcon_core.verb:set package 'irobot_create_gazebo_bringup' build argument 'cmake_clean_cache' from command line to 'False'
[0.251s] Level 5:colcon.colcon_core.verb:set package 'irobot_create_gazebo_bringup' build argument 'cmake_clean_first' from command line to 'False'
[0.251s] Level 5:colcon.colcon_core.verb:set package 'irobot_create_gazebo_bringup' build argument 'cmake_force_configure' from command line to 'False'
[0.251s] Level 5:colcon.colcon_core.verb:set package 'irobot_create_gazebo_bringup' build argument 'ament_cmake_args' from command line to 'None'
[0.251s] Level 5:colcon.colcon_core.verb:set package 'irobot_create_gazebo_bringup' build argument 'catkin_cmake_args' from command line to 'None'
[0.251s] Level 5:colcon.colcon_core.verb:set package 'irobot_create_gazebo_bringup' build argument 'catkin_skip_building_tests' from command line to 'False'
[0.251s] DEBUG:colcon.colcon_core.verb:Building package 'irobot_create_gazebo_bringup' with the following arguments: {'ament_cmake_args': None, 'build_base': '/home/eea/create3_ws/build/irobot_create_gazebo_bringup', 'catkin_cmake_args': None, 'catkin_skip_building_tests': False, 'cmake_args': None, 'cmake_clean_cache': False, 'cmake_clean_first': False, 'cmake_force_configure': False, 'cmake_target': None, 'cmake_target_skip_unavailable': False, 'install_base': '/home/eea/create3_ws/install/irobot_create_gazebo_bringup', 'merge_install': False, 'path': '/home/eea/create3_ws/src/create3_sim/irobot_create_gazebo/irobot_create_gazebo_bringup', 'symlink_install': False, 'test_result_base': None}
[0.252s] Level 5:colcon.colcon_core.verb:set package 'irobot_create_ignition_bringup' build argument 'cmake_args' from command line to 'None'
[0.252s] Level 5:colcon.colcon_core.verb:set package 'irobot_create_ignition_bringup' build argument 'cmake_target' from command line to 'None'
[0.252s] Level 5:colcon.colcon_core.verb:set package 'irobot_create_ignition_bringup' build argument 'cmake_target_skip_unavailable' from command line to 'False'
[0.252s] Level 5:colcon.colcon_core.verb:set package 'irobot_create_ignition_bringup' build argument 'cmake_clean_cache' from command line to 'False'
[0.252s] Level 5:colcon.colcon_core.verb:set package 'irobot_create_ignition_bringup' build argument 'cmake_clean_first' from command line to 'False'
[0.252s] Level 5:colcon.colcon_core.verb:set package 'irobot_create_ignition_bringup' build argument 'cmake_force_configure' from command line to 'False'
[0.252s] Level 5:colcon.colcon_core.verb:set package 'irobot_create_ignition_bringup' build argument 'ament_cmake_args' from command line to 'None'
[0.252s] Level 5:colcon.colcon_core.verb:set package 'irobot_create_ignition_bringup' build argument 'catkin_cmake_args' from command line to 'None'
[0.252s] Level 5:colcon.colcon_core.verb:set package 'irobot_create_ignition_bringup' build argument 'catkin_skip_building_tests' from command line to 'False'
[0.252s] DEBUG:colcon.colcon_core.verb:Building package 'irobot_create_ignition_bringup' with the following arguments: {'ament_cmake_args': None, 'build_base': '/home/eea/create3_ws/build/irobot_create_ignition_bringup', 'catkin_cmake_args': None, 'catkin_skip_building_tests': False, 'cmake_args': None, 'cmake_clean_cache': False, 'cmake_clean_first': False, 'cmake_force_configure': False, 'cmake_target': None, 'cmake_target_skip_unavailable': False, 'install_base': '/home/eea/create3_ws/install/irobot_create_ignition_bringup', 'merge_install': False, 'path': '/home/eea/create3_ws/src/create3_sim/irobot_create_ignition/irobot_create_ignition_bringup', 'symlink_install': False, 'test_result_base': None}
[0.252s] Level 5:colcon.colcon_core.verb:set package 'irobot_create_gazebo_sim' build argument 'cmake_args' from command line to 'None'
[0.252s] Level 5:colcon.colcon_core.verb:set package 'irobot_create_gazebo_sim' build argument 'cmake_target' from command line to 'None'
[0.252s] Level 5:colcon.colcon_core.verb:set package 'irobot_create_gazebo_sim' build argument 'cmake_target_skip_unavailable' from command line to 'False'
[0.252s] Level 5:colcon.colcon_core.verb:set package 'irobot_create_gazebo_sim' build argument 'cmake_clean_cache' from command line to 'False'
[0.252s] Level 5:colcon.colcon_core.verb:set package 'irobot_create_gazebo_sim' build argument 'cmake_clean_first' from command line to 'False'
[0.252s] Level 5:colcon.colcon_core.verb:set package 'irobot_create_gazebo_sim' build argument 'cmake_force_configure' from command line to 'False'
[0.252s] Level 5:colcon.colcon_core.verb:set package 'irobot_create_gazebo_sim' build argument 'ament_cmake_args' from command line to 'None'
[0.252s] Level 5:colcon.colcon_core.verb:set package 'irobot_create_gazebo_sim' build argument 'catkin_cmake_args' from command line to 'None'
[0.252s] Level 5:colcon.colcon_core.verb:set package 'irobot_create_gazebo_sim' build argument 'catkin_skip_building_tests' from command line to 'False'
[0.252s] DEBUG:colcon.colcon_core.verb:Building package 'irobot_create_gazebo_sim' with the following arguments: {'ament_cmake_args': None, 'build_base': '/home/eea/create3_ws/build/irobot_create_gazebo_sim', 'catkin_cmake_args': None, 'catkin_skip_building_tests': False, 'cmake_args': None, 'cmake_clean_cache': False, 'cmake_clean_first': False, 'cmake_force_configure': False, 'cmake_target': None, 'cmake_target_skip_unavailable': False, 'install_base': '/home/eea/create3_ws/install/irobot_create_gazebo_sim', 'merge_install': False, 'path': '/home/eea/create3_ws/src/create3_sim/irobot_create_gazebo/irobot_create_gazebo_sim', 'symlink_install': False, 'test_result_base': None}
[0.253s] Level 5:colcon.colcon_core.verb:set package 'irobot_create_ignition_sim' build argument 'cmake_args' from command line to 'None'
[0.253s] Level 5:colcon.colcon_core.verb:set package 'irobot_create_ignition_sim' build argument 'cmake_target' from command line to 'None'
[0.253s] Level 5:colcon.colcon_core.verb:set package 'irobot_create_ignition_sim' build argument 'cmake_target_skip_unavailable' from command line to 'False'
[0.253s] Level 5:colcon.colcon_core.verb:set package 'irobot_create_ignition_sim' build argument 'cmake_clean_cache' from command line to 'False'
[0.253s] Level 5:colcon.colcon_core.verb:set package 'irobot_create_ignition_sim' build argument 'cmake_clean_first' from command line to 'False'
[0.253s] Level 5:colcon.colcon_core.verb:set package 'irobot_create_ignition_sim' build argument 'cmake_force_configure' from command line to 'False'
[0.253s] Level 5:colcon.colcon_core.verb:set package 'irobot_create_ignition_sim' build argument 'ament_cmake_args' from command line to 'None'
[0.253s] Level 5:colcon.colcon_core.verb:set package 'irobot_create_ignition_sim' build argument 'catkin_cmake_args' from command line to 'None'
[0.253s] Level 5:colcon.colcon_core.verb:set package 'irobot_create_ignition_sim' build argument 'catkin_skip_building_tests' from command line to 'False'
[0.253s] DEBUG:colcon.colcon_core.verb:Building package 'irobot_create_ignition_sim' with the following arguments: {'ament_cmake_args': None, 'build_base': '/home/eea/create3_ws/build/irobot_create_ignition_sim', 'catkin_cmake_args': None, 'catkin_skip_building_tests': False, 'cmake_args': None, 'cmake_clean_cache': False, 'cmake_clean_first': False, 'cmake_force_configure': False, 'cmake_target': None, 'cmake_target_skip_unavailable': False, 'install_base': '/home/eea/create3_ws/install/irobot_create_ignition_sim', 'merge_install': False, 'path': '/home/eea/create3_ws/src/create3_sim/irobot_create_ignition/irobot_create_ignition_sim', 'symlink_install': False, 'test_result_base': None}
[0.253s] INFO:colcon.colcon_core.executor:Executing jobs using 'parallel' executor
[0.254s] DEBUG:colcon.colcon_parallel_executor.executor.parallel:run_until_complete
[0.254s] INFO:colcon.colcon_ros.task.ament_cmake.build:Building ROS package in '/home/eea/create3_ws/src/create3_sim/irobot_create_common/irobot_create_toolbox' with build type 'ament_cmake'
[0.254s] INFO:colcon.colcon_cmake.task.cmake.build:Building CMake package in '/home/eea/create3_ws/src/create3_sim/irobot_create_common/irobot_create_toolbox'
[0.256s] INFO:colcon.colcon_core.plugin_system:Skipping extension 'colcon_core.shell.bat': Not used on non-Windows systems
[0.256s] INFO:colcon.colcon_core.shell:Skip shell extension 'powershell' for command environment: Not usable outside of PowerShell
[0.256s] DEBUG:colcon.colcon_core.shell:Skip shell extension 'dsv' for command environment
[0.258s] INFO:colcon.colcon_ros.task.ament_cmake.build:Building ROS package in '/home/eea/create3_ws/src/create3_sim/irobot_create_common/irobot_create_control' with build type 'ament_cmake'
[0.258s] INFO:colcon.colcon_cmake.task.cmake.build:Building CMake package in '/home/eea/create3_ws/src/create3_sim/irobot_create_common/irobot_create_control'
[0.258s] INFO:colcon.colcon_core.shell:Skip shell extension 'powershell' for command environment: Not usable outside of PowerShell
[0.259s] DEBUG:colcon.colcon_core.shell:Skip shell extension 'dsv' for command environment
[0.259s] INFO:colcon.colcon_ros.task.ament_cmake.build:Building ROS package in '/home/eea/create3_ws/src/create3_sim/irobot_create_common/irobot_create_description' with build type 'ament_cmake'
[0.259s] INFO:colcon.colcon_cmake.task.cmake.build:Building CMake package in '/home/eea/create3_ws/src/create3_sim/irobot_create_common/irobot_create_description'
[0.260s] INFO:colcon.colcon_core.shell:Skip shell extension 'powershell' for command environment: Not usable outside of PowerShell
[0.260s] DEBUG:colcon.colcon_core.shell:Skip shell extension 'dsv' for command environment
[0.260s] INFO:colcon.colcon_ros.task.ament_cmake.build:Building ROS package in '/home/eea/create3_ws/src/create3_sim/irobot_create_ignition/irobot_create_ignition_plugins' with build type 'ament_cmake'
[0.261s] INFO:colcon.colcon_cmake.task.cmake.build:Building CMake package in '/home/eea/create3_ws/src/create3_sim/irobot_create_ignition/irobot_create_ignition_plugins'
[0.261s] INFO:colcon.colcon_core.shell:Skip shell extension 'powershell' for command environment: Not usable outside of PowerShell
[0.261s] DEBUG:colcon.colcon_core.shell:Skip shell extension 'dsv' for command environment
[0.266s] DEBUG:colcon.colcon_core.event_handler.log_command:Invoking command in '/home/eea/create3_ws/build/irobot_create_toolbox': /usr/bin/cmake --build /home/eea/create3_ws/build/irobot_create_toolbox -- -j8 -l8
[0.268s] DEBUG:colcon.colcon_core.event_handler.log_command:Invoking command in '/home/eea/create3_ws/build/irobot_create_control': /usr/bin/cmake --build /home/eea/create3_ws/build/irobot_create_control -- -j8 -l8
[0.290s] DEBUG:colcon.colcon_core.event_handler.log_command:Invoking command in '/home/eea/create3_ws/build/irobot_create_description': /usr/bin/cmake --build /home/eea/create3_ws/build/irobot_create_description -- -j8 -l8
[0.293s] DEBUG:colcon.colcon_core.event_handler.log_command:Invoking command in '/home/eea/create3_ws/build/irobot_create_ignition_plugins': /usr/bin/cmake --build /home/eea/create3_ws/build/irobot_create_ignition_plugins -- -j8 -l8
[0.313s] DEBUG:colcon.colcon_core.event_handler.log_command:Invoked command in '/home/eea/create3_ws/build/irobot_create_control' returned '0': /usr/bin/cmake --build /home/eea/create3_ws/build/irobot_create_control -- -j8 -l8
[0.323s] DEBUG:colcon.colcon_core.event_handler.log_command:Invoking command in '/home/eea/create3_ws/build/irobot_create_control': /usr/bin/cmake --install /home/eea/create3_ws/build/irobot_create_control
[0.324s] DEBUG:colcon.colcon_core.event_handler.log_command:Invoked command in '/home/eea/create3_ws/build/irobot_create_description' returned '0': /usr/bin/cmake --build /home/eea/create3_ws/build/irobot_create_description -- -j8 -l8
[0.325s] DEBUG:colcon.colcon_core.event_handler.log_command:Invoking command in '/home/eea/create3_ws/build/irobot_create_description': /usr/bin/cmake --install /home/eea/create3_ws/build/irobot_create_description
[0.352s] Level 1:colcon.colcon_core.environment:create_environment_scripts_only(irobot_create_control)
[0.353s] DEBUG:colcon.colcon_core.event_handler.log_command:Invoked command in '/home/eea/create3_ws/build/irobot_create_control' returned '0': /usr/bin/cmake --install /home/eea/create3_ws/build/irobot_create_control
[0.355s] Level 1:colcon.colcon_core.environment:checking '/home/eea/create3_ws/install/irobot_create_control' for CMake module files
[0.356s] Level 1:colcon.colcon_core.environment:checking '/home/eea/create3_ws/install/irobot_create_control' for CMake config files
[0.356s] Level 1:colcon.colcon_core.shell:create_environment_hook('irobot_create_control', 'cmake_prefix_path')
[0.356s] INFO:colcon.colcon_core.shell:Creating environment hook '/home/eea/create3_ws/install/irobot_create_control/share/irobot_create_control/hook/cmake_prefix_path.ps1'
[0.357s] INFO:colcon.colcon_core.shell:Creating environment descriptor '/home/eea/create3_ws/install/irobot_create_control/share/irobot_create_control/hook/cmake_prefix_path.dsv'
[0.358s] INFO:colcon.colcon_core.shell:Creating environment hook '/home/eea/create3_ws/install/irobot_create_control/share/irobot_create_control/hook/cmake_prefix_path.sh'
[0.359s] Level 1:colcon.colcon_core.environment:checking '/home/eea/create3_ws/install/irobot_create_control/bin'
[0.359s] Level 1:colcon.colcon_core.environment:checking '/home/eea/create3_ws/install/irobot_create_control/lib/pkgconfig/irobot_create_control.pc'
[0.362s] Level 1:colcon.colcon_core.environment:checking '/home/eea/create3_ws/install/irobot_create_control/lib/python3.10/site-packages'
[0.362s] Level 1:colcon.colcon_core.environment:checking '/home/eea/create3_ws/install/irobot_create_control/bin'
[0.363s] INFO:colcon.colcon_core.shell:Creating package script '/home/eea/create3_ws/install/irobot_create_control/share/irobot_create_control/package.ps1'
[0.364s] INFO:colcon.colcon_core.shell:Creating package descriptor '/home/eea/create3_ws/install/irobot_create_control/share/irobot_create_control/package.dsv'
[0.365s] INFO:colcon.colcon_core.shell:Creating package script '/home/eea/create3_ws/install/irobot_create_control/share/irobot_create_control/package.sh'
[0.366s] INFO:colcon.colcon_core.shell:Creating package script '/home/eea/create3_ws/install/irobot_create_control/share/irobot_create_control/package.bash'
[0.367s] INFO:colcon.colcon_core.shell:Creating package script '/home/eea/create3_ws/install/irobot_create_control/share/irobot_create_control/package.zsh'
[0.368s] Level 1:colcon.colcon_core.environment:create_file_with_runtime_dependencies(/home/eea/create3_ws/install/irobot_create_control/share/colcon-core/packages/irobot_create_control)
[0.369s] Level 1:colcon.colcon_core.environment:create_environment_scripts_only(irobot_create_control)
[0.369s] Level 1:colcon.colcon_core.environment:checking '/home/eea/create3_ws/install/irobot_create_control' for CMake module files
[0.369s] Level 1:colcon.colcon_core.environment:checking '/home/eea/create3_ws/install/irobot_create_control' for CMake config files
[0.369s] Level 1:colcon.colcon_core.shell:create_environment_hook('irobot_create_control', 'cmake_prefix_path')
[0.370s] INFO:colcon.colcon_core.shell:Creating environment hook '/home/eea/create3_ws/install/irobot_create_control/share/irobot_create_control/hook/cmake_prefix_path.ps1'
[0.370s] INFO:colcon.colcon_core.shell:Creating environment descriptor '/home/eea/create3_ws/install/irobot_create_control/share/irobot_create_control/hook/cmake_prefix_path.dsv'
[0.370s] INFO:colcon.colcon_core.shell:Creating environment hook '/home/eea/create3_ws/install/irobot_create_control/share/irobot_create_control/hook/cmake_prefix_path.sh'
[0.371s] Level 1:colcon.colcon_core.environment:checking '/home/eea/create3_ws/install/irobot_create_control/bin'
[0.371s] Level 1:colcon.colcon_core.environment:checking '/home/eea/create3_ws/install/irobot_create_control/lib/pkgconfig/irobot_create_control.pc'
[0.371s] Level 1:colcon.colcon_core.environment:checking '/home/eea/create3_ws/install/irobot_create_control/lib/python3.10/site-packages'
[0.372s] Level 1:colcon.colcon_core.environment:checking '/home/eea/create3_ws/install/irobot_create_control/bin'
[0.372s] INFO:colcon.colcon_core.shell:Creating package script '/home/eea/create3_ws/install/irobot_create_control/share/irobot_create_control/package.ps1'
[0.372s] INFO:colcon.colcon_core.shell:Creating package descriptor '/home/eea/create3_ws/install/irobot_create_control/share/irobot_create_control/package.dsv'
[0.373s] INFO:colcon.colcon_core.shell:Creating package script '/home/eea/create3_ws/install/irobot_create_control/share/irobot_create_control/package.sh'
[0.373s] INFO:colcon.colcon_core.shell:Creating package script '/home/eea/create3_ws/install/irobot_create_control/share/irobot_create_control/package.bash'
[0.374s] INFO:colcon.colcon_core.shell:Creating package script '/home/eea/create3_ws/install/irobot_create_control/share/irobot_create_control/package.zsh'
[0.374s] Level 1:colcon.colcon_core.environment:create_file_with_runtime_dependencies(/home/eea/create3_ws/install/irobot_create_control/share/colcon-core/packages/irobot_create_control)
[0.375s] Level 1:colcon.colcon_core.environment:create_environment_scripts_only(irobot_create_description)
[0.375s] Level 1:colcon.colcon_core.environment:checking '/home/eea/create3_ws/install/irobot_create_description' for CMake module files
[0.376s] DEBUG:colcon.colcon_core.event_handler.log_command:Invoked command in '/home/eea/create3_ws/build/irobot_create_description' returned '0': /usr/bin/cmake --install /home/eea/create3_ws/build/irobot_create_description
[0.376s] Level 1:colcon.colcon_core.environment:checking '/home/eea/create3_ws/install/irobot_create_description' for CMake config files
[0.376s] Level 1:colcon.colcon_core.shell:create_environment_hook('irobot_create_description', 'cmake_prefix_path')
[0.377s] INFO:colcon.colcon_core.shell:Creating environment hook '/home/eea/create3_ws/install/irobot_create_description/share/irobot_create_description/hook/cmake_prefix_path.ps1'
[0.377s] INFO:colcon.colcon_core.shell:Creating environment descriptor '/home/eea/create3_ws/install/irobot_create_description/share/irobot_create_description/hook/cmake_prefix_path.dsv'
[0.377s] INFO:colcon.colcon_core.shell:Creating environment hook '/home/eea/create3_ws/install/irobot_create_description/share/irobot_create_description/hook/cmake_prefix_path.sh'
[0.378s] Level 1:colcon.colcon_core.environment:checking '/home/eea/create3_ws/install/irobot_create_description/bin'
[0.378s] Level 1:colcon.colcon_core.environment:checking '/home/eea/create3_ws/install/irobot_create_description/lib/pkgconfig/irobot_create_description.pc'
[0.378s] Level 1:colcon.colcon_core.environment:checking '/home/eea/create3_ws/install/irobot_create_description/lib/python3.10/site-packages'
[0.378s] Level 1:colcon.colcon_core.environment:checking '/home/eea/create3_ws/install/irobot_create_description/bin'
[0.379s] INFO:colcon.colcon_core.shell:Creating package script '/home/eea/create3_ws/install/irobot_create_description/share/irobot_create_description/package.ps1'
[0.379s] INFO:colcon.colcon_core.shell:Creating package descriptor '/home/eea/create3_ws/install/irobot_create_description/share/irobot_create_description/package.dsv'
[0.379s] INFO:colcon.colcon_core.shell:Creating package script '/home/eea/create3_ws/install/irobot_create_description/share/irobot_create_description/package.sh'
[0.380s] INFO:colcon.colcon_core.shell:Creating package script '/home/eea/create3_ws/install/irobot_create_description/share/irobot_create_description/package.bash'
[0.380s] INFO:colcon.colcon_core.shell:Creating package script '/home/eea/create3_ws/install/irobot_create_description/share/irobot_create_description/package.zsh'
[0.380s] Level 1:colcon.colcon_core.environment:create_file_with_runtime_dependencies(/home/eea/create3_ws/install/irobot_create_description/share/colcon-core/packages/irobot_create_description)
[0.381s] Level 1:colcon.colcon_core.environment:create_environment_scripts_only(irobot_create_description)
[0.381s] Level 1:colcon.colcon_core.environment:checking '/home/eea/create3_ws/install/irobot_create_description' for CMake module files
[0.382s] Level 1:colcon.colcon_core.environment:checking '/home/eea/create3_ws/install/irobot_create_description' for CMake config files
[0.382s] Level 1:colcon.colcon_core.shell:create_environment_hook('irobot_create_description', 'cmake_prefix_path')
[0.382s] INFO:colcon.colcon_core.shell:Creating environment hook '/home/eea/create3_ws/install/irobot_create_description/share/irobot_create_description/hook/cmake_prefix_path.ps1'
[0.382s] INFO:colcon.colcon_core.shell:Creating environment descriptor '/home/eea/create3_ws/install/irobot_create_description/share/irobot_create_description/hook/cmake_prefix_path.dsv'
[0.383s] INFO:colcon.colcon_core.shell:Creating environment hook '/home/eea/create3_ws/install/irobot_create_description/share/irobot_create_description/hook/cmake_prefix_path.sh'
[0.383s] Level 1:colcon.colcon_core.environment:checking '/home/eea/create3_ws/install/irobot_create_description/bin'
[0.383s] Level 1:colcon.colcon_core.environment:checking '/home/eea/create3_ws/install/irobot_create_description/lib/pkgconfig/irobot_create_description.pc'
[0.384s] Level 1:colcon.colcon_core.environment:checking '/home/eea/create3_ws/install/irobot_create_description/lib/python3.10/site-packages'
[0.384s] Level 1:colcon.colcon_core.environment:checking '/home/eea/create3_ws/install/irobot_create_description/bin'
[0.384s] INFO:colcon.colcon_core.shell:Creating package script '/home/eea/create3_ws/install/irobot_create_description/share/irobot_create_description/package.ps1'
[0.384s] INFO:colcon.colcon_core.shell:Creating package descriptor '/home/eea/create3_ws/install/irobot_create_description/share/irobot_create_description/package.dsv'
[0.385s] INFO:colcon.colcon_core.shell:Creating package script '/home/eea/create3_ws/install/irobot_create_description/share/irobot_create_description/package.sh'
[0.385s] INFO:colcon.colcon_core.shell:Creating package script '/home/eea/create3_ws/install/irobot_create_description/share/irobot_create_description/package.bash'
[0.386s] INFO:colcon.colcon_core.shell:Creating package script '/home/eea/create3_ws/install/irobot_create_description/share/irobot_create_description/package.zsh'
[0.386s] Level 1:colcon.colcon_core.environment:create_file_with_runtime_dependencies(/home/eea/create3_ws/install/irobot_create_description/share/colcon-core/packages/irobot_create_description)
[0.388s] DEBUG:colcon.colcon_core.event_handler.log_command:Invoked command in '/home/eea/create3_ws/build/irobot_create_toolbox' returned '0': /usr/bin/cmake --build /home/eea/create3_ws/build/irobot_create_toolbox -- -j8 -l8
[0.389s] DEBUG:colcon.colcon_core.event_handler.log_command:Invoking command in '/home/eea/create3_ws/build/irobot_create_toolbox': /usr/bin/cmake --install /home/eea/create3_ws/build/irobot_create_toolbox
[0.417s] Level 1:colcon.colcon_core.environment:create_environment_scripts_only(irobot_create_toolbox)
[0.418s] Level 1:colcon.colcon_core.environment:checking '/home/eea/create3_ws/install/irobot_create_toolbox' for CMake module files
[0.418s] DEBUG:colcon.colcon_core.event_handler.log_command:Invoked command in '/home/eea/create3_ws/build/irobot_create_toolbox' returned '0': /usr/bin/cmake --install /home/eea/create3_ws/build/irobot_create_toolbox
[0.419s] Level 1:colcon.colcon_core.environment:checking '/home/eea/create3_ws/install/irobot_create_toolbox' for CMake config files
[0.419s] Level 1:colcon.colcon_core.shell:create_environment_hook('irobot_create_toolbox', 'cmake_prefix_path')
[0.419s] INFO:colcon.colcon_core.shell:Creating environment hook '/home/eea/create3_ws/install/irobot_create_toolbox/share/irobot_create_toolbox/hook/cmake_prefix_path.ps1'
[0.420s] INFO:colcon.colcon_core.shell:Creating environment descriptor '/home/eea/create3_ws/install/irobot_create_toolbox/share/irobot_create_toolbox/hook/cmake_prefix_path.dsv'
[0.420s] INFO:colcon.colcon_core.shell:Creating environment hook '/home/eea/create3_ws/install/irobot_create_toolbox/share/irobot_create_toolbox/hook/cmake_prefix_path.sh'
[0.421s] Level 1:colcon.colcon_core.environment:checking '/home/eea/create3_ws/install/irobot_create_toolbox/lib'
[0.421s] Level 1:colcon.colcon_core.shell:create_environment_hook('irobot_create_toolbox', 'ld_library_path_lib')
[0.421s] INFO:colcon.colcon_core.shell:Creating environment hook '/home/eea/create3_ws/install/irobot_create_toolbox/share/irobot_create_toolbox/hook/ld_library_path_lib.ps1'
[0.422s] INFO:colcon.colcon_core.shell:Creating environment descriptor '/home/eea/create3_ws/install/irobot_create_toolbox/share/irobot_create_toolbox/hook/ld_library_path_lib.dsv'
[0.422s] INFO:colcon.colcon_core.shell:Creating environment hook '/home/eea/create3_ws/install/irobot_create_toolbox/share/irobot_create_toolbox/hook/ld_library_path_lib.sh'
[0.422s] Level 1:colcon.colcon_core.environment:checking '/home/eea/create3_ws/install/irobot_create_toolbox/bin'
[0.422s] Level 1:colcon.colcon_core.environment:checking '/home/eea/create3_ws/install/irobot_create_toolbox/lib/pkgconfig/irobot_create_toolbox.pc'
[0.423s] Level 1:colcon.colcon_core.environment:checking '/home/eea/create3_ws/install/irobot_create_toolbox/lib/python3.10/site-packages'
[0.423s] Level 1:colcon.colcon_core.environment:checking '/home/eea/create3_ws/install/irobot_create_toolbox/bin'
[0.423s] INFO:colcon.colcon_core.shell:Creating package script '/home/eea/create3_ws/install/irobot_create_toolbox/share/irobot_create_toolbox/package.ps1'
[0.424s] INFO:colcon.colcon_core.shell:Creating package descriptor '/home/eea/create3_ws/install/irobot_create_toolbox/share/irobot_create_toolbox/package.dsv'
[0.424s] INFO:colcon.colcon_core.shell:Creating package script '/home/eea/create3_ws/install/irobot_create_toolbox/share/irobot_create_toolbox/package.sh'
[0.424s] INFO:colcon.colcon_core.shell:Creating package script '/home/eea/create3_ws/install/irobot_create_toolbox/share/irobot_create_toolbox/package.bash'
[0.425s] INFO:colcon.colcon_core.shell:Creating package script '/home/eea/create3_ws/install/irobot_create_toolbox/share/irobot_create_toolbox/package.zsh'
[0.425s] Level 1:colcon.colcon_core.environment:create_file_with_runtime_dependencies(/home/eea/create3_ws/install/irobot_create_toolbox/share/colcon-core/packages/irobot_create_toolbox)
[0.428s] Level 1:colcon.colcon_core.environment:create_environment_scripts_only(irobot_create_toolbox)
[0.428s] Level 1:colcon.colcon_core.environment:checking '/home/eea/create3_ws/install/irobot_create_toolbox' for CMake module files
[0.428s] Level 1:colcon.colcon_core.environment:checking '/home/eea/create3_ws/install/irobot_create_toolbox' for CMake config files
[0.428s] Level 1:colcon.colcon_core.shell:create_environment_hook('irobot_create_toolbox', 'cmake_prefix_path')
[0.429s] INFO:colcon.colcon_core.shell:Creating environment hook '/home/eea/create3_ws/install/irobot_create_toolbox/share/irobot_create_toolbox/hook/cmake_prefix_path.ps1'
[0.429s] INFO:colcon.colcon_core.shell:Creating environment descriptor '/home/eea/create3_ws/install/irobot_create_toolbox/share/irobot_create_toolbox/hook/cmake_prefix_path.dsv'
[0.429s] INFO:colcon.colcon_core.shell:Creating environment hook '/home/eea/create3_ws/install/irobot_create_toolbox/share/irobot_create_toolbox/hook/cmake_prefix_path.sh'
[0.430s] Level 1:colcon.colcon_core.environment:checking '/home/eea/create3_ws/install/irobot_create_toolbox/lib'
[0.430s] Level 1:colcon.colcon_core.shell:create_environment_hook('irobot_create_toolbox', 'ld_library_path_lib')
[0.430s] INFO:colcon.colcon_core.shell:Creating environment hook '/home/eea/create3_ws/install/irobot_create_toolbox/share/irobot_create_toolbox/hook/ld_library_path_lib.ps1'
[0.430s] INFO:colcon.colcon_core.shell:Creating environment descriptor '/home/eea/create3_ws/install/irobot_create_toolbox/share/irobot_create_toolbox/hook/ld_library_path_lib.dsv'
[0.431s] INFO:colcon.colcon_core.shell:Creating environment hook '/home/eea/create3_ws/install/irobot_create_toolbox/share/irobot_create_toolbox/hook/ld_library_path_lib.sh'
[0.431s] Level 1:colcon.colcon_core.environment:checking '/home/eea/create3_ws/install/irobot_create_toolbox/bin'
[0.431s] Level 1:colcon.colcon_core.environment:checking '/home/eea/create3_ws/install/irobot_create_toolbox/lib/pkgconfig/irobot_create_toolbox.pc'
[0.431s] Level 1:colcon.colcon_core.environment:checking '/home/eea/create3_ws/install/irobot_create_toolbox/lib/python3.10/site-packages'
[0.432s] Level 1:colcon.colcon_core.environment:checking '/home/eea/create3_ws/install/irobot_create_toolbox/bin'
[0.432s] INFO:colcon.colcon_core.shell:Creating package script '/home/eea/create3_ws/install/irobot_create_toolbox/share/irobot_create_toolbox/package.ps1'
[0.432s] INFO:colcon.colcon_core.shell:Creating package descriptor '/home/eea/create3_ws/install/irobot_create_toolbox/share/irobot_create_toolbox/package.dsv'
[0.433s] INFO:colcon.colcon_core.shell:Creating package script '/home/eea/create3_ws/install/irobot_create_toolbox/share/irobot_create_toolbox/package.sh'
[0.433s] INFO:colcon.colcon_core.shell:Creating package script '/home/eea/create3_ws/install/irobot_create_toolbox/share/irobot_create_toolbox/package.bash'
[0.434s] INFO:colcon.colcon_core.shell:Creating package script '/home/eea/create3_ws/install/irobot_create_toolbox/share/irobot_create_toolbox/package.zsh'
[0.434s] Level 1:colcon.colcon_core.environment:create_file_with_runtime_dependencies(/home/eea/create3_ws/install/irobot_create_toolbox/share/colcon-core/packages/irobot_create_toolbox)
[0.434s] INFO:colcon.colcon_ros.task.ament_cmake.build:Building ROS package in '/home/eea/create3_ws/src/create3_sim/irobot_create_common/irobot_create_nodes' with build type 'ament_cmake'
[0.435s] INFO:colcon.colcon_cmake.task.cmake.build:Building CMake package in '/home/eea/create3_ws/src/create3_sim/irobot_create_common/irobot_create_nodes'
[0.435s] INFO:colcon.colcon_core.shell:Skip shell extension 'powershell' for command environment: Not usable outside of PowerShell
[0.435s] DEBUG:colcon.colcon_core.shell:Skip shell extension 'dsv' for command environment
[0.436s] INFO:colcon.colcon_ros.task.ament_cmake.build:Building ROS package in '/home/eea/create3_ws/src/create3_sim/irobot_create_gazebo/irobot_create_gazebo_plugins' with build type 'ament_cmake'
[0.436s] INFO:colcon.colcon_cmake.task.cmake.build:Building CMake package in '/home/eea/create3_ws/src/create3_sim/irobot_create_gazebo/irobot_create_gazebo_plugins'
[0.437s] INFO:colcon.colcon_core.shell:Skip shell extension 'powershell' for command environment: Not usable outside of PowerShell
[0.437s] DEBUG:colcon.colcon_core.shell:Skip shell extension 'dsv' for command environment
[0.437s] INFO:colcon.colcon_ros.task.ament_cmake.build:Building ROS package in '/home/eea/create3_ws/src/create3_sim/irobot_create_ignition/irobot_create_ignition_toolbox' with build type 'ament_cmake'
[0.438s] INFO:colcon.colcon_cmake.task.cmake.build:Building CMake package in '/home/eea/create3_ws/src/create3_sim/irobot_create_ignition/irobot_create_ignition_toolbox'
[0.438s] INFO:colcon.colcon_core.shell:Skip shell extension 'powershell' for command environment: Not usable outside of PowerShell
[0.438s] DEBUG:colcon.colcon_core.shell:Skip shell extension 'dsv' for command environment
[0.447s] DEBUG:colcon.colcon_core.event_handler.log_command:Invoking command in '/home/eea/create3_ws/build/irobot_create_gazebo_plugins': AMENT_PREFIX_PATH=/home/eea/create3_ws/install/irobot_create_toolbox CMAKE_PREFIX_PATH=/home/eea/create3_ws/install/irobot_create_toolbox LD_LIBRARY_PATH=/home/eea/create3_ws/install/irobot_create_toolbox/lib /usr/bin/cmake --build /home/eea/create3_ws/build/irobot_create_gazebo_plugins -- -j8 -l8
[0.450s] DEBUG:colcon.colcon_core.event_handler.log_command:Invoking command in '/home/eea/create3_ws/build/irobot_create_nodes': AMENT_PREFIX_PATH=/home/eea/create3_ws/install/irobot_create_toolbox CMAKE_PREFIX_PATH=/home/eea/create3_ws/install/irobot_create_toolbox LD_LIBRARY_PATH=/home/eea/create3_ws/install/irobot_create_toolbox/lib /usr/bin/cmake --build /home/eea/create3_ws/build/irobot_create_nodes -- -j8 -l8
[0.453s] DEBUG:colcon.colcon_core.event_handler.log_command:Invoking command in '/home/eea/create3_ws/build/irobot_create_ignition_toolbox': AMENT_PREFIX_PATH=/home/eea/create3_ws/install/irobot_create_toolbox CMAKE_PREFIX_PATH=/home/eea/create3_ws/install/irobot_create_toolbox LD_LIBRARY_PATH=/home/eea/create3_ws/install/irobot_create_toolbox/lib /usr/bin/cmake --build /home/eea/create3_ws/build/irobot_create_ignition_toolbox -- -j8 -l8
