[0.020s] Invoking command in '/home/eea/create3_ws/build/irobot_create_gazebo_plugins': AMENT_PREFIX_PATH=/home/eea/create3_ws/install/irobot_create_toolbox:${AMENT_PREFIX_PATH} CMAKE_PREFIX_PATH=/home/eea/create3_ws/install/irobot_create_toolbox:/opt/ros/humble LD_LIBRARY_PATH=/home/eea/create3_ws/install/irobot_create_toolbox/lib:${LD_LIBRARY_PATH} /usr/bin/cmake /home/eea/create3_ws/src/create3_sim/irobot_create_gazebo/irobot_create_gazebo_plugins -DCMAKE_INSTALL_PREFIX=/home/eea/create3_ws/install/irobot_create_gazebo_plugins
[0.034s] -- Found ament_cmake: 1.3.10 (/opt/ros/humble/share/ament_cmake/cmake)
[0.154s] -- Override CMake install command with custom implementation using symlinks instead of copying resources
[0.165s] -- Found geometry_msgs: 4.2.4 (/opt/ros/humble/share/geometry_msgs/cmake)
[0.188s] -- Found rosidl_generator_c: 3.1.5 (/opt/ros/humble/share/rosidl_generator_c/cmake)
[0.190s] -- Found rosidl_adapter: 3.1.5 (/opt/ros/humble/share/rosidl_adapter/cmake)
[0.196s] -- Found rosidl_generator_cpp: 3.1.5 (/opt/ros/humble/share/rosidl_generator_cpp/cmake)
[0.206s] -- Using all available rosidl_typesupport_c: rosidl_typesupport_fastrtps_c;rosidl_typesupport_introspection_c
[0.218s] -- Using all available rosidl_typesupport_cpp: rosidl_typesupport_fastrtps_cpp;rosidl_typesupport_introspection_cpp
[0.258s] -- Found irobot_create_msgs: 2.1.0 (/opt/ros/humble/share/irobot_create_msgs/cmake)
[0.317s] -- Found irobot_create_toolbox: 2.1.0 (/home/eea/create3_ws/install/irobot_create_toolbox/share/irobot_create_toolbox/cmake)
[0.349s] -- Found rmw_implementation_cmake: 6.1.2 (/opt/ros/humble/share/rmw_implementation_cmake/cmake)
[0.351s] -- Found rmw_fastrtps_cpp: 6.2.7 (/opt/ros/humble/share/rmw_fastrtps_cpp/cmake)
[0.469s] -- Using RMW implementation 'rmw_fastrtps_cpp' as default
[0.532s] -- Found sensor_msgs: 4.2.4 (/opt/ros/humble/share/sensor_msgs/cmake)
[0.606s] -- Found DART: /usr/include (Required is at least version "6.6") found components: dart 
[0.640s] -- Found Protobuf: /usr/lib/x86_64-linux-gnu/libprotobuf.so (found version "3.12.4") 
[0.642s] -- Looking for ignition-math6 -- found version 6.15.1
[0.644s] -- Looking for OGRE...
[0.650s] -- Found Ogre Ghadamon (1.9.0)
[0.650s] -- Found OGRE: optimized;/usr/lib/x86_64-linux-gnu/libOgreMain.so;debug;/usr/lib/x86_64-linux-gnu/libOgreMain.so
[0.660s] -- Looking for OGRE_Paging...
[0.660s] -- Found OGRE_Paging: optimized;/usr/lib/x86_64-linux-gnu/libOgrePaging.so;debug;/usr/lib/x86_64-linux-gnu/libOgrePaging.so
[0.660s] -- Looking for OGRE_Terrain...
[0.661s] -- Found OGRE_Terrain: optimized;/usr/lib/x86_64-linux-gnu/libOgreTerrain.so;debug;/usr/lib/x86_64-linux-gnu/libOgreTerrain.so
[0.661s] -- Looking for OGRE_Property...
[0.661s] -- Found OGRE_Property: optimized;/usr/lib/x86_64-linux-gnu/libOgreProperty.so;debug;/usr/lib/x86_64-linux-gnu/libOgreProperty.so
[0.661s] -- Looking for OGRE_RTShaderSystem...
[0.661s] -- Found OGRE_RTShaderSystem: optimized;/usr/lib/x86_64-linux-gnu/libOgreRTShaderSystem.so;debug;/usr/lib/x86_64-linux-gnu/libOgreRTShaderSystem.so
[0.661s] -- Looking for OGRE_Volume...
[0.661s] -- Found OGRE_Volume: optimized;/usr/lib/x86_64-linux-gnu/libOgreVolume.so;debug;/usr/lib/x86_64-linux-gnu/libOgreVolume.so
[0.661s] -- Looking for OGRE_Overlay...
[0.661s] -- Found OGRE_Overlay: optimized;/usr/lib/x86_64-linux-gnu/libOgreOverlay.so;debug;/usr/lib/x86_64-linux-gnu/libOgreOverlay.so
[0.772s] -- Looking for ignition-math6 -- found version 6.15.1
[0.773s] -- Looking for ignition-transport8 -- found version 8.2.1
[0.773s] -- Searching for dependencies of ignition-transport8
[0.789s] -- Found Protobuf: /usr/lib/x86_64-linux-gnu/libprotobuf.so (found suitable version "3.12.4", minimum required is "3") 
[0.799s] -- Config-file not installed for ZeroMQ -- checking for pkg-config
[0.803s] -- Checking for module 'libzmq >= 4'
[0.814s] --   Found libzmq , version 4.3.4
[0.853s] -- Checking for module 'uuid'
[0.866s] --   Found uuid, version 2.37.2
[0.896s] -- Looking for ignition-msgs5 -- found version 5.8.1
[0.896s] -- Searching for dependencies of ignition-msgs5
[0.914s] -- Looking for ignition-math6 -- found version 6.15.1
[0.919s] -- Checking for module 'tinyxml2'
[0.933s] --   Found tinyxml2, version 9.0.0
[0.970s] -- Looking for ignition-msgs5 -- found version 5.8.1
[0.971s] -- Looking for ignition-common3 -- found version 3.14.0
[0.972s] -- Searching for dependencies of ignition-common3
[0.972s] -- Looking for dlfcn.h - found
[0.972s] -- Looking for libdl - found
[0.990s] -- Searching for <ignition-common3> component [graphics]
[0.991s] -- Looking for ignition-common3-graphics -- found version 3.14.0
[0.992s] -- Searching for dependencies of ignition-common3-graphics
[0.993s] -- Looking for ignition-math6 -- found version 6.15.1
[0.996s] -- Looking for ignition-fuel_tools4 -- found version 4.4.0
[0.996s] -- Searching for dependencies of ignition-fuel_tools4
[1.045s] -- Checking for module 'jsoncpp'
[1.060s] --   Found jsoncpp, version 1.9.5
[1.123s] -- Checking for module 'libzip'
[1.138s] --   Found libzip, version 1.7.3
[1.180s] -- Looking for ignition-common3 -- found version 3.14.0
[1.181s] -- Looking for ignition-math6 -- found version 6.15.1
[1.182s] -- Looking for ignition-msgs5 -- found version 5.8.1
[1.190s] -- Gazebo version: 11.10
[1.318s] -- Found ament_lint_auto: 0.12.11 (/opt/ros/humble/share/ament_lint_auto/cmake)
[1.555s] -- Added test 'cppcheck' to perform static code analysis on C / C++ code
[1.567s] -- Configured cppcheck include dirs: /home/eea/create3_ws/src/create3_sim/irobot_create_gazebo/irobot_create_gazebo_plugins/include
[1.568s] -- Configured cppcheck exclude dirs and/or files: 
[1.572s] -- Added test 'cpplint' to check C / C++ code against the Google style
[1.572s] -- Configured cpplint exclude dirs and/or files: 
[1.580s] -- Added test 'lint_cmake' to check CMake code style
[1.582s] -- Added test 'uncrustify' to check C / C++ code style
[1.582s] -- Configured uncrustify additional arguments: 
[1.592s] -- Added test 'xmllint' to check XML markup files
[1.602s] -- Configuring done
[2.539s] -- Generating done
[2.736s] -- Build files have been written to: /home/eea/create3_ws/build/irobot_create_gazebo_plugins
[2.840s] Invoked command in '/home/eea/create3_ws/build/irobot_create_gazebo_plugins' returned '0': AMENT_PREFIX_PATH=/home/eea/create3_ws/install/irobot_create_toolbox:${AMENT_PREFIX_PATH} CMAKE_PREFIX_PATH=/home/eea/create3_ws/install/irobot_create_toolbox:/opt/ros/humble LD_LIBRARY_PATH=/home/eea/create3_ws/install/irobot_create_toolbox/lib:${LD_LIBRARY_PATH} /usr/bin/cmake /home/eea/create3_ws/src/create3_sim/irobot_create_gazebo/irobot_create_gazebo_plugins -DCMAKE_INSTALL_PREFIX=/home/eea/create3_ws/install/irobot_create_gazebo_plugins
[2.842s] Invoking command in '/home/eea/create3_ws/build/irobot_create_gazebo_plugins': AMENT_PREFIX_PATH=/home/eea/create3_ws/install/irobot_create_toolbox:${AMENT_PREFIX_PATH} CMAKE_PREFIX_PATH=/home/eea/create3_ws/install/irobot_create_toolbox:/opt/ros/humble LD_LIBRARY_PATH=/home/eea/create3_ws/install/irobot_create_toolbox/lib:${LD_LIBRARY_PATH} /usr/bin/cmake --build /home/eea/create3_ws/build/irobot_create_gazebo_plugins -- -j8 -l8
[3.020s] [  5%] [32mBuilding CXX object CMakeFiles/gazebo_ros_create_helpers.dir/src/gazebo_ros_helpers.cpp.o[0m
