[0.016s] Invoking command in '/home/eea/create3_ws/build/irobot_create_gazebo_plugins': AMENT_PREFIX_PATH=/home/eea/create3_ws/install/irobot_create_toolbox:${AMENT_PREFIX_PATH} CMAKE_PREFIX_PATH=/home/eea/create3_ws/install/irobot_create_toolbox:/opt/ros/humble LD_LIBRARY_PATH=/home/eea/create3_ws/install/irobot_create_toolbox/lib:${LD_LIBRARY_PATH} /usr/bin/cmake /home/eea/create3_ws/src/create3_sim/irobot_create_gazebo/irobot_create_gazebo_plugins -DCMAKE_INSTALL_PREFIX=/home/eea/create3_ws/install/irobot_create_gazebo_plugins
[0.029s] -- Found ament_cmake: 1.3.10 (/opt/ros/humble/share/ament_cmake/cmake)
[0.143s] -- Override CMake install command with custom implementation using symlinks instead of copying resources
[0.150s] -- Found geometry_msgs: 4.2.4 (/opt/ros/humble/share/geometry_msgs/cmake)
[0.173s] -- Found rosidl_generator_c: 3.1.5 (/opt/ros/humble/share/rosidl_generator_c/cmake)
[0.175s] -- Found rosidl_adapter: 3.1.5 (/opt/ros/humble/share/rosidl_adapter/cmake)
[0.181s] -- Found rosidl_generator_cpp: 3.1.5 (/opt/ros/humble/share/rosidl_generator_cpp/cmake)
[0.190s] -- Using all available rosidl_typesupport_c: rosidl_typesupport_fastrtps_c;rosidl_typesupport_introspection_c
[0.202s] -- Using all available rosidl_typesupport_cpp: rosidl_typesupport_fastrtps_cpp;rosidl_typesupport_introspection_cpp
[0.237s] -- Found irobot_create_msgs: 2.1.0 (/opt/ros/humble/share/irobot_create_msgs/cmake)
[0.280s] -- Found irobot_create_toolbox: 2.1.0 (/home/eea/create3_ws/install/irobot_create_toolbox/share/irobot_create_toolbox/cmake)
[0.312s] -- Found rmw_implementation_cmake: 6.1.2 (/opt/ros/humble/share/rmw_implementation_cmake/cmake)
[0.313s] -- Found rmw_fastrtps_cpp: 6.2.7 (/opt/ros/humble/share/rmw_fastrtps_cpp/cmake)
[0.406s] -- Using RMW implementation 'rmw_fastrtps_cpp' as default
[0.454s] -- Found sensor_msgs: 4.2.4 (/opt/ros/humble/share/sensor_msgs/cmake)
[0.522s] -- Found DART: /usr/include (Required is at least version "6.6") found components: dart 
[0.554s] -- Found Protobuf: /usr/lib/x86_64-linux-gnu/libprotobuf.so (found version "3.12.4") 
[0.555s] -- Looking for ignition-math6 -- found version 6.15.1
[0.556s] -- Looking for OGRE...
[0.561s] -- Found Ogre Ghadamon (1.9.0)
[0.561s] -- Found OGRE: optimized;/usr/lib/x86_64-linux-gnu/libOgreMain.so;debug;/usr/lib/x86_64-linux-gnu/libOgreMain.so
[0.570s] -- Looking for OGRE_Paging...
[0.570s] -- Found OGRE_Paging: optimized;/usr/lib/x86_64-linux-gnu/libOgrePaging.so;debug;/usr/lib/x86_64-linux-gnu/libOgrePaging.so
[0.570s] -- Looking for OGRE_Terrain...
[0.571s] -- Found OGRE_Terrain: optimized;/usr/lib/x86_64-linux-gnu/libOgreTerrain.so;debug;/usr/lib/x86_64-linux-gnu/libOgreTerrain.so
[0.571s] -- Looking for OGRE_Property...
[0.571s] -- Found OGRE_Property: optimized;/usr/lib/x86_64-linux-gnu/libOgreProperty.so;debug;/usr/lib/x86_64-linux-gnu/libOgreProperty.so
[0.571s] -- Looking for OGRE_RTShaderSystem...
[0.571s] -- Found OGRE_RTShaderSystem: optimized;/usr/lib/x86_64-linux-gnu/libOgreRTShaderSystem.so;debug;/usr/lib/x86_64-linux-gnu/libOgreRTShaderSystem.so
[0.571s] -- Looking for OGRE_Volume...
[0.571s] -- Found OGRE_Volume: optimized;/usr/lib/x86_64-linux-gnu/libOgreVolume.so;debug;/usr/lib/x86_64-linux-gnu/libOgreVolume.so
[0.571s] -- Looking for OGRE_Overlay...
[0.571s] -- Found OGRE_Overlay: optimized;/usr/lib/x86_64-linux-gnu/libOgreOverlay.so;debug;/usr/lib/x86_64-linux-gnu/libOgreOverlay.so
[0.678s] -- Looking for ignition-math6 -- found version 6.15.1
[0.679s] -- Looking for ignition-transport8 -- found version 8.2.1
[0.679s] -- Searching for dependencies of ignition-transport8
[0.695s] -- Found Protobuf: /usr/lib/x86_64-linux-gnu/libprotobuf.so (found suitable version "3.12.4", minimum required is "3") 
[0.705s] -- Config-file not installed for ZeroMQ -- checking for pkg-config
[0.709s] -- Checking for module 'libzmq >= 4'
[0.721s] --   Found libzmq , version 4.3.4
[0.756s] -- Checking for module 'uuid'
[0.767s] --   Found uuid, version 2.37.2
[0.793s] -- Looking for ignition-msgs5 -- found version 5.8.1
[0.794s] -- Searching for dependencies of ignition-msgs5
[0.812s] -- Looking for ignition-math6 -- found version 6.15.1
[0.817s] -- Checking for module 'tinyxml2'
[0.828s] --   Found tinyxml2, version 9.0.0
[0.855s] -- Looking for ignition-msgs5 -- found version 5.8.1
[0.856s] -- Looking for ignition-common3 -- found version 3.14.0
[0.856s] -- Searching for dependencies of ignition-common3
[0.858s] -- Looking for dlfcn.h - found
[0.858s] -- Looking for libdl - found
[0.869s] -- Searching for <ignition-common3> component [graphics]
[0.869s] -- Looking for ignition-common3-graphics -- found version 3.14.0
[0.870s] -- Searching for dependencies of ignition-common3-graphics
[0.870s] -- Looking for ignition-math6 -- found version 6.15.1
[0.871s] -- Looking for ignition-fuel_tools4 -- found version 4.4.0
[0.872s] -- Searching for dependencies of ignition-fuel_tools4
[0.916s] -- Checking for module 'jsoncpp'
[0.930s] --   Found jsoncpp, version 1.9.5
[0.969s] -- Checking for module 'libzip'
[0.981s] --   Found libzip, version 1.7.3
[1.030s] -- Looking for ignition-common3 -- found version 3.14.0
[1.030s] -- Looking for ignition-math6 -- found version 6.15.1
[1.030s] -- Looking for ignition-msgs5 -- found version 5.8.1
[1.030s] -- Gazebo version: 11.10
[1.110s] -- Found ament_lint_auto: 0.12.11 (/opt/ros/humble/share/ament_lint_auto/cmake)
[1.182s] -- Added test 'cppcheck' to perform static code analysis on C / C++ code
[1.182s] -- Configured cppcheck include dirs: /home/eea/create3_ws/src/create3_sim/irobot_create_gazebo/irobot_create_gazebo_plugins/include
[1.182s] -- Configured cppcheck exclude dirs and/or files: 
[1.183s] -- Added test 'cpplint' to check C / C++ code against the Google style
[1.183s] -- Configured cpplint exclude dirs and/or files: 
[1.184s] -- Added test 'lint_cmake' to check CMake code style
[1.185s] -- Added test 'uncrustify' to check C / C++ code style
[1.185s] -- Configured uncrustify additional arguments: 
[1.186s] -- Added test 'xmllint' to check XML markup files
[1.187s] -- Configuring done
[1.396s] -- Generating done
[1.422s] -- Build files have been written to: /home/eea/create3_ws/build/irobot_create_gazebo_plugins
[1.435s] Invoked command in '/home/eea/create3_ws/build/irobot_create_gazebo_plugins' returned '0': AMENT_PREFIX_PATH=/home/eea/create3_ws/install/irobot_create_toolbox:${AMENT_PREFIX_PATH} CMAKE_PREFIX_PATH=/home/eea/create3_ws/install/irobot_create_toolbox:/opt/ros/humble LD_LIBRARY_PATH=/home/eea/create3_ws/install/irobot_create_toolbox/lib:${LD_LIBRARY_PATH} /usr/bin/cmake /home/eea/create3_ws/src/create3_sim/irobot_create_gazebo/irobot_create_gazebo_plugins -DCMAKE_INSTALL_PREFIX=/home/eea/create3_ws/install/irobot_create_gazebo_plugins
[1.437s] Invoking command in '/home/eea/create3_ws/build/irobot_create_gazebo_plugins': AMENT_PREFIX_PATH=/home/eea/create3_ws/install/irobot_create_toolbox:${AMENT_PREFIX_PATH} CMAKE_PREFIX_PATH=/home/eea/create3_ws/install/irobot_create_toolbox:/opt/ros/humble LD_LIBRARY_PATH=/home/eea/create3_ws/install/irobot_create_toolbox/lib:${LD_LIBRARY_PATH} /usr/bin/cmake --build /home/eea/create3_ws/build/irobot_create_gazebo_plugins -- -j8 -l8
[1.478s] [35m[1mConsolidate compiler generated dependencies of target gazebo_ros_create_helpers[0m
[1.500s] [  5%] Built target gazebo_ros_create_helpers
[1.522s] [35m[1mConsolidate compiler generated dependencies of target gazebo_ros_create_ir_intensity_sensor[0m
[1.522s] [35m[1mConsolidate compiler generated dependencies of target gazebo_ros_create_imu[0m
[1.522s] [35m[1mConsolidate compiler generated dependencies of target gazebo_ros_create_docking_status[0m
[1.522s] [35m[1mConsolidate compiler generated dependencies of target gazebo_ros_create_optical_mouse[0m
[1.522s] [35m[1mConsolidate compiler generated dependencies of target gazebo_ros_create_wheel_drop[0m
[1.522s] [35m[1mConsolidate compiler generated dependencies of target gazebo_ros_create_bumper[0m
[1.522s] [35m[1mConsolidate compiler generated dependencies of target gazebo_ros_create_cliff_sensor[0m
[1.522s] [35m[1mConsolidate compiler generated dependencies of target docking_manager[0m
[1.559s] [  5%] Built target gazebo_ros_create_optical_mouse
[1.559s] [  5%] Built target gazebo_ros_create_ir_intensity_sensor
[1.561s] [  5%] Built target gazebo_ros_create_docking_status
[1.561s] [  5%] Built target gazebo_ros_create_wheel_drop
[1.563s] [  5%] Built target gazebo_ros_create_imu
[1.564s] [  5%] Built target docking_manager
[1.568s] [  5%] Built target gazebo_ros_create_bumper
[1.571s] [  5%] Built target gazebo_ros_create_cliff_sensor
[1.575s] [35m[1mConsolidate compiler generated dependencies of target gazebo_ros_create_ir_opcode[0m
[1.602s] [  5%] Built target gazebo_ros_create_ir_opcode
