[0.018s] Invoking command in '/home/eea/create3_ws/build/irobot_create_toolbox': CMAKE_PREFIX_PATH=/opt/ros/humble /usr/bin/cmake /home/eea/create3_ws/src/create3_sim/irobot_create_common/irobot_create_toolbox -DCMAKE_INSTALL_PREFIX=/home/eea/create3_ws/install/irobot_create_toolbox
[0.030s] -- Found ament_cmake: 1.3.10 (/opt/ros/humble/share/ament_cmake/cmake)
[0.149s] -- Override CMake install command with custom implementation using symlinks instead of copying resources
[0.156s] -- Looking for ignition-math6 -- found version 6.15.1
[0.160s] -- Searching for dependencies of ignition-math6
[0.160s] -- Found rclcpp: 16.0.10 (/opt/ros/humble/share/rclcpp/cmake)
[0.187s] -- Found rosidl_generator_c: 3.1.5 (/opt/ros/humble/share/rosidl_generator_c/cmake)
[0.189s] -- Found rosidl_adapter: 3.1.5 (/opt/ros/humble/share/rosidl_adapter/cmake)
[0.195s] -- Found rosidl_generator_cpp: 3.1.5 (/opt/ros/humble/share/rosidl_generator_cpp/cmake)
[0.204s] -- Using all available rosidl_typesupport_c: rosidl_typesupport_fastrtps_c;rosidl_typesupport_introspection_c
[0.218s] -- Using all available rosidl_typesupport_cpp: rosidl_typesupport_fastrtps_cpp;rosidl_typesupport_introspection_cpp
[0.252s] -- Found rmw_implementation_cmake: 6.1.2 (/opt/ros/humble/share/rmw_implementation_cmake/cmake)
[0.253s] -- Found rmw_fastrtps_cpp: 6.2.7 (/opt/ros/humble/share/rmw_fastrtps_cpp/cmake)
[0.372s] -- Using RMW implementation 'rmw_fastrtps_cpp' as default
[0.442s] -- Found ament_lint_auto: 0.12.11 (/opt/ros/humble/share/ament_lint_auto/cmake)
[0.509s] -- Added test 'cppcheck' to perform static code analysis on C / C++ code
[0.510s] -- Configured cppcheck include dirs: /home/eea/create3_ws/src/create3_sim/irobot_create_common/irobot_create_toolbox/include
[0.510s] -- Configured cppcheck exclude dirs and/or files: 
[0.511s] -- Added test 'cpplint' to check C / C++ code against the Google style
[0.511s] -- Configured cpplint exclude dirs and/or files: 
[0.511s] -- Added test 'lint_cmake' to check CMake code style
[0.513s] -- Added test 'uncrustify' to check C / C++ code style
[0.513s] -- Configured uncrustify additional arguments: 
[0.513s] -- Added test 'xmllint' to check XML markup files
[0.515s] -- Configuring done
[0.524s] -- Generating done
[0.528s] -- Build files have been written to: /home/eea/create3_ws/build/irobot_create_toolbox
[0.537s] Invoked command in '/home/eea/create3_ws/build/irobot_create_toolbox' returned '0': CMAKE_PREFIX_PATH=/opt/ros/humble /usr/bin/cmake /home/eea/create3_ws/src/create3_sim/irobot_create_common/irobot_create_toolbox -DCMAKE_INSTALL_PREFIX=/home/eea/create3_ws/install/irobot_create_toolbox
[0.539s] Invoking command in '/home/eea/create3_ws/build/irobot_create_toolbox': CMAKE_PREFIX_PATH=/opt/ros/humble /usr/bin/cmake --build /home/eea/create3_ws/build/irobot_create_toolbox -- -j8 -l8
[0.577s] [35m[1mConsolidate compiler generated dependencies of target irobot_create_toolbox[0m
[0.588s] [100%] Built target irobot_create_toolbox
[0.598s] Invoked command in '/home/eea/create3_ws/build/irobot_create_toolbox' returned '0': CMAKE_PREFIX_PATH=/opt/ros/humble /usr/bin/cmake --build /home/eea/create3_ws/build/irobot_create_toolbox -- -j8 -l8
[0.600s] Invoking command in '/home/eea/create3_ws/build/irobot_create_toolbox': CMAKE_PREFIX_PATH=/opt/ros/humble /usr/bin/cmake --install /home/eea/create3_ws/build/irobot_create_toolbox
[0.607s] -- Install configuration: ""
[0.607s] -- Execute custom install script
[0.607s] -- Up-to-date symlink: /home/eea/create3_ws/install/irobot_create_toolbox/lib/libirobot_create_toolbox.so
[0.608s] -- Up-to-date symlink: /home/eea/create3_ws/install/irobot_create_toolbox/include/irobot_create_toolbox/math.hpp
[0.608s] -- Up-to-date symlink: /home/eea/create3_ws/install/irobot_create_toolbox/include/irobot_create_toolbox/polar_coordinates.hpp
[0.608s] -- Up-to-date symlink: /home/eea/create3_ws/install/irobot_create_toolbox/include/irobot_create_toolbox/sensors/bumpers.hpp
[0.608s] -- Up-to-date symlink: /home/eea/create3_ws/install/irobot_create_toolbox/share/irobot_create_toolbox/environment/library_path.sh
[0.608s] -- Up-to-date symlink: /home/eea/create3_ws/install/irobot_create_toolbox/share/irobot_create_toolbox/environment/library_path.dsv
[0.609s] -- Up-to-date symlink: /home/eea/create3_ws/install/irobot_create_toolbox/share/ament_index/resource_index/package_run_dependencies/irobot_create_toolbox
[0.609s] -- Up-to-date symlink: /home/eea/create3_ws/install/irobot_create_toolbox/share/ament_index/resource_index/parent_prefix_path/irobot_create_toolbox
[0.609s] -- Up-to-date symlink: /home/eea/create3_ws/install/irobot_create_toolbox/share/irobot_create_toolbox/environment/ament_prefix_path.sh
[0.609s] -- Up-to-date symlink: /home/eea/create3_ws/install/irobot_create_toolbox/share/irobot_create_toolbox/environment/ament_prefix_path.dsv
[0.609s] -- Up-to-date symlink: /home/eea/create3_ws/install/irobot_create_toolbox/share/irobot_create_toolbox/environment/path.sh
[0.609s] -- Up-to-date symlink: /home/eea/create3_ws/install/irobot_create_toolbox/share/irobot_create_toolbox/environment/path.dsv
[0.609s] -- Up-to-date symlink: /home/eea/create3_ws/install/irobot_create_toolbox/share/irobot_create_toolbox/local_setup.bash
[0.610s] -- Up-to-date symlink: /home/eea/create3_ws/install/irobot_create_toolbox/share/irobot_create_toolbox/local_setup.sh
[0.610s] -- Up-to-date symlink: /home/eea/create3_ws/install/irobot_create_toolbox/share/irobot_create_toolbox/local_setup.zsh
[0.610s] -- Up-to-date symlink: /home/eea/create3_ws/install/irobot_create_toolbox/share/irobot_create_toolbox/local_setup.dsv
[0.610s] -- Symlinking: /home/eea/create3_ws/install/irobot_create_toolbox/share/irobot_create_toolbox/package.dsv
[0.618s] -- Up-to-date symlink: /home/eea/create3_ws/install/irobot_create_toolbox/share/ament_index/resource_index/packages/irobot_create_toolbox
[0.618s] -- Up-to-date symlink: /home/eea/create3_ws/install/irobot_create_toolbox/share/irobot_create_toolbox/cmake/ament_cmake_export_include_directories-extras.cmake
[0.618s] -- Up-to-date symlink: /home/eea/create3_ws/install/irobot_create_toolbox/share/irobot_create_toolbox/cmake/ament_cmake_export_libraries-extras.cmake
[0.618s] -- Up-to-date symlink: /home/eea/create3_ws/install/irobot_create_toolbox/share/irobot_create_toolbox/cmake/ament_cmake_export_dependencies-extras.cmake
[0.618s] -- Up-to-date symlink: /home/eea/create3_ws/install/irobot_create_toolbox/share/irobot_create_toolbox/cmake/irobot_create_toolboxConfig.cmake
[0.619s] -- Up-to-date symlink: /home/eea/create3_ws/install/irobot_create_toolbox/share/irobot_create_toolbox/cmake/irobot_create_toolboxConfig-version.cmake
[0.619s] -- Up-to-date symlink: /home/eea/create3_ws/install/irobot_create_toolbox/share/irobot_create_toolbox/package.xml
[0.621s] Invoked command in '/home/eea/create3_ws/build/irobot_create_toolbox' returned '0': CMAKE_PREFIX_PATH=/opt/ros/humble /usr/bin/cmake --install /home/eea/create3_ws/build/irobot_create_toolbox
