[0.015s] Invoking command in '/home/eea/create3_ws/build/irobot_create_description': CMAKE_PREFIX_PATH=/opt/ros/humble /usr/bin/cmake /home/eea/create3_ws/src/create3_sim/irobot_create_common/irobot_create_description -DAMENT_CMAKE_SYMLINK_INSTALL=1 -DCMAKE_INSTALL_PREFIX=/home/eea/create3_ws/install/irobot_create_description
[0.025s] -- Found ament_cmake: 1.3.10 (/opt/ros/humble/share/ament_cmake/cmake)
[0.148s] -- Override CMake install command with custom implementation using symlinks instead of copying resources
[0.154s] -- Found ament_lint_auto: 0.12.11 (/opt/ros/humble/share/ament_lint_auto/cmake)
[0.221s] -- Added test 'lint_cmake' to check CMake code style
[0.222s] -- Configuring done
[0.224s] -- Generating done
[0.228s] -- Build files have been written to: /home/eea/create3_ws/build/irobot_create_description
[0.229s] Invoked command in '/home/eea/create3_ws/build/irobot_create_description' returned '0': CMAKE_PREFIX_PATH=/opt/ros/humble /usr/bin/cmake /home/eea/create3_ws/src/create3_sim/irobot_create_common/irobot_create_description -DAMENT_CMAKE_SYMLINK_INSTALL=1 -DCMAKE_INSTALL_PREFIX=/home/eea/create3_ws/install/irobot_create_description
[0.230s] Invoking command in '/home/eea/create3_ws/build/irobot_create_description': CMAKE_PREFIX_PATH=/opt/ros/humble /usr/bin/cmake --build /home/eea/create3_ws/build/irobot_create_description -- -j8 -l8
[0.262s] Invoked command in '/home/eea/create3_ws/build/irobot_create_description' returned '0': CMAKE_PREFIX_PATH=/opt/ros/humble /usr/bin/cmake --build /home/eea/create3_ws/build/irobot_create_description -- -j8 -l8
[0.272s] Invoking command in '/home/eea/create3_ws/build/irobot_create_description': CMAKE_PREFIX_PATH=/opt/ros/humble /usr/bin/cmake --install /home/eea/create3_ws/build/irobot_create_description
[0.279s] -- Install configuration: ""
[0.280s] -- Execute custom install script
[0.280s] -- Up-to-date symlink: /home/eea/create3_ws/install/irobot_create_description/share/irobot_create_description//meshes/body_visual.dae
[0.281s] -- Up-to-date symlink: /home/eea/create3_ws/install/irobot_create_description/share/irobot_create_description//meshes/bumper_collision.dae
[0.281s] -- Up-to-date symlink: /home/eea/create3_ws/install/irobot_create_description/share/irobot_create_description//meshes/bumper_visual.dae
[0.281s] -- Up-to-date symlink: /home/eea/create3_ws/install/irobot_create_description/share/irobot_create_description//meshes/dock/visual.dae
[0.281s] -- Up-to-date symlink: /home/eea/create3_ws/install/irobot_create_description/share/irobot_create_description//urdf/bumper.urdf.xacro
[0.281s] -- Up-to-date symlink: /home/eea/create3_ws/install/irobot_create_description/share/irobot_create_description//urdf/button.urdf.xacro
[0.282s] -- Up-to-date symlink: /home/eea/create3_ws/install/irobot_create_description/share/irobot_create_description//urdf/caster.urdf.xacro
[0.282s] -- Up-to-date symlink: /home/eea/create3_ws/install/irobot_create_description/share/irobot_create_description//urdf/common_properties.urdf.xacro
[0.282s] -- Up-to-date symlink: /home/eea/create3_ws/install/irobot_create_description/share/irobot_create_description//urdf/create3.urdf.xacro
[0.282s] -- Up-to-date symlink: /home/eea/create3_ws/install/irobot_create_description/share/irobot_create_description//urdf/dock/ir_emitter.urdf.xacro
[0.282s] -- Up-to-date symlink: /home/eea/create3_ws/install/irobot_create_description/share/irobot_create_description//urdf/dock/standard_dock.urdf.xacro
[0.282s] -- Up-to-date symlink: /home/eea/create3_ws/install/irobot_create_description/share/irobot_create_description//urdf/sensors/cliff_sensor.urdf.xacro
[0.283s] -- Up-to-date symlink: /home/eea/create3_ws/install/irobot_create_description/share/irobot_create_description//urdf/sensors/imu.urdf.xacro
[0.283s] -- Up-to-date symlink: /home/eea/create3_ws/install/irobot_create_description/share/irobot_create_description//urdf/sensors/ir_intensity.urdf.xacro
[0.283s] -- Up-to-date symlink: /home/eea/create3_ws/install/irobot_create_description/share/irobot_create_description//urdf/sensors/ir_opcode_receivers.urdf.xacro
[0.283s] -- Up-to-date symlink: /home/eea/create3_ws/install/irobot_create_description/share/irobot_create_description//urdf/sensors/optical_mouse.urdf.xacro
[0.283s] -- Up-to-date symlink: /home/eea/create3_ws/install/irobot_create_description/share/irobot_create_description//urdf/wheel.urdf.xacro
[0.283s] -- Up-to-date symlink: /home/eea/create3_ws/install/irobot_create_description/share/irobot_create_description//urdf/wheel_drop.urdf.xacro
[0.283s] -- Up-to-date symlink: /home/eea/create3_ws/install/irobot_create_description/share/irobot_create_description//urdf/wheel_with_wheeldrop.urdf.xacro
[0.283s] -- Up-to-date symlink: /home/eea/create3_ws/install/irobot_create_description/share/ament_index/resource_index/package_run_dependencies/irobot_create_description
[0.283s] -- Up-to-date symlink: /home/eea/create3_ws/install/irobot_create_description/share/ament_index/resource_index/parent_prefix_path/irobot_create_description
[0.284s] -- Up-to-date symlink: /home/eea/create3_ws/install/irobot_create_description/share/irobot_create_description/environment/ament_prefix_path.sh
[0.284s] -- Up-to-date symlink: /home/eea/create3_ws/install/irobot_create_description/share/irobot_create_description/environment/ament_prefix_path.dsv
[0.284s] -- Up-to-date symlink: /home/eea/create3_ws/install/irobot_create_description/share/irobot_create_description/environment/path.sh
[0.284s] -- Up-to-date symlink: /home/eea/create3_ws/install/irobot_create_description/share/irobot_create_description/environment/path.dsv
[0.285s] -- Up-to-date symlink: /home/eea/create3_ws/install/irobot_create_description/share/irobot_create_description/local_setup.bash
[0.285s] -- Up-to-date symlink: /home/eea/create3_ws/install/irobot_create_description/share/irobot_create_description/local_setup.sh
[0.285s] -- Up-to-date symlink: /home/eea/create3_ws/install/irobot_create_description/share/irobot_create_description/local_setup.zsh
[0.285s] -- Up-to-date symlink: /home/eea/create3_ws/install/irobot_create_description/share/irobot_create_description/local_setup.dsv
[0.285s] -- Symlinking: /home/eea/create3_ws/install/irobot_create_description/share/irobot_create_description/package.dsv
[0.293s] -- Up-to-date symlink: /home/eea/create3_ws/install/irobot_create_description/share/ament_index/resource_index/packages/irobot_create_description
[0.293s] -- Up-to-date symlink: /home/eea/create3_ws/install/irobot_create_description/share/irobot_create_description/cmake/irobot_create_descriptionConfig.cmake
[0.294s] -- Up-to-date symlink: /home/eea/create3_ws/install/irobot_create_description/share/irobot_create_description/cmake/irobot_create_descriptionConfig-version.cmake
[0.294s] -- Up-to-date symlink: /home/eea/create3_ws/install/irobot_create_description/share/irobot_create_description/package.xml
[0.296s] Invoked command in '/home/eea/create3_ws/build/irobot_create_description' returned '0': CMAKE_PREFIX_PATH=/opt/ros/humble /usr/bin/cmake --install /home/eea/create3_ws/build/irobot_create_description
